INFO: [v++ 60-1306] Additional information associated with this v++ link can be found at:
	Reports: /home/gabri-bot/Vivado_projects/.workspace/myproject_kernel/vivado_rtl_kernel/myproject_kernel_ex/exports/_x/reports/link
	Log files: /home/gabri-bot/Vivado_projects/.workspace/myproject_kernel/vivado_rtl_kernel/myproject_kernel_ex/exports/_x/logs/link
INFO: [v++ 60-1657] Initializing dispatch client.
INFO: [v++ 60-1548] Creating build summary session with primary output /home/gabri-bot/Vivado_projects/.workspace/myproject_kernel/vivado_rtl_kernel/myproject_kernel_ex/exports/myproject_kernel.xclbin.link_summary, at Mon Dec  6 19:30:45 2021
INFO: [v++ 60-1316] Initiating connection to rulecheck server, at Mon Dec  6 19:30:46 2021
INFO: [v++ 60-1315] Creating rulecheck session with output '/home/gabri-bot/Vivado_projects/.workspace/myproject_kernel/vivado_rtl_kernel/myproject_kernel_ex/exports/_x/reports/link/v++_link_myproject_kernel_guidance.html', at Mon Dec  6 19:30:47 2021
INFO: [v++ 60-895]   Target platform: /opt/xilinx/platforms/xilinx_u50_gen3x16_xdma_201920_3/xilinx_u50_gen3x16_xdma_201920_3.xpfm
INFO: [v++ 60-1578]   This platform contains Xilinx Shell Archive '/opt/xilinx/platforms/xilinx_u50_gen3x16_xdma_201920_3/hw/hw.xsa'
INFO: [v++ 60-629] Linking for hardware target
INFO: [v++ 60-423]   Target device: xilinx_u50_gen3x16_xdma_201920_3
INFO: [v++ 60-1332] Run 'run_link' status: Not started
INFO: [v++ 60-1443] [19:30:49] Run run_link: Step system_link: Started
INFO: [v++ 60-1453] Command Line: system_link --xo /home/gabri-bot/Vivado_projects/.workspace/myproject_kernel/vivado_rtl_kernel/myproject_kernel_ex/exports/myproject_kernel.xo --config /home/gabri-bot/Vivado_projects/.workspace/myproject_kernel/vivado_rtl_kernel/myproject_kernel_ex/exports/_x/link/int/syslinkConfig.ini --xpfm /opt/xilinx/platforms/xilinx_u50_gen3x16_xdma_201920_3/xilinx_u50_gen3x16_xdma_201920_3.xpfm --target hw --output_dir /home/gabri-bot/Vivado_projects/.workspace/myproject_kernel/vivado_rtl_kernel/myproject_kernel_ex/exports/_x/link/int --temp_dir /home/gabri-bot/Vivado_projects/.workspace/myproject_kernel/vivado_rtl_kernel/myproject_kernel_ex/exports/_x/link/sys_link
INFO: [v++ 60-1454] Run Directory: /home/gabri-bot/Vivado_projects/.workspace/myproject_kernel/vivado_rtl_kernel/myproject_kernel_ex/exports/_x/link/run_link
INFO: [SYSTEM_LINK 60-1316] Initiating connection to rulecheck server, at Mon Dec  6 19:30:50 2021
INFO: [SYSTEM_LINK 82-70] Extracting xo v3 file /home/gabri-bot/Vivado_projects/.workspace/myproject_kernel/vivado_rtl_kernel/myproject_kernel_ex/exports/myproject_kernel.xo
INFO: [SYSTEM_LINK 82-53] Creating IP database /home/gabri-bot/Vivado_projects/.workspace/myproject_kernel/vivado_rtl_kernel/myproject_kernel_ex/exports/_x/link/sys_link/_sysl/.cdb/xd_ip_db.xml
INFO: [SYSTEM_LINK 82-38] [19:30:50] build_xd_ip_db started: /tools/Xilinx/Vitis/2020.1/bin/build_xd_ip_db -ip_search 0  -sds-pf /home/gabri-bot/Vivado_projects/.workspace/myproject_kernel/vivado_rtl_kernel/myproject_kernel_ex/exports/_x/link/sys_link/hw.hpfm -clkid 0 -ip /home/gabri-bot/Vivado_projects/.workspace/myproject_kernel/vivado_rtl_kernel/myproject_kernel_ex/exports/_x/link/sys_link/iprepo/fastmachinelearning_kernel_myproject_kernel_1_0,myproject_kernel -o /home/gabri-bot/Vivado_projects/.workspace/myproject_kernel/vivado_rtl_kernel/myproject_kernel_ex/exports/_x/link/sys_link/_sysl/.cdb/xd_ip_db.xml
INFO: [SYSTEM_LINK 82-37] [19:30:52] build_xd_ip_db finished successfully
Time (s): cpu = 00:00:03 ; elapsed = 00:00:02 . Memory (MB): peak = 1432.375 ; gain = 0.000 ; free physical = 29016 ; free virtual = 32622
INFO: [SYSTEM_LINK 82-51] Create system connectivity graph
INFO: [SYSTEM_LINK 82-102] Applying explicit connections to the system connectivity graph: /home/gabri-bot/Vivado_projects/.workspace/myproject_kernel/vivado_rtl_kernel/myproject_kernel_ex/exports/_x/link/sys_link/cfgraph/cfgen_cfgraph.xml
INFO: [SYSTEM_LINK 82-38] [19:30:52] cfgen started: /tools/Xilinx/Vitis/2020.1/bin/cfgen  -sp myproject_kernel_1.CNN_in:HBM[0:1] -sp myproject_kernel_1.CNN_out:HBM[2:3] -dmclkid 0 -r /home/gabri-bot/Vivado_projects/.workspace/myproject_kernel/vivado_rtl_kernel/myproject_kernel_ex/exports/_x/link/sys_link/_sysl/.cdb/xd_ip_db.xml -o /home/gabri-bot/Vivado_projects/.workspace/myproject_kernel/vivado_rtl_kernel/myproject_kernel_ex/exports/_x/link/sys_link/cfgraph/cfgen_cfgraph.xml
INFO: [CFGEN 83-0] Kernel Specs: 
INFO: [CFGEN 83-0]   kernel: myproject_kernel, num: 1  {myproject_kernel_1}
INFO: [CFGEN 83-0] Port Specs: 
INFO: [CFGEN 83-0]   kernel: myproject_kernel_1, k_port: CNN_in, sptag: HBM[0:1]
INFO: [CFGEN 83-0]   kernel: myproject_kernel_1, k_port: CNN_out, sptag: HBM[2:3]
INFO: [CFGEN 83-2228] Creating mapping for argument myproject_kernel_1.CNN_in to HBM[0:1] for directive myproject_kernel_1.CNN_in:HBM[0:1]
INFO: [CFGEN 83-2228] Creating mapping for argument myproject_kernel_1.CNN_out to HBM[2:3] for directive myproject_kernel_1.CNN_out:HBM[2:3]
INFO: [SYSTEM_LINK 82-37] [19:30:53] cfgen finished successfully
Time (s): cpu = 00:00:01 ; elapsed = 00:00:01 . Memory (MB): peak = 1432.375 ; gain = 0.000 ; free physical = 29014 ; free virtual = 32621
INFO: [SYSTEM_LINK 82-52] Create top-level block diagram
INFO: [SYSTEM_LINK 82-38] [19:30:53] cf2bd started: /tools/Xilinx/Vitis/2020.1/bin/cf2bd  --linux --trace_buffer 1024 --input_file /home/gabri-bot/Vivado_projects/.workspace/myproject_kernel/vivado_rtl_kernel/myproject_kernel_ex/exports/_x/link/sys_link/cfgraph/cfgen_cfgraph.xml --ip_db /home/gabri-bot/Vivado_projects/.workspace/myproject_kernel/vivado_rtl_kernel/myproject_kernel_ex/exports/_x/link/sys_link/_sysl/.cdb/xd_ip_db.xml --cf_name dr --working_dir /home/gabri-bot/Vivado_projects/.workspace/myproject_kernel/vivado_rtl_kernel/myproject_kernel_ex/exports/_x/link/sys_link/_sysl/.xsd --temp_dir /home/gabri-bot/Vivado_projects/.workspace/myproject_kernel/vivado_rtl_kernel/myproject_kernel_ex/exports/_x/link/sys_link --output_dir /home/gabri-bot/Vivado_projects/.workspace/myproject_kernel/vivado_rtl_kernel/myproject_kernel_ex/exports/_x/link/int --target_bd ulp.bd
INFO: [CF2BD 82-31] Launching cf2xd: cf2xd -linux -trace-buffer 1024 -i /home/gabri-bot/Vivado_projects/.workspace/myproject_kernel/vivado_rtl_kernel/myproject_kernel_ex/exports/_x/link/sys_link/cfgraph/cfgen_cfgraph.xml -r /home/gabri-bot/Vivado_projects/.workspace/myproject_kernel/vivado_rtl_kernel/myproject_kernel_ex/exports/_x/link/sys_link/_sysl/.cdb/xd_ip_db.xml -o dr.xml
INFO: [CF2BD 82-28] cf2xd finished successfully
INFO: [CF2BD 82-31] Launching cf_xsd: cf_xsd -disable-address-gen -bd ulp.bd -dn dr -dp /home/gabri-bot/Vivado_projects/.workspace/myproject_kernel/vivado_rtl_kernel/myproject_kernel_ex/exports/_x/link/sys_link/_sysl/.xsd
INFO: [CF2BD 82-28] cf_xsd finished successfully
INFO: [SYSTEM_LINK 82-37] [19:30:55] cf2bd finished successfully
Time (s): cpu = 00:00:01 ; elapsed = 00:00:01 . Memory (MB): peak = 1432.375 ; gain = 0.000 ; free physical = 29005 ; free virtual = 32618
INFO: [v++ 60-1441] [19:30:55] Run run_link: Step system_link: Completed
Time (s): cpu = 00:00:07 ; elapsed = 00:00:06 . Memory (MB): peak = 1339.559 ; gain = 0.000 ; free physical = 29037 ; free virtual = 32645
INFO: [v++ 60-1443] [19:30:55] Run run_link: Step cf2sw: Started
INFO: [v++ 60-1453] Command Line: cf2sw -sdsl /home/gabri-bot/Vivado_projects/.workspace/myproject_kernel/vivado_rtl_kernel/myproject_kernel_ex/exports/_x/link/int/sdsl.dat -rtd /home/gabri-bot/Vivado_projects/.workspace/myproject_kernel/vivado_rtl_kernel/myproject_kernel_ex/exports/_x/link/int/cf2sw.rtd -xclbin /home/gabri-bot/Vivado_projects/.workspace/myproject_kernel/vivado_rtl_kernel/myproject_kernel_ex/exports/_x/link/int/xclbin_orig.xml -o /home/gabri-bot/Vivado_projects/.workspace/myproject_kernel/vivado_rtl_kernel/myproject_kernel_ex/exports/_x/link/int/xclbin_orig.1.xml
INFO: [v++ 60-1454] Run Directory: /home/gabri-bot/Vivado_projects/.workspace/myproject_kernel/vivado_rtl_kernel/myproject_kernel_ex/exports/_x/link/run_link
INFO: [v++ 60-1441] [19:30:56] Run run_link: Step cf2sw: Completed
Time (s): cpu = 00:00:00.67 ; elapsed = 00:00:00.73 . Memory (MB): peak = 1339.559 ; gain = 0.000 ; free physical = 29037 ; free virtual = 32647
INFO: [v++ 60-1443] [19:30:56] Run run_link: Step rtd2_system_diagram: Started
INFO: [v++ 60-1453] Command Line: rtd2SystemDiagram
INFO: [v++ 60-1454] Run Directory: /home/gabri-bot/Vivado_projects/.workspace/myproject_kernel/vivado_rtl_kernel/myproject_kernel_ex/exports/_x/link/run_link
INFO: [v++ 60-1441] [19:30:56] Run run_link: Step rtd2_system_diagram: Completed
Time (s): cpu = 00:00:00 ; elapsed = 00:00:00.61 . Memory (MB): peak = 1339.559 ; gain = 0.000 ; free physical = 28668 ; free virtual = 32279
INFO: [v++ 60-1443] [19:30:56] Run run_link: Step vpl: Started
INFO: [v++ 60-1453] Command Line: vpl -t hw -f xilinx_u50_gen3x16_xdma_201920_3 --kernel_frequency 250 --remote_ip_cache /home/gabri-bot/Vivado_projects/.workspace/myproject_kernel/vivado_rtl_kernel/myproject_kernel_ex/exports/.ipcache --output_dir /home/gabri-bot/Vivado_projects/.workspace/myproject_kernel/vivado_rtl_kernel/myproject_kernel_ex/exports/_x/link/int --log_dir /home/gabri-bot/Vivado_projects/.workspace/myproject_kernel/vivado_rtl_kernel/myproject_kernel_ex/exports/_x/logs/link --report_dir /home/gabri-bot/Vivado_projects/.workspace/myproject_kernel/vivado_rtl_kernel/myproject_kernel_ex/exports/_x/reports/link --config /home/gabri-bot/Vivado_projects/.workspace/myproject_kernel/vivado_rtl_kernel/myproject_kernel_ex/exports/_x/link/int/vplConfig.ini -k /home/gabri-bot/Vivado_projects/.workspace/myproject_kernel/vivado_rtl_kernel/myproject_kernel_ex/exports/_x/link/int/kernel_info.dat --webtalk_flag Vitis --temp_dir /home/gabri-bot/Vivado_projects/.workspace/myproject_kernel/vivado_rtl_kernel/myproject_kernel_ex/exports/_x/link --no-info --iprepo /home/gabri-bot/Vivado_projects/.workspace/myproject_kernel/vivado_rtl_kernel/myproject_kernel_ex/exports/_x/link/int/xo/ip_repo/fastmachinelearning_kernel_myproject_kernel_1_0 --messageDb /home/gabri-bot/Vivado_projects/.workspace/myproject_kernel/vivado_rtl_kernel/myproject_kernel_ex/exports/_x/link/run_link/vpl.pb /home/gabri-bot/Vivado_projects/.workspace/myproject_kernel/vivado_rtl_kernel/myproject_kernel_ex/exports/_x/link/int/dr.bd.tcl
INFO: [v++ 60-1454] Run Directory: /home/gabri-bot/Vivado_projects/.workspace/myproject_kernel/vivado_rtl_kernel/myproject_kernel_ex/exports/_x/link/run_link

****** vpl v2020.1 (64-bit)
  **** SW Build 2902540 on Wed May 27 19:54:35 MDT 2020
    ** Copyright 1986-2020 Xilinx, Inc. All Rights Reserved.

INFO: [VPL 60-839] Read in kernel information from file '/home/gabri-bot/Vivado_projects/.workspace/myproject_kernel/vivado_rtl_kernel/myproject_kernel_ex/exports/_x/link/int/kernel_info.dat'.
