
*** Running vivado
    with args -log myproject_kernel_bd_axis_subset_cnv_cmd_0_0.vds -m64 -product Vivado -mode batch -messageDb vivado.pb -notrace -source myproject_kernel_bd_axis_subset_cnv_cmd_0_0.tcl


****** Vivado v2020.1 (64-bit)
  **** SW Build 2902540 on Wed May 27 19:54:35 MDT 2020
  **** IP Build 2902112 on Wed May 27 22:43:36 MDT 2020
    ** Copyright 1986-2020 Xilinx, Inc. All Rights Reserved.

source myproject_kernel_bd_axis_subset_cnv_cmd_0_0.tcl -notrace
INFO: [IP_Flow 19-234] Refreshing IP repositories
INFO: [IP_Flow 19-1700] Loaded user IP repository '/home/gabri-bot/University/Git_hub/ALVEO-PYNQ_ML/NN_train/MNIST_Test/HLS_projects'.
INFO: [IP_Flow 19-2313] Loaded Vivado IP repository '/tools/Xilinx/Vivado/2020.1/data/ip'.
Command: synth_design -top myproject_kernel_bd_axis_subset_cnv_cmd_0_0 -part xcu50-fsvh2104-2-e -mode out_of_context
Starting synth_design
Attempting to get a license for feature 'Synthesis' and/or device 'xcu50'
INFO: [Common 17-349] Got license for feature 'Synthesis' and/or device 'xcu50'
INFO: [Device 21-403] Loading part xcu50-fsvh2104-2-e
INFO: [Synth 8-7079] Multithreading enabled for synth_design using a maximum of 4 processes.
INFO: [Synth 8-7078] Launching helper process for spawning children vivado processes
INFO: [Synth 8-7075] Helper process launched with PID 10105
---------------------------------------------------------------------------------
Starting RTL Elaboration : Time (s): cpu = 00:00:02 ; elapsed = 00:00:03 . Memory (MB): peak = 2994.223 ; gain = 125.715 ; free physical = 15824 ; free virtual = 21891
---------------------------------------------------------------------------------
INFO: [Synth 8-6157] synthesizing module 'myproject_kernel_bd_axis_subset_cnv_cmd_0_0' [/home/gabri-bot/Vivado_projects/myproject_kernel_ex/myproject_kernel_ex.srcs/sources_1/bd/myproject_kernel_bd/ip/myproject_kernel_bd_axis_subset_cnv_cmd_0_0/synth/myproject_kernel_bd_axis_subset_cnv_cmd_0_0.v:58]
INFO: [Synth 8-6157] synthesizing module 'top_myproject_kernel_bd_axis_subset_cnv_cmd_0_0' [/home/gabri-bot/Vivado_projects/myproject_kernel_ex/myproject_kernel_ex.srcs/sources_1/bd/myproject_kernel_bd/ip/myproject_kernel_bd_axis_subset_cnv_cmd_0_0/hdl/top_myproject_kernel_bd_axis_subset_cnv_cmd_0_0.v:60]
	Parameter C_FAMILY bound to: virtexuplusHBM - type: string 
	Parameter C_S_AXIS_TDATA_WIDTH bound to: 128 - type: integer 
	Parameter C_S_AXIS_TID_WIDTH bound to: 1 - type: integer 
	Parameter C_S_AXIS_TDEST_WIDTH bound to: 1 - type: integer 
	Parameter C_S_AXIS_TUSER_WIDTH bound to: 1 - type: integer 
	Parameter C_S_AXIS_SIGNAL_SET bound to: 32'b00000000000000000000000000000011 
	Parameter C_M_AXIS_TDATA_WIDTH bound to: 104 - type: integer 
	Parameter C_M_AXIS_TID_WIDTH bound to: 1 - type: integer 
	Parameter C_M_AXIS_TDEST_WIDTH bound to: 1 - type: integer 
	Parameter C_M_AXIS_SIGNAL_SET bound to: 32'b00000000000000000000000000000011 
	Parameter C_M_AXIS_TUSER_WIDTH bound to: 1 - type: integer 
	Parameter C_DEFAULT_TLAST bound to: 0 - type: integer 
	Parameter G_INDX_SS_TREADY bound to: 0 - type: integer 
	Parameter G_INDX_SS_TDATA bound to: 1 - type: integer 
	Parameter G_INDX_SS_TSTRB bound to: 2 - type: integer 
	Parameter G_INDX_SS_TKEEP bound to: 3 - type: integer 
	Parameter G_INDX_SS_TLAST bound to: 4 - type: integer 
	Parameter G_INDX_SS_TID bound to: 5 - type: integer 
	Parameter G_INDX_SS_TDEST bound to: 6 - type: integer 
	Parameter G_INDX_SS_TUSER bound to: 7 - type: integer 
	Parameter G_MASK_SS_TREADY bound to: 1 - type: integer 
	Parameter G_MASK_SS_TDATA bound to: 2 - type: integer 
	Parameter G_MASK_SS_TSTRB bound to: 4 - type: integer 
	Parameter G_MASK_SS_TKEEP bound to: 8 - type: integer 
	Parameter G_MASK_SS_TLAST bound to: 16 - type: integer 
	Parameter G_MASK_SS_TID bound to: 32 - type: integer 
	Parameter G_MASK_SS_TDEST bound to: 64 - type: integer 
	Parameter G_MASK_SS_TUSER bound to: 128 - type: integer 
	Parameter G_TASK_SEVERITY_ERR bound to: 2 - type: integer 
	Parameter G_TASK_SEVERITY_WARNING bound to: 1 - type: integer 
	Parameter G_TASK_SEVERITY_INFO bound to: 0 - type: integer 
INFO: [Synth 8-6157] synthesizing module 'axis_subset_converter_v1_1_21_core' [/home/gabri-bot/Vivado_projects/myproject_kernel_ex/myproject_kernel_ex.srcs/sources_1/bd/myproject_kernel_bd/ipshared/128c/hdl/axis_subset_converter_v1_1_vl_rfs.v:62]
	Parameter C_FAMILY bound to: virtexuplusHBM - type: string 
	Parameter C_AXIS_TDATA_WIDTH bound to: 128 - type: integer 
	Parameter C_S_AXIS_TID_WIDTH bound to: 1 - type: integer 
	Parameter C_S_AXIS_TDEST_WIDTH bound to: 1 - type: integer 
	Parameter C_AXIS_TUSER_WIDTH bound to: 1 - type: integer 
	Parameter C_S_AXIS_SIGNAL_SET bound to: 32'b00000000000000000000000000000011 
	Parameter C_M_AXIS_TID_WIDTH bound to: 1 - type: integer 
	Parameter C_M_AXIS_TDEST_WIDTH bound to: 1 - type: integer 
	Parameter C_M_AXIS_SIGNAL_SET bound to: 32'b00000000000000000000000000000011 
	Parameter C_DEFAULT_TLAST bound to: 0 - type: integer 
	Parameter G_INDX_SS_TREADY bound to: 0 - type: integer 
	Parameter G_INDX_SS_TDATA bound to: 1 - type: integer 
	Parameter G_INDX_SS_TSTRB bound to: 2 - type: integer 
	Parameter G_INDX_SS_TKEEP bound to: 3 - type: integer 
	Parameter G_INDX_SS_TLAST bound to: 4 - type: integer 
	Parameter G_INDX_SS_TID bound to: 5 - type: integer 
	Parameter G_INDX_SS_TDEST bound to: 6 - type: integer 
	Parameter G_INDX_SS_TUSER bound to: 7 - type: integer 
	Parameter G_MASK_SS_TREADY bound to: 1 - type: integer 
	Parameter G_MASK_SS_TDATA bound to: 2 - type: integer 
	Parameter G_MASK_SS_TSTRB bound to: 4 - type: integer 
	Parameter G_MASK_SS_TKEEP bound to: 8 - type: integer 
	Parameter G_MASK_SS_TLAST bound to: 16 - type: integer 
	Parameter G_MASK_SS_TID bound to: 32 - type: integer 
	Parameter G_MASK_SS_TDEST bound to: 64 - type: integer 
	Parameter G_MASK_SS_TUSER bound to: 128 - type: integer 
	Parameter G_TASK_SEVERITY_ERR bound to: 2 - type: integer 
	Parameter G_TASK_SEVERITY_WARNING bound to: 1 - type: integer 
	Parameter G_TASK_SEVERITY_INFO bound to: 0 - type: integer 
	Parameter P_SIGNAL_SET_XOR bound to: 32'b00000000000000000000000000000000 
	Parameter P_SIGNAL_SET_ADD bound to: 32'b00000000000000000000000000000000 
	Parameter P_SIGNAL_SET_REM bound to: 32'b00000000000000000000000000000000 
	Parameter P_TLAST_CNTR_WIDTH bound to: 1 - type: integer 
INFO: [Synth 8-6155] done synthesizing module 'axis_subset_converter_v1_1_21_core' (1#1) [/home/gabri-bot/Vivado_projects/myproject_kernel_ex/myproject_kernel_ex.srcs/sources_1/bd/myproject_kernel_bd/ipshared/128c/hdl/axis_subset_converter_v1_1_vl_rfs.v:62]
INFO: [Synth 8-6157] synthesizing module 'tdata_myproject_kernel_bd_axis_subset_cnv_cmd_0_0' [/home/gabri-bot/Vivado_projects/myproject_kernel_ex/myproject_kernel_ex.srcs/sources_1/bd/myproject_kernel_bd/ip/myproject_kernel_bd_axis_subset_cnv_cmd_0_0/hdl/tdata_myproject_kernel_bd_axis_subset_cnv_cmd_0_0.v:48]
	Parameter C_S_AXIS_TDATA_WIDTH bound to: 128 - type: integer 
	Parameter C_S_AXIS_TUSER_WIDTH bound to: 1 - type: integer 
	Parameter C_S_AXIS_TID_WIDTH bound to: 1 - type: integer 
	Parameter C_S_AXIS_TDEST_WIDTH bound to: 1 - type: integer 
	Parameter C_M_AXIS_TDATA_WIDTH bound to: 104 - type: integer 
INFO: [Synth 8-6155] done synthesizing module 'tdata_myproject_kernel_bd_axis_subset_cnv_cmd_0_0' (2#1) [/home/gabri-bot/Vivado_projects/myproject_kernel_ex/myproject_kernel_ex.srcs/sources_1/bd/myproject_kernel_bd/ip/myproject_kernel_bd_axis_subset_cnv_cmd_0_0/hdl/tdata_myproject_kernel_bd_axis_subset_cnv_cmd_0_0.v:48]
INFO: [Synth 8-6157] synthesizing module 'tuser_myproject_kernel_bd_axis_subset_cnv_cmd_0_0' [/home/gabri-bot/Vivado_projects/myproject_kernel_ex/myproject_kernel_ex.srcs/sources_1/bd/myproject_kernel_bd/ip/myproject_kernel_bd_axis_subset_cnv_cmd_0_0/hdl/tuser_myproject_kernel_bd_axis_subset_cnv_cmd_0_0.v:48]
	Parameter C_S_AXIS_TUSER_WIDTH bound to: 1 - type: integer 
	Parameter C_S_AXIS_TDATA_WIDTH bound to: 128 - type: integer 
	Parameter C_S_AXIS_TID_WIDTH bound to: 1 - type: integer 
	Parameter C_S_AXIS_TDEST_WIDTH bound to: 1 - type: integer 
	Parameter C_M_AXIS_TUSER_WIDTH bound to: 1 - type: integer 
INFO: [Synth 8-6155] done synthesizing module 'tuser_myproject_kernel_bd_axis_subset_cnv_cmd_0_0' (3#1) [/home/gabri-bot/Vivado_projects/myproject_kernel_ex/myproject_kernel_ex.srcs/sources_1/bd/myproject_kernel_bd/ip/myproject_kernel_bd_axis_subset_cnv_cmd_0_0/hdl/tuser_myproject_kernel_bd_axis_subset_cnv_cmd_0_0.v:48]
INFO: [Synth 8-6157] synthesizing module 'tid_myproject_kernel_bd_axis_subset_cnv_cmd_0_0' [/home/gabri-bot/Vivado_projects/myproject_kernel_ex/myproject_kernel_ex.srcs/sources_1/bd/myproject_kernel_bd/ip/myproject_kernel_bd_axis_subset_cnv_cmd_0_0/hdl/tid_myproject_kernel_bd_axis_subset_cnv_cmd_0_0.v:48]
	Parameter C_S_AXIS_TID_WIDTH bound to: 1 - type: integer 
	Parameter C_S_AXIS_TUSER_WIDTH bound to: 1 - type: integer 
	Parameter C_S_AXIS_TDATA_WIDTH bound to: 128 - type: integer 
	Parameter C_S_AXIS_TDEST_WIDTH bound to: 1 - type: integer 
	Parameter C_M_AXIS_TID_WIDTH bound to: 1 - type: integer 
INFO: [Synth 8-6155] done synthesizing module 'tid_myproject_kernel_bd_axis_subset_cnv_cmd_0_0' (4#1) [/home/gabri-bot/Vivado_projects/myproject_kernel_ex/myproject_kernel_ex.srcs/sources_1/bd/myproject_kernel_bd/ip/myproject_kernel_bd_axis_subset_cnv_cmd_0_0/hdl/tid_myproject_kernel_bd_axis_subset_cnv_cmd_0_0.v:48]
INFO: [Synth 8-6157] synthesizing module 'tdest_myproject_kernel_bd_axis_subset_cnv_cmd_0_0' [/home/gabri-bot/Vivado_projects/myproject_kernel_ex/myproject_kernel_ex.srcs/sources_1/bd/myproject_kernel_bd/ip/myproject_kernel_bd_axis_subset_cnv_cmd_0_0/hdl/tdest_myproject_kernel_bd_axis_subset_cnv_cmd_0_0.v:48]
	Parameter C_S_AXIS_TDATA_WIDTH bound to: 128 - type: integer 
	Parameter C_S_AXIS_TUSER_WIDTH bound to: 1 - type: integer 
	Parameter C_S_AXIS_TID_WIDTH bound to: 1 - type: integer 
	Parameter C_S_AXIS_TDEST_WIDTH bound to: 1 - type: integer 
	Parameter C_M_AXIS_TDEST_WIDTH bound to: 1 - type: integer 
INFO: [Synth 8-6155] done synthesizing module 'tdest_myproject_kernel_bd_axis_subset_cnv_cmd_0_0' (5#1) [/home/gabri-bot/Vivado_projects/myproject_kernel_ex/myproject_kernel_ex.srcs/sources_1/bd/myproject_kernel_bd/ip/myproject_kernel_bd_axis_subset_cnv_cmd_0_0/hdl/tdest_myproject_kernel_bd_axis_subset_cnv_cmd_0_0.v:48]
INFO: [Synth 8-6157] synthesizing module 'tstrb_myproject_kernel_bd_axis_subset_cnv_cmd_0_0' [/home/gabri-bot/Vivado_projects/myproject_kernel_ex/myproject_kernel_ex.srcs/sources_1/bd/myproject_kernel_bd/ip/myproject_kernel_bd_axis_subset_cnv_cmd_0_0/hdl/tstrb_myproject_kernel_bd_axis_subset_cnv_cmd_0_0.v:48]
	Parameter C_S_AXIS_TDATA_WIDTH bound to: 128 - type: integer 
	Parameter C_S_AXIS_TUSER_WIDTH bound to: 1 - type: integer 
	Parameter C_S_AXIS_TID_WIDTH bound to: 1 - type: integer 
	Parameter C_S_AXIS_TDEST_WIDTH bound to: 1 - type: integer 
	Parameter C_M_AXIS_TDATA_WIDTH bound to: 104 - type: integer 
INFO: [Synth 8-6155] done synthesizing module 'tstrb_myproject_kernel_bd_axis_subset_cnv_cmd_0_0' (6#1) [/home/gabri-bot/Vivado_projects/myproject_kernel_ex/myproject_kernel_ex.srcs/sources_1/bd/myproject_kernel_bd/ip/myproject_kernel_bd_axis_subset_cnv_cmd_0_0/hdl/tstrb_myproject_kernel_bd_axis_subset_cnv_cmd_0_0.v:48]
INFO: [Synth 8-6157] synthesizing module 'tkeep_myproject_kernel_bd_axis_subset_cnv_cmd_0_0' [/home/gabri-bot/Vivado_projects/myproject_kernel_ex/myproject_kernel_ex.srcs/sources_1/bd/myproject_kernel_bd/ip/myproject_kernel_bd_axis_subset_cnv_cmd_0_0/hdl/tkeep_myproject_kernel_bd_axis_subset_cnv_cmd_0_0.v:48]
	Parameter C_S_AXIS_TDATA_WIDTH bound to: 128 - type: integer 
	Parameter C_S_AXIS_TUSER_WIDTH bound to: 1 - type: integer 
	Parameter C_S_AXIS_TID_WIDTH bound to: 1 - type: integer 
	Parameter C_S_AXIS_TDEST_WIDTH bound to: 1 - type: integer 
	Parameter C_M_AXIS_TDATA_WIDTH bound to: 104 - type: integer 
INFO: [Synth 8-6155] done synthesizing module 'tkeep_myproject_kernel_bd_axis_subset_cnv_cmd_0_0' (7#1) [/home/gabri-bot/Vivado_projects/myproject_kernel_ex/myproject_kernel_ex.srcs/sources_1/bd/myproject_kernel_bd/ip/myproject_kernel_bd_axis_subset_cnv_cmd_0_0/hdl/tkeep_myproject_kernel_bd_axis_subset_cnv_cmd_0_0.v:48]
INFO: [Synth 8-6157] synthesizing module 'tlast_myproject_kernel_bd_axis_subset_cnv_cmd_0_0' [/home/gabri-bot/Vivado_projects/myproject_kernel_ex/myproject_kernel_ex.srcs/sources_1/bd/myproject_kernel_bd/ip/myproject_kernel_bd_axis_subset_cnv_cmd_0_0/hdl/tlast_myproject_kernel_bd_axis_subset_cnv_cmd_0_0.v:48]
	Parameter C_S_AXIS_TID_WIDTH bound to: 1 - type: integer 
	Parameter C_S_AXIS_TUSER_WIDTH bound to: 1 - type: integer 
	Parameter C_S_AXIS_TDATA_WIDTH bound to: 128 - type: integer 
	Parameter C_S_AXIS_TDEST_WIDTH bound to: 1 - type: integer 
INFO: [Synth 8-6155] done synthesizing module 'tlast_myproject_kernel_bd_axis_subset_cnv_cmd_0_0' (8#1) [/home/gabri-bot/Vivado_projects/myproject_kernel_ex/myproject_kernel_ex.srcs/sources_1/bd/myproject_kernel_bd/ip/myproject_kernel_bd_axis_subset_cnv_cmd_0_0/hdl/tlast_myproject_kernel_bd_axis_subset_cnv_cmd_0_0.v:48]
INFO: [Synth 8-6155] done synthesizing module 'top_myproject_kernel_bd_axis_subset_cnv_cmd_0_0' (9#1) [/home/gabri-bot/Vivado_projects/myproject_kernel_ex/myproject_kernel_ex.srcs/sources_1/bd/myproject_kernel_bd/ip/myproject_kernel_bd_axis_subset_cnv_cmd_0_0/hdl/top_myproject_kernel_bd_axis_subset_cnv_cmd_0_0.v:60]
INFO: [Synth 8-6155] done synthesizing module 'myproject_kernel_bd_axis_subset_cnv_cmd_0_0' (10#1) [/home/gabri-bot/Vivado_projects/myproject_kernel_ex/myproject_kernel_ex.srcs/sources_1/bd/myproject_kernel_bd/ip/myproject_kernel_bd_axis_subset_cnv_cmd_0_0/synth/myproject_kernel_bd_axis_subset_cnv_cmd_0_0.v:58]
---------------------------------------------------------------------------------
Finished RTL Elaboration : Time (s): cpu = 00:00:03 ; elapsed = 00:00:04 . Memory (MB): peak = 3047.129 ; gain = 178.621 ; free physical = 15870 ; free virtual = 21938
---------------------------------------------------------------------------------
---------------------------------------------------------------------------------
Start Handling Custom Attributes
---------------------------------------------------------------------------------
---------------------------------------------------------------------------------
Finished Handling Custom Attributes : Time (s): cpu = 00:00:03 ; elapsed = 00:00:04 . Memory (MB): peak = 3066.973 ; gain = 198.465 ; free physical = 15923 ; free virtual = 21991
---------------------------------------------------------------------------------
---------------------------------------------------------------------------------
Finished RTL Optimization Phase 1 : Time (s): cpu = 00:00:03 ; elapsed = 00:00:04 . Memory (MB): peak = 3066.973 ; gain = 198.465 ; free physical = 15922 ; free virtual = 21991
---------------------------------------------------------------------------------
Netlist sorting complete. Time (s): cpu = 00:00:00 ; elapsed = 00:00:00 . Memory (MB): peak = 3066.973 ; gain = 0.000 ; free physical = 15909 ; free virtual = 21978
INFO: [Project 1-570] Preparing netlist for logic optimization

Processing XDC Constraints
Initializing timing engine
Parsing XDC File [/home/gabri-bot/Vivado_projects/myproject_kernel_ex/myproject_kernel_ex.srcs/sources_1/bd/myproject_kernel_bd/ip/myproject_kernel_bd_axis_subset_cnv_cmd_0_0/myproject_kernel_bd_axis_subset_cnv_cmd_0_0_ooc.xdc] for cell 'inst'
Finished Parsing XDC File [/home/gabri-bot/Vivado_projects/myproject_kernel_ex/myproject_kernel_ex.srcs/sources_1/bd/myproject_kernel_bd/ip/myproject_kernel_bd_axis_subset_cnv_cmd_0_0/myproject_kernel_bd_axis_subset_cnv_cmd_0_0_ooc.xdc] for cell 'inst'
Parsing XDC File [/home/gabri-bot/Vivado_projects/myproject_kernel_ex/myproject_kernel_ex.runs/myproject_kernel_bd_axis_subset_cnv_cmd_0_0_synth_1/dont_touch.xdc]
Finished Parsing XDC File [/home/gabri-bot/Vivado_projects/myproject_kernel_ex/myproject_kernel_ex.runs/myproject_kernel_bd_axis_subset_cnv_cmd_0_0_synth_1/dont_touch.xdc]
Completed Processing XDC Constraints

Netlist sorting complete. Time (s): cpu = 00:00:00 ; elapsed = 00:00:00 . Memory (MB): peak = 3165.691 ; gain = 0.000 ; free physical = 15648 ; free virtual = 21716
INFO: [Project 1-111] Unisim Transformation Summary:
No Unisim elements were transformed.

Constraint Validation Runtime : Time (s): cpu = 00:00:00.01 ; elapsed = 00:00:00.02 . Memory (MB): peak = 3168.660 ; gain = 2.969 ; free physical = 15644 ; free virtual = 21712
---------------------------------------------------------------------------------
Finished Constraint Validation : Time (s): cpu = 00:00:07 ; elapsed = 00:00:10 . Memory (MB): peak = 3168.660 ; gain = 300.152 ; free physical = 15595 ; free virtual = 21663
---------------------------------------------------------------------------------
---------------------------------------------------------------------------------
Start Loading Part and Timing Information
---------------------------------------------------------------------------------
Loading part: xcu50-fsvh2104-2-e
INFO: [Synth 8-6742] Reading net delay rules and data
---------------------------------------------------------------------------------
Finished Loading Part and Timing Information : Time (s): cpu = 00:00:08 ; elapsed = 00:00:10 . Memory (MB): peak = 3168.660 ; gain = 300.152 ; free physical = 15598 ; free virtual = 21667
---------------------------------------------------------------------------------
---------------------------------------------------------------------------------
Start Applying 'set_property' XDC Constraints
---------------------------------------------------------------------------------
Applied set_property DONT_TOUCH = true for inst. (constraint file  /home/gabri-bot/Vivado_projects/myproject_kernel_ex/myproject_kernel_ex.runs/myproject_kernel_bd_axis_subset_cnv_cmd_0_0_synth_1/dont_touch.xdc, line 9).
---------------------------------------------------------------------------------
Finished applying 'set_property' XDC Constraints : Time (s): cpu = 00:00:08 ; elapsed = 00:00:10 . Memory (MB): peak = 3168.660 ; gain = 300.152 ; free physical = 15597 ; free virtual = 21666
---------------------------------------------------------------------------------
---------------------------------------------------------------------------------
Finished RTL Optimization Phase 2 : Time (s): cpu = 00:00:08 ; elapsed = 00:00:10 . Memory (MB): peak = 3168.660 ; gain = 300.152 ; free physical = 15591 ; free virtual = 21660
---------------------------------------------------------------------------------
---------------------------------------------------------------------------------
Start RTL Component Statistics 
---------------------------------------------------------------------------------
Detailed RTL Component Info : 
---------------------------------------------------------------------------------
Finished RTL Component Statistics 
---------------------------------------------------------------------------------
---------------------------------------------------------------------------------
Start Part Resource Summary
---------------------------------------------------------------------------------
Part Resources:
DSPs: 5952 (col length:93)
BRAMs: 2688 (col length: RAMB18 192 RAMB36 96)
---------------------------------------------------------------------------------
Finished Part Resource Summary
---------------------------------------------------------------------------------
---------------------------------------------------------------------------------
Start Cross Boundary and Area Optimization
---------------------------------------------------------------------------------
---------------------------------------------------------------------------------
Finished Cross Boundary and Area Optimization : Time (s): cpu = 00:00:08 ; elapsed = 00:00:11 . Memory (MB): peak = 3168.660 ; gain = 300.152 ; free physical = 15581 ; free virtual = 21653
---------------------------------------------------------------------------------
---------------------------------------------------------------------------------
Start Applying XDC Timing Constraints
---------------------------------------------------------------------------------
---------------------------------------------------------------------------------
Finished Applying XDC Timing Constraints : Time (s): cpu = 00:00:23 ; elapsed = 00:00:41 . Memory (MB): peak = 3537.535 ; gain = 669.027 ; free physical = 18095 ; free virtual = 24170
---------------------------------------------------------------------------------
---------------------------------------------------------------------------------
Start Timing Optimization
---------------------------------------------------------------------------------
---------------------------------------------------------------------------------
Finished Timing Optimization : Time (s): cpu = 00:00:23 ; elapsed = 00:00:41 . Memory (MB): peak = 3537.535 ; gain = 669.027 ; free physical = 18094 ; free virtual = 24169
---------------------------------------------------------------------------------
---------------------------------------------------------------------------------
Start Technology Mapping
---------------------------------------------------------------------------------
---------------------------------------------------------------------------------
Finished Technology Mapping : Time (s): cpu = 00:00:23 ; elapsed = 00:00:41 . Memory (MB): peak = 3556.566 ; gain = 688.059 ; free physical = 18086 ; free virtual = 24162
---------------------------------------------------------------------------------
---------------------------------------------------------------------------------
Start IO Insertion
---------------------------------------------------------------------------------
---------------------------------------------------------------------------------
Start Flattening Before IO Insertion
---------------------------------------------------------------------------------
---------------------------------------------------------------------------------
Finished Flattening Before IO Insertion
---------------------------------------------------------------------------------
---------------------------------------------------------------------------------
Start Final Netlist Cleanup
---------------------------------------------------------------------------------
---------------------------------------------------------------------------------
Finished Final Netlist Cleanup
---------------------------------------------------------------------------------
---------------------------------------------------------------------------------
Finished IO Insertion : Time (s): cpu = 00:00:25 ; elapsed = 00:00:43 . Memory (MB): peak = 3562.504 ; gain = 693.996 ; free physical = 17878 ; free virtual = 23954
---------------------------------------------------------------------------------
---------------------------------------------------------------------------------
Start Renaming Generated Instances
---------------------------------------------------------------------------------
---------------------------------------------------------------------------------
Finished Renaming Generated Instances : Time (s): cpu = 00:00:25 ; elapsed = 00:00:43 . Memory (MB): peak = 3562.504 ; gain = 693.996 ; free physical = 17878 ; free virtual = 23954
---------------------------------------------------------------------------------
---------------------------------------------------------------------------------
Start Rebuilding User Hierarchy
---------------------------------------------------------------------------------
---------------------------------------------------------------------------------
Finished Rebuilding User Hierarchy : Time (s): cpu = 00:00:25 ; elapsed = 00:00:43 . Memory (MB): peak = 3562.504 ; gain = 693.996 ; free physical = 17878 ; free virtual = 23954
---------------------------------------------------------------------------------
---------------------------------------------------------------------------------
Start Renaming Generated Ports
---------------------------------------------------------------------------------
---------------------------------------------------------------------------------
Finished Renaming Generated Ports : Time (s): cpu = 00:00:25 ; elapsed = 00:00:43 . Memory (MB): peak = 3562.504 ; gain = 693.996 ; free physical = 17878 ; free virtual = 23954
---------------------------------------------------------------------------------
---------------------------------------------------------------------------------
Start Handling Custom Attributes
---------------------------------------------------------------------------------
---------------------------------------------------------------------------------
Finished Handling Custom Attributes : Time (s): cpu = 00:00:25 ; elapsed = 00:00:43 . Memory (MB): peak = 3562.504 ; gain = 693.996 ; free physical = 17878 ; free virtual = 23954
---------------------------------------------------------------------------------
---------------------------------------------------------------------------------
Start Renaming Generated Nets
---------------------------------------------------------------------------------
---------------------------------------------------------------------------------
Finished Renaming Generated Nets : Time (s): cpu = 00:00:25 ; elapsed = 00:00:43 . Memory (MB): peak = 3562.504 ; gain = 693.996 ; free physical = 17878 ; free virtual = 23953
---------------------------------------------------------------------------------
---------------------------------------------------------------------------------
Start Writing Synthesis Report
---------------------------------------------------------------------------------

Report BlackBoxes: 
+-+--------------+----------+
| |BlackBox name |Instances |
+-+--------------+----------+
+-+--------------+----------+

Report Cell Usage: 
+-+-----+------+
| |Cell |Count |
+-+-----+------+
+-+-----+------+
---------------------------------------------------------------------------------
Finished Writing Synthesis Report : Time (s): cpu = 00:00:25 ; elapsed = 00:00:43 . Memory (MB): peak = 3562.504 ; gain = 693.996 ; free physical = 17878 ; free virtual = 23953
---------------------------------------------------------------------------------
Synthesis finished with 0 errors, 0 critical warnings and 0 warnings.
Synthesis Optimization Runtime : Time (s): cpu = 00:00:23 ; elapsed = 00:00:40 . Memory (MB): peak = 3562.504 ; gain = 592.309 ; free physical = 17912 ; free virtual = 23987
Synthesis Optimization Complete : Time (s): cpu = 00:00:25 ; elapsed = 00:00:43 . Memory (MB): peak = 3562.512 ; gain = 693.996 ; free physical = 17912 ; free virtual = 23987
INFO: [Project 1-571] Translating synthesized netlist
Netlist sorting complete. Time (s): cpu = 00:00:00 ; elapsed = 00:00:00 . Memory (MB): peak = 3562.512 ; gain = 0.000 ; free physical = 17904 ; free virtual = 23980
INFO: [Project 1-570] Preparing netlist for logic optimization
INFO: [Opt 31-138] Pushed 0 inverter(s) to 0 load pin(s).
Netlist sorting complete. Time (s): cpu = 00:00:00 ; elapsed = 00:00:00 . Memory (MB): peak = 3613.066 ; gain = 0.000 ; free physical = 17788 ; free virtual = 23864
INFO: [Project 1-111] Unisim Transformation Summary:
No Unisim elements were transformed.

INFO: [Common 17-83] Releasing license: Synthesis
36 Infos, 0 Warnings, 0 Critical Warnings and 0 Errors encountered.
synth_design completed successfully
synth_design: Time (s): cpu = 00:00:37 ; elapsed = 00:00:58 . Memory (MB): peak = 3627.004 ; gain = 1477.859 ; free physical = 17895 ; free virtual = 23971
INFO: [Common 17-1381] The checkpoint '/home/gabri-bot/Vivado_projects/myproject_kernel_ex/myproject_kernel_ex.runs/myproject_kernel_bd_axis_subset_cnv_cmd_0_0_synth_1/myproject_kernel_bd_axis_subset_cnv_cmd_0_0.dcp' has been generated.
WARNING: [Common 17-576] 'use_project_ipc' is deprecated. This option is deprecated and no longer used.
INFO: [Coretcl 2-1648] Added synthesis output to IP cache for IP myproject_kernel_bd_axis_subset_cnv_cmd_0_0, cache-ID = 904ae3711c8316af
INFO: [Common 17-1381] The checkpoint '/home/gabri-bot/Vivado_projects/myproject_kernel_ex/myproject_kernel_ex.runs/myproject_kernel_bd_axis_subset_cnv_cmd_0_0_synth_1/myproject_kernel_bd_axis_subset_cnv_cmd_0_0.dcp' has been generated.
INFO: [runtcl-4] Executing : report_utilization -file myproject_kernel_bd_axis_subset_cnv_cmd_0_0_utilization_synth.rpt -pb myproject_kernel_bd_axis_subset_cnv_cmd_0_0_utilization_synth.pb
INFO: [Common 17-206] Exiting Vivado at Mon Dec  6 11:29:46 2021...
