
*** Running vivado
    with args -log myproject_kernel_bd_axis_combiner_0_1.vds -m64 -product Vivado -mode batch -messageDb vivado.pb -notrace -source myproject_kernel_bd_axis_combiner_0_1.tcl


****** Vivado v2020.1 (64-bit)
  **** SW Build 2902540 on Wed May 27 19:54:35 MDT 2020
  **** IP Build 2902112 on Wed May 27 22:43:36 MDT 2020
    ** Copyright 1986-2020 Xilinx, Inc. All Rights Reserved.

source myproject_kernel_bd_axis_combiner_0_1.tcl -notrace
INFO: [IP_Flow 19-234] Refreshing IP repositories
INFO: [IP_Flow 19-1700] Loaded user IP repository '/home/gabri-bot/University/Git_hub/ALVEO-PYNQ_ML/NN_train/MNIST_Test/HLS_projects/Qkeras_pruned_CNN/hls4ml_alveo_prj/myproject_prj'.
INFO: [IP_Flow 19-2313] Loaded Vivado IP repository '/tools/Xilinx/Vivado/2020.1/data/ip'.
Command: synth_design -top myproject_kernel_bd_axis_combiner_0_1 -part xcu50-fsvh2104-2-e -mode out_of_context
Starting synth_design
Attempting to get a license for feature 'Synthesis' and/or device 'xcu50'
INFO: [Common 17-349] Got license for feature 'Synthesis' and/or device 'xcu50'
INFO: [Device 21-403] Loading part xcu50-fsvh2104-2-e
INFO: [Synth 8-7079] Multithreading enabled for synth_design using a maximum of 4 processes.
INFO: [Synth 8-7078] Launching helper process for spawning children vivado processes
INFO: [Synth 8-7075] Helper process launched with PID 4681
---------------------------------------------------------------------------------
Starting RTL Elaboration : Time (s): cpu = 00:00:02 ; elapsed = 00:00:03 . Memory (MB): peak = 2995.312 ; gain = 126.715 ; free physical = 10466 ; free virtual = 19425
---------------------------------------------------------------------------------
INFO: [Synth 8-6157] synthesizing module 'myproject_kernel_bd_axis_combiner_0_1' [/home/gabri-bot/Vivado_projects/.workspace/myproject_kernel/vivado_rtl_kernel/myproject_kernel_ex/myproject_kernel_ex.srcs/sources_1/bd/myproject_kernel_bd/ip/myproject_kernel_bd_axis_combiner_0_1/synth/myproject_kernel_bd_axis_combiner_0_1.v:57]
INFO: [Synth 8-6157] synthesizing module 'axis_combiner_v1_1_19_top' [/home/gabri-bot/Vivado_projects/.workspace/myproject_kernel/vivado_rtl_kernel/myproject_kernel_ex/myproject_kernel_ex.srcs/sources_1/bd/myproject_kernel_bd/ipshared/256b/hdl/axis_combiner_v1_1_vl_rfs.v:56]
	Parameter C_FAMILY bound to: virtexuplusHBM - type: string 
	Parameter C_AXIS_TDATA_WIDTH bound to: 8 - type: integer 
	Parameter C_AXIS_TID_WIDTH bound to: 1 - type: integer 
	Parameter C_AXIS_TDEST_WIDTH bound to: 1 - type: integer 
	Parameter C_AXIS_TUSER_WIDTH bound to: 1 - type: integer 
	Parameter C_AXIS_SIGNAL_SET bound to: 27 - type: integer 
	Parameter C_MASTER_PORT_NUM bound to: 0 - type: integer 
	Parameter C_NUM_SI_SLOTS bound to: 2 - type: integer 
	Parameter G_INDX_SS_TREADY bound to: 0 - type: integer 
	Parameter G_INDX_SS_TDATA bound to: 1 - type: integer 
	Parameter G_INDX_SS_TSTRB bound to: 2 - type: integer 
	Parameter G_INDX_SS_TKEEP bound to: 3 - type: integer 
	Parameter G_INDX_SS_TLAST bound to: 4 - type: integer 
	Parameter G_INDX_SS_TID bound to: 5 - type: integer 
	Parameter G_INDX_SS_TDEST bound to: 6 - type: integer 
	Parameter G_INDX_SS_TUSER bound to: 7 - type: integer 
	Parameter G_MASK_SS_TREADY bound to: 1 - type: integer 
	Parameter G_MASK_SS_TDATA bound to: 2 - type: integer 
	Parameter G_MASK_SS_TSTRB bound to: 4 - type: integer 
	Parameter G_MASK_SS_TKEEP bound to: 8 - type: integer 
	Parameter G_MASK_SS_TLAST bound to: 16 - type: integer 
	Parameter G_MASK_SS_TID bound to: 32 - type: integer 
	Parameter G_MASK_SS_TDEST bound to: 64 - type: integer 
	Parameter G_MASK_SS_TUSER bound to: 128 - type: integer 
	Parameter G_TASK_SEVERITY_ERR bound to: 2 - type: integer 
	Parameter G_TASK_SEVERITY_WARNING bound to: 1 - type: integer 
	Parameter G_TASK_SEVERITY_INFO bound to: 0 - type: integer 
	Parameter P_TPAYLOAD_WIDTH bound to: 19 - type: integer 
	Parameter P_MASTER_PORT_NUM bound to: 0 - type: integer 
INFO: [Synth 8-6157] synthesizing module 'axis_infrastructure_v1_1_0_util_axis2vector' [/home/gabri-bot/Vivado_projects/.workspace/myproject_kernel/vivado_rtl_kernel/myproject_kernel_ex/myproject_kernel_ex.srcs/sources_1/bd/myproject_kernel_bd/ipshared/8713/hdl/axis_infrastructure_v1_1_vl_rfs.v:810]
	Parameter C_TDATA_WIDTH bound to: 16 - type: integer 
	Parameter C_TID_WIDTH bound to: 1 - type: integer 
	Parameter C_TDEST_WIDTH bound to: 1 - type: integer 
	Parameter C_TUSER_WIDTH bound to: 2 - type: integer 
	Parameter C_TPAYLOAD_WIDTH bound to: 19 - type: integer 
	Parameter C_SIGNAL_SET bound to: 27 - type: integer 
	Parameter G_INDX_SS_TREADY bound to: 0 - type: integer 
	Parameter G_INDX_SS_TDATA bound to: 1 - type: integer 
	Parameter G_INDX_SS_TSTRB bound to: 2 - type: integer 
	Parameter G_INDX_SS_TKEEP bound to: 3 - type: integer 
	Parameter G_INDX_SS_TLAST bound to: 4 - type: integer 
	Parameter G_INDX_SS_TID bound to: 5 - type: integer 
	Parameter G_INDX_SS_TDEST bound to: 6 - type: integer 
	Parameter G_INDX_SS_TUSER bound to: 7 - type: integer 
	Parameter G_MASK_SS_TREADY bound to: 1 - type: integer 
	Parameter G_MASK_SS_TDATA bound to: 2 - type: integer 
	Parameter G_MASK_SS_TSTRB bound to: 4 - type: integer 
	Parameter G_MASK_SS_TKEEP bound to: 8 - type: integer 
	Parameter G_MASK_SS_TLAST bound to: 16 - type: integer 
	Parameter G_MASK_SS_TID bound to: 32 - type: integer 
	Parameter G_MASK_SS_TDEST bound to: 64 - type: integer 
	Parameter G_MASK_SS_TUSER bound to: 128 - type: integer 
	Parameter G_TASK_SEVERITY_ERR bound to: 2 - type: integer 
	Parameter G_TASK_SEVERITY_WARNING bound to: 1 - type: integer 
	Parameter G_TASK_SEVERITY_INFO bound to: 0 - type: integer 
	Parameter P_TDATA_INDX bound to: 0 - type: integer 
	Parameter P_TSTRB_INDX bound to: 16 - type: integer 
	Parameter P_TKEEP_INDX bound to: 16 - type: integer 
	Parameter P_TLAST_INDX bound to: 18 - type: integer 
	Parameter P_TID_INDX bound to: 19 - type: integer 
	Parameter P_TDEST_INDX bound to: 19 - type: integer 
	Parameter P_TUSER_INDX bound to: 19 - type: integer 
INFO: [Synth 8-6155] done synthesizing module 'axis_infrastructure_v1_1_0_util_axis2vector' (1#1) [/home/gabri-bot/Vivado_projects/.workspace/myproject_kernel/vivado_rtl_kernel/myproject_kernel_ex/myproject_kernel_ex.srcs/sources_1/bd/myproject_kernel_bd/ipshared/8713/hdl/axis_infrastructure_v1_1_vl_rfs.v:810]
INFO: [Synth 8-6157] synthesizing module 'axis_infrastructure_v1_1_0_util_vector2axis' [/home/gabri-bot/Vivado_projects/.workspace/myproject_kernel/vivado_rtl_kernel/myproject_kernel_ex/myproject_kernel_ex.srcs/sources_1/bd/myproject_kernel_bd/ipshared/8713/hdl/axis_infrastructure_v1_1_vl_rfs.v:992]
	Parameter C_TDATA_WIDTH bound to: 16 - type: integer 
	Parameter C_TID_WIDTH bound to: 1 - type: integer 
	Parameter C_TDEST_WIDTH bound to: 1 - type: integer 
	Parameter C_TUSER_WIDTH bound to: 2 - type: integer 
	Parameter C_TPAYLOAD_WIDTH bound to: 19 - type: integer 
	Parameter C_SIGNAL_SET bound to: 27 - type: integer 
	Parameter G_INDX_SS_TREADY bound to: 0 - type: integer 
	Parameter G_INDX_SS_TDATA bound to: 1 - type: integer 
	Parameter G_INDX_SS_TSTRB bound to: 2 - type: integer 
	Parameter G_INDX_SS_TKEEP bound to: 3 - type: integer 
	Parameter G_INDX_SS_TLAST bound to: 4 - type: integer 
	Parameter G_INDX_SS_TID bound to: 5 - type: integer 
	Parameter G_INDX_SS_TDEST bound to: 6 - type: integer 
	Parameter G_INDX_SS_TUSER bound to: 7 - type: integer 
	Parameter G_MASK_SS_TREADY bound to: 1 - type: integer 
	Parameter G_MASK_SS_TDATA bound to: 2 - type: integer 
	Parameter G_MASK_SS_TSTRB bound to: 4 - type: integer 
	Parameter G_MASK_SS_TKEEP bound to: 8 - type: integer 
	Parameter G_MASK_SS_TLAST bound to: 16 - type: integer 
	Parameter G_MASK_SS_TID bound to: 32 - type: integer 
	Parameter G_MASK_SS_TDEST bound to: 64 - type: integer 
	Parameter G_MASK_SS_TUSER bound to: 128 - type: integer 
	Parameter G_TASK_SEVERITY_ERR bound to: 2 - type: integer 
	Parameter G_TASK_SEVERITY_WARNING bound to: 1 - type: integer 
	Parameter G_TASK_SEVERITY_INFO bound to: 0 - type: integer 
	Parameter P_TDATA_INDX bound to: 0 - type: integer 
	Parameter P_TSTRB_INDX bound to: 16 - type: integer 
	Parameter P_TKEEP_INDX bound to: 16 - type: integer 
	Parameter P_TLAST_INDX bound to: 18 - type: integer 
	Parameter P_TID_INDX bound to: 19 - type: integer 
	Parameter P_TDEST_INDX bound to: 19 - type: integer 
	Parameter P_TUSER_INDX bound to: 19 - type: integer 
INFO: [Synth 8-6155] done synthesizing module 'axis_infrastructure_v1_1_0_util_vector2axis' (2#1) [/home/gabri-bot/Vivado_projects/.workspace/myproject_kernel/vivado_rtl_kernel/myproject_kernel_ex/myproject_kernel_ex.srcs/sources_1/bd/myproject_kernel_bd/ipshared/8713/hdl/axis_infrastructure_v1_1_vl_rfs.v:992]
INFO: [Synth 8-6155] done synthesizing module 'axis_combiner_v1_1_19_top' (3#1) [/home/gabri-bot/Vivado_projects/.workspace/myproject_kernel/vivado_rtl_kernel/myproject_kernel_ex/myproject_kernel_ex.srcs/sources_1/bd/myproject_kernel_bd/ipshared/256b/hdl/axis_combiner_v1_1_vl_rfs.v:56]
INFO: [Synth 8-6155] done synthesizing module 'myproject_kernel_bd_axis_combiner_0_1' (4#1) [/home/gabri-bot/Vivado_projects/.workspace/myproject_kernel/vivado_rtl_kernel/myproject_kernel_ex/myproject_kernel_ex.srcs/sources_1/bd/myproject_kernel_bd/ip/myproject_kernel_bd_axis_combiner_0_1/synth/myproject_kernel_bd_axis_combiner_0_1.v:57]
---------------------------------------------------------------------------------
Finished RTL Elaboration : Time (s): cpu = 00:00:03 ; elapsed = 00:00:04 . Memory (MB): peak = 3047.219 ; gain = 178.621 ; free physical = 10455 ; free virtual = 19415
---------------------------------------------------------------------------------
---------------------------------------------------------------------------------
Start Handling Custom Attributes
---------------------------------------------------------------------------------
---------------------------------------------------------------------------------
Finished Handling Custom Attributes : Time (s): cpu = 00:00:03 ; elapsed = 00:00:04 . Memory (MB): peak = 3067.062 ; gain = 198.465 ; free physical = 10415 ; free virtual = 19374
---------------------------------------------------------------------------------
---------------------------------------------------------------------------------
Finished RTL Optimization Phase 1 : Time (s): cpu = 00:00:03 ; elapsed = 00:00:04 . Memory (MB): peak = 3067.062 ; gain = 198.465 ; free physical = 10415 ; free virtual = 19374
---------------------------------------------------------------------------------
Netlist sorting complete. Time (s): cpu = 00:00:00 ; elapsed = 00:00:00 . Memory (MB): peak = 3067.062 ; gain = 0.000 ; free physical = 10408 ; free virtual = 19368
INFO: [Project 1-570] Preparing netlist for logic optimization

Processing XDC Constraints
Initializing timing engine
Parsing XDC File [/home/gabri-bot/Vivado_projects/.workspace/myproject_kernel/vivado_rtl_kernel/myproject_kernel_ex/myproject_kernel_ex.srcs/sources_1/bd/myproject_kernel_bd/ip/myproject_kernel_bd_axis_combiner_0_1/myproject_kernel_bd_axis_combiner_0_1_ooc.xdc] for cell 'inst'
Finished Parsing XDC File [/home/gabri-bot/Vivado_projects/.workspace/myproject_kernel/vivado_rtl_kernel/myproject_kernel_ex/myproject_kernel_ex.srcs/sources_1/bd/myproject_kernel_bd/ip/myproject_kernel_bd_axis_combiner_0_1/myproject_kernel_bd_axis_combiner_0_1_ooc.xdc] for cell 'inst'
Parsing XDC File [/home/gabri-bot/Vivado_projects/.workspace/myproject_kernel/vivado_rtl_kernel/myproject_kernel_ex/myproject_kernel_ex.runs/myproject_kernel_bd_axis_combiner_0_1_synth_1/dont_touch.xdc]
Finished Parsing XDC File [/home/gabri-bot/Vivado_projects/.workspace/myproject_kernel/vivado_rtl_kernel/myproject_kernel_ex/myproject_kernel_ex.runs/myproject_kernel_bd_axis_combiner_0_1_synth_1/dont_touch.xdc]
Completed Processing XDC Constraints

Netlist sorting complete. Time (s): cpu = 00:00:00 ; elapsed = 00:00:00 . Memory (MB): peak = 3206.719 ; gain = 0.000 ; free physical = 9912 ; free virtual = 18871
INFO: [Project 1-111] Unisim Transformation Summary:
No Unisim elements were transformed.

Constraint Validation Runtime : Time (s): cpu = 00:00:00.02 ; elapsed = 00:00:00.02 . Memory (MB): peak = 3206.719 ; gain = 0.000 ; free physical = 9911 ; free virtual = 18870
---------------------------------------------------------------------------------
Finished Constraint Validation : Time (s): cpu = 00:00:10 ; elapsed = 00:00:13 . Memory (MB): peak = 3206.719 ; gain = 338.121 ; free physical = 8550 ; free virtual = 17509
---------------------------------------------------------------------------------
---------------------------------------------------------------------------------
Start Loading Part and Timing Information
---------------------------------------------------------------------------------
Loading part: xcu50-fsvh2104-2-e
INFO: [Synth 8-6742] Reading net delay rules and data
---------------------------------------------------------------------------------
Finished Loading Part and Timing Information : Time (s): cpu = 00:00:10 ; elapsed = 00:00:13 . Memory (MB): peak = 3206.719 ; gain = 338.121 ; free physical = 8548 ; free virtual = 17507
---------------------------------------------------------------------------------
---------------------------------------------------------------------------------
Start Applying 'set_property' XDC Constraints
---------------------------------------------------------------------------------
Applied set_property DONT_TOUCH = true for inst. (constraint file  /home/gabri-bot/Vivado_projects/.workspace/myproject_kernel/vivado_rtl_kernel/myproject_kernel_ex/myproject_kernel_ex.runs/myproject_kernel_bd_axis_combiner_0_1_synth_1/dont_touch.xdc, line 9).
---------------------------------------------------------------------------------
Finished applying 'set_property' XDC Constraints : Time (s): cpu = 00:00:10 ; elapsed = 00:00:13 . Memory (MB): peak = 3206.719 ; gain = 338.121 ; free physical = 8544 ; free virtual = 17504
---------------------------------------------------------------------------------
---------------------------------------------------------------------------------
Finished RTL Optimization Phase 2 : Time (s): cpu = 00:00:10 ; elapsed = 00:00:13 . Memory (MB): peak = 3206.719 ; gain = 338.121 ; free physical = 8657 ; free virtual = 17618
---------------------------------------------------------------------------------
---------------------------------------------------------------------------------
Start RTL Component Statistics 
---------------------------------------------------------------------------------
Detailed RTL Component Info : 
+---XORs : 
	   2 Input      1 Bit         XORs := 2     
+---Registers : 
	                1 Bit    Registers := 2     
+---Muxes : 
	   2 Input    1 Bit        Muxes := 2     
---------------------------------------------------------------------------------
Finished RTL Component Statistics 
---------------------------------------------------------------------------------
---------------------------------------------------------------------------------
Start Part Resource Summary
---------------------------------------------------------------------------------
Part Resources:
DSPs: 5952 (col length:93)
BRAMs: 2688 (col length: RAMB18 192 RAMB36 96)
---------------------------------------------------------------------------------
Finished Part Resource Summary
---------------------------------------------------------------------------------
---------------------------------------------------------------------------------
Start Cross Boundary and Area Optimization
---------------------------------------------------------------------------------
---------------------------------------------------------------------------------
Finished Cross Boundary and Area Optimization : Time (s): cpu = 00:00:10 ; elapsed = 00:00:13 . Memory (MB): peak = 3206.719 ; gain = 338.121 ; free physical = 8592 ; free virtual = 17563
---------------------------------------------------------------------------------
---------------------------------------------------------------------------------
Start Applying XDC Timing Constraints
---------------------------------------------------------------------------------
---------------------------------------------------------------------------------
Finished Applying XDC Timing Constraints : Time (s): cpu = 00:00:25 ; elapsed = 00:00:44 . Memory (MB): peak = 3557.414 ; gain = 688.816 ; free physical = 7541 ; free virtual = 16573
---------------------------------------------------------------------------------
---------------------------------------------------------------------------------
Start Timing Optimization
---------------------------------------------------------------------------------
---------------------------------------------------------------------------------
Finished Timing Optimization : Time (s): cpu = 00:00:25 ; elapsed = 00:00:44 . Memory (MB): peak = 3566.430 ; gain = 697.832 ; free physical = 7539 ; free virtual = 16570
---------------------------------------------------------------------------------
---------------------------------------------------------------------------------
Start Technology Mapping
---------------------------------------------------------------------------------
---------------------------------------------------------------------------------
Finished Technology Mapping : Time (s): cpu = 00:00:26 ; elapsed = 00:00:44 . Memory (MB): peak = 3576.445 ; gain = 707.848 ; free physical = 7534 ; free virtual = 16566
---------------------------------------------------------------------------------
---------------------------------------------------------------------------------
Start IO Insertion
---------------------------------------------------------------------------------
---------------------------------------------------------------------------------
Start Flattening Before IO Insertion
---------------------------------------------------------------------------------
---------------------------------------------------------------------------------
Finished Flattening Before IO Insertion
---------------------------------------------------------------------------------
---------------------------------------------------------------------------------
Start Final Netlist Cleanup
---------------------------------------------------------------------------------
---------------------------------------------------------------------------------
Finished Final Netlist Cleanup
---------------------------------------------------------------------------------
---------------------------------------------------------------------------------
Finished IO Insertion : Time (s): cpu = 00:00:28 ; elapsed = 00:00:46 . Memory (MB): peak = 3582.383 ; gain = 713.785 ; free physical = 6654 ; free virtual = 15680
---------------------------------------------------------------------------------
---------------------------------------------------------------------------------
Start Renaming Generated Instances
---------------------------------------------------------------------------------
---------------------------------------------------------------------------------
Finished Renaming Generated Instances : Time (s): cpu = 00:00:28 ; elapsed = 00:00:46 . Memory (MB): peak = 3582.383 ; gain = 713.785 ; free physical = 6653 ; free virtual = 15679
---------------------------------------------------------------------------------
---------------------------------------------------------------------------------
Start Rebuilding User Hierarchy
---------------------------------------------------------------------------------
---------------------------------------------------------------------------------
Finished Rebuilding User Hierarchy : Time (s): cpu = 00:00:28 ; elapsed = 00:00:46 . Memory (MB): peak = 3582.383 ; gain = 713.785 ; free physical = 6653 ; free virtual = 15679
---------------------------------------------------------------------------------
---------------------------------------------------------------------------------
Start Renaming Generated Ports
---------------------------------------------------------------------------------
---------------------------------------------------------------------------------
Finished Renaming Generated Ports : Time (s): cpu = 00:00:28 ; elapsed = 00:00:46 . Memory (MB): peak = 3582.383 ; gain = 713.785 ; free physical = 6653 ; free virtual = 15679
---------------------------------------------------------------------------------
---------------------------------------------------------------------------------
Start Handling Custom Attributes
---------------------------------------------------------------------------------
---------------------------------------------------------------------------------
Finished Handling Custom Attributes : Time (s): cpu = 00:00:28 ; elapsed = 00:00:46 . Memory (MB): peak = 3582.383 ; gain = 713.785 ; free physical = 6653 ; free virtual = 15679
---------------------------------------------------------------------------------
---------------------------------------------------------------------------------
Start Renaming Generated Nets
---------------------------------------------------------------------------------
---------------------------------------------------------------------------------
Finished Renaming Generated Nets : Time (s): cpu = 00:00:28 ; elapsed = 00:00:46 . Memory (MB): peak = 3582.383 ; gain = 713.785 ; free physical = 6653 ; free virtual = 15679
---------------------------------------------------------------------------------
---------------------------------------------------------------------------------
Start Writing Synthesis Report
---------------------------------------------------------------------------------

Report BlackBoxes: 
+-+--------------+----------+
| |BlackBox name |Instances |
+-+--------------+----------+
+-+--------------+----------+

Report Cell Usage: 
+------+-----+------+
|      |Cell |Count |
+------+-----+------+
|1     |LUT3 |     2|
|2     |LUT4 |     1|
|3     |LUT5 |     1|
|4     |LUT6 |     1|
|5     |FDRE |     2|
+------+-----+------+
---------------------------------------------------------------------------------
Finished Writing Synthesis Report : Time (s): cpu = 00:00:28 ; elapsed = 00:00:46 . Memory (MB): peak = 3582.383 ; gain = 713.785 ; free physical = 6653 ; free virtual = 15679
---------------------------------------------------------------------------------
Synthesis finished with 0 errors, 0 critical warnings and 0 warnings.
Synthesis Optimization Runtime : Time (s): cpu = 00:00:24 ; elapsed = 00:00:41 . Memory (MB): peak = 3582.383 ; gain = 574.129 ; free physical = 6686 ; free virtual = 15713
Synthesis Optimization Complete : Time (s): cpu = 00:00:28 ; elapsed = 00:00:46 . Memory (MB): peak = 3582.391 ; gain = 713.785 ; free physical = 6686 ; free virtual = 15713
INFO: [Project 1-571] Translating synthesized netlist
Netlist sorting complete. Time (s): cpu = 00:00:00 ; elapsed = 00:00:00 . Memory (MB): peak = 3599.289 ; gain = 0.000 ; free physical = 7337 ; free virtual = 16364
INFO: [Project 1-570] Preparing netlist for logic optimization
INFO: [Opt 31-138] Pushed 0 inverter(s) to 0 load pin(s).
Netlist sorting complete. Time (s): cpu = 00:00:00 ; elapsed = 00:00:00 . Memory (MB): peak = 3665.992 ; gain = 0.000 ; free physical = 7313 ; free virtual = 16336
INFO: [Project 1-111] Unisim Transformation Summary:
No Unisim elements were transformed.

INFO: [Common 17-83] Releasing license: Synthesis
24 Infos, 0 Warnings, 0 Critical Warnings and 0 Errors encountered.
synth_design completed successfully
synth_design: Time (s): cpu = 00:00:40 ; elapsed = 00:01:02 . Memory (MB): peak = 3665.992 ; gain = 1518.758 ; free physical = 7453 ; free virtual = 16476
INFO: [Common 17-1381] The checkpoint '/home/gabri-bot/Vivado_projects/.workspace/myproject_kernel/vivado_rtl_kernel/myproject_kernel_ex/myproject_kernel_ex.runs/myproject_kernel_bd_axis_combiner_0_1_synth_1/myproject_kernel_bd_axis_combiner_0_1.dcp' has been generated.
WARNING: [Common 17-576] 'use_project_ipc' is deprecated. This option is deprecated and no longer used.
INFO: [Coretcl 2-1648] Added synthesis output to IP cache for IP myproject_kernel_bd_axis_combiner_0_1, cache-ID = eea6c32fafbd2a6f
INFO: [Common 17-1381] The checkpoint '/home/gabri-bot/Vivado_projects/.workspace/myproject_kernel/vivado_rtl_kernel/myproject_kernel_ex/myproject_kernel_ex.runs/myproject_kernel_bd_axis_combiner_0_1_synth_1/myproject_kernel_bd_axis_combiner_0_1.dcp' has been generated.
INFO: [runtcl-4] Executing : report_utilization -file myproject_kernel_bd_axis_combiner_0_1_utilization_synth.rpt -pb myproject_kernel_bd_axis_combiner_0_1_utilization_synth.pb
INFO: [Common 17-206] Exiting Vivado at Mon Dec  6 17:11:35 2021...
