
*** Running vivado
    with args -log bd_22c0_clk_hbm_adapt_0.vds -m64 -product Vivado -mode batch -messageDb vivado.pb -notrace -source bd_22c0_clk_hbm_adapt_0.tcl


****** Vivado v2020.1 (64-bit)
  **** SW Build 2902540 on Wed May 27 19:54:35 MDT 2020
  **** IP Build 2902112 on Wed May 27 22:43:36 MDT 2020
    ** Copyright 1986-2020 Xilinx, Inc. All Rights Reserved.

source bd_22c0_clk_hbm_adapt_0.tcl -notrace
INFO: Dispatch client connection id - 40593
INFO: [IP_Flow 19-234] Refreshing IP repositories
INFO: [IP_Flow 19-1700] Loaded user IP repository '/home/gabri-bot/Vivado_projects/.workspace/myproject_kernel/vivado_rtl_kernel/myproject_kernel_ex/exports/_x/link/int/xo/ip_repo/fastmachinelearning_kernel_myproject_kernel_1_0'.
INFO: [IP_Flow 19-1700] Loaded user IP repository '/home/gabri-bot/Vivado_projects/.workspace/myproject_kernel/vivado_rtl_kernel/myproject_kernel_ex/exports/_x/link/vivado/vpl/.local/hw_platform/iprepo'.
INFO: [IP_Flow 19-1700] Loaded user IP repository '/tools/Xilinx/Vitis/2020.1/data/cache/xilinx'.
INFO: [IP_Flow 19-1700] Loaded user IP repository '/home/gabri-bot/Vivado_projects/.workspace/myproject_kernel/vivado_rtl_kernel/myproject_kernel_ex/exports/_x/link/vivado/vpl/.local/hw_platform/ipcache'.
INFO: [IP_Flow 19-1700] Loaded user IP repository '/tools/Xilinx/Vitis/2020.1/data/ip'.
INFO: [IP_Flow 19-2313] Loaded Vivado IP repository '/tools/Xilinx/Vivado/2020.1/data/ip'.
WARNING: [IP_Flow 19-1663] Duplicate IP found for 'xilinx.com:ip:axis_clk_metadata_adapter:1.0'. The one found in IP location '/home/gabri-bot/Vivado_projects/.workspace/myproject_kernel/vivado_rtl_kernel/myproject_kernel_ex/exports/_x/link/vivado/vpl/.local/hw_platform/iprepo/ipdefs/other_ipdefs/axis_clk_metadata_adapter_v1_0' will take precedence over the same IP in location /home/gabri-bot/Vivado_projects/.workspace/myproject_kernel/vivado_rtl_kernel/myproject_kernel_ex/exports/_x/link/vivado/vpl/.local/hw_platform/iprepo/ipdefs/ii_infra_ipdefs/axis_clk_metadata_adapter_v1_0
WARNING: [IP_Flow 19-1663] Duplicate IP found for 'xilinx.com:ip:axi_clk_metadata_adapter:1.0'. The one found in IP location '/home/gabri-bot/Vivado_projects/.workspace/myproject_kernel/vivado_rtl_kernel/myproject_kernel_ex/exports/_x/link/vivado/vpl/.local/hw_platform/iprepo/ipdefs/other_ipdefs/axi_clk_metadata_adapter_v1_0' will take precedence over the same IP in location /home/gabri-bot/Vivado_projects/.workspace/myproject_kernel/vivado_rtl_kernel/myproject_kernel_ex/exports/_x/link/vivado/vpl/.local/hw_platform/iprepo/ipdefs/ii_infra_ipdefs/axi_clk_metadata_adapter_v1_0
WARNING: [IP_Flow 19-1663] Duplicate IP found for 'xilinx.com:ip:clk_metadata_adapter:1.0'. The one found in IP location '/home/gabri-bot/Vivado_projects/.workspace/myproject_kernel/vivado_rtl_kernel/myproject_kernel_ex/exports/_x/link/vivado/vpl/.local/hw_platform/iprepo/ipdefs/other_ipdefs/clk_metadata_adapter_v1_0' will take precedence over the same IP in location /home/gabri-bot/Vivado_projects/.workspace/myproject_kernel/vivado_rtl_kernel/myproject_kernel_ex/exports/_x/link/vivado/vpl/.local/hw_platform/iprepo/ipdefs/ii_infra_ipdefs/clk_metadata_adapter_v1_0
WARNING: [IP_Flow 19-1663] Duplicate IP found for 'xilinx.com:ip:shell_utils_build_info:1.0'. The one found in IP location '/home/gabri-bot/Vivado_projects/.workspace/myproject_kernel/vivado_rtl_kernel/myproject_kernel_ex/exports/_x/link/vivado/vpl/.local/hw_platform/iprepo/ipdefs/other_ipdefs/shell_utils_build_info_v1_0' will take precedence over the same IP in the Xilinx installed IP.
Command: synth_design -top bd_22c0_clk_hbm_adapt_0 -part xcu50-fsvh2104-2-e -mode out_of_context
Starting synth_design
Attempting to get a license for feature 'Synthesis' and/or device 'xcu50'
INFO: [Common 17-349] Got license for feature 'Synthesis' and/or device 'xcu50'
INFO: [Device 21-403] Loading part xcu50-fsvh2104-2-e
INFO: [Synth 8-7079] Multithreading enabled for synth_design using a maximum of 1 processes.
INFO: [Synth 8-7078] Launching helper process for spawning children vivado processes
INFO: [Synth 8-7075] Helper process launched with PID 16682
---------------------------------------------------------------------------------
Starting RTL Elaboration : Time (s): cpu = 00:00:03 ; elapsed = 00:00:04 . Memory (MB): peak = 3089.340 ; gain = 134.715 ; free physical = 3507 ; free virtual = 12655
---------------------------------------------------------------------------------
INFO: [Synth 8-6157] synthesizing module 'bd_22c0_clk_hbm_adapt_0' [/home/gabri-bot/Vivado_projects/.workspace/myproject_kernel/vivado_rtl_kernel/myproject_kernel_ex/exports/_x/link/vivado/vpl/prj/prj.srcs/my_rm/bd/bd/ip/ulp_ulp_ucs_0/bd_0/ip/ip_36/synth/bd_22c0_clk_hbm_adapt_0.v:57]
INFO: [Synth 8-6157] synthesizing module 'clk_metadata_adapter_v1_0_0' [/home/gabri-bot/Vivado_projects/.workspace/myproject_kernel/vivado_rtl_kernel/myproject_kernel_ex/exports/_x/link/vivado/vpl/prj/prj.srcs/my_rm/bd/bd/ipshared/d73f/hdl/clk_metadata_adapter_v1_0_vl_rfs.v:1]
INFO: [Synth 8-6155] done synthesizing module 'clk_metadata_adapter_v1_0_0' (1#1) [/home/gabri-bot/Vivado_projects/.workspace/myproject_kernel/vivado_rtl_kernel/myproject_kernel_ex/exports/_x/link/vivado/vpl/prj/prj.srcs/my_rm/bd/bd/ipshared/d73f/hdl/clk_metadata_adapter_v1_0_vl_rfs.v:1]
INFO: [Synth 8-6155] done synthesizing module 'bd_22c0_clk_hbm_adapt_0' (2#1) [/home/gabri-bot/Vivado_projects/.workspace/myproject_kernel/vivado_rtl_kernel/myproject_kernel_ex/exports/_x/link/vivado/vpl/prj/prj.srcs/my_rm/bd/bd/ip/ulp_ulp_ucs_0/bd_0/ip/ip_36/synth/bd_22c0_clk_hbm_adapt_0.v:57]
---------------------------------------------------------------------------------
Finished RTL Elaboration : Time (s): cpu = 00:00:04 ; elapsed = 00:00:05 . Memory (MB): peak = 3132.246 ; gain = 177.621 ; free physical = 5514 ; free virtual = 14664
---------------------------------------------------------------------------------
---------------------------------------------------------------------------------
Start Handling Custom Attributes
---------------------------------------------------------------------------------
---------------------------------------------------------------------------------
Finished Handling Custom Attributes : Time (s): cpu = 00:00:04 ; elapsed = 00:00:05 . Memory (MB): peak = 3147.090 ; gain = 192.465 ; free physical = 5488 ; free virtual = 14638
---------------------------------------------------------------------------------
---------------------------------------------------------------------------------
Finished RTL Optimization Phase 1 : Time (s): cpu = 00:00:04 ; elapsed = 00:00:05 . Memory (MB): peak = 3147.090 ; gain = 192.465 ; free physical = 5488 ; free virtual = 14638
---------------------------------------------------------------------------------
Netlist sorting complete. Time (s): cpu = 00:00:00 ; elapsed = 00:00:00 . Memory (MB): peak = 3147.090 ; gain = 0.000 ; free physical = 5481 ; free virtual = 14631
INFO: [Project 1-570] Preparing netlist for logic optimization

Processing XDC Constraints
Initializing timing engine
Completed Processing XDC Constraints

Netlist sorting complete. Time (s): cpu = 00:00:00 ; elapsed = 00:00:00 . Memory (MB): peak = 3176.906 ; gain = 0.000 ; free physical = 5026 ; free virtual = 14176
INFO: [Project 1-111] Unisim Transformation Summary:
No Unisim elements were transformed.

Constraint Validation Runtime : Time (s): cpu = 00:00:00.01 ; elapsed = 00:00:00.02 . Memory (MB): peak = 3188.812 ; gain = 11.906 ; free physical = 5022 ; free virtual = 14171
---------------------------------------------------------------------------------
Finished Constraint Validation : Time (s): cpu = 00:00:08 ; elapsed = 00:00:11 . Memory (MB): peak = 3188.812 ; gain = 234.188 ; free physical = 5113 ; free virtual = 14277
---------------------------------------------------------------------------------
---------------------------------------------------------------------------------
Start Loading Part and Timing Information
---------------------------------------------------------------------------------
Loading part: xcu50-fsvh2104-2-e
INFO: [Synth 8-6742] Reading net delay rules and data
---------------------------------------------------------------------------------
Finished Loading Part and Timing Information : Time (s): cpu = 00:00:08 ; elapsed = 00:00:11 . Memory (MB): peak = 3188.812 ; gain = 234.188 ; free physical = 5110 ; free virtual = 14274
---------------------------------------------------------------------------------
---------------------------------------------------------------------------------
Start Applying 'set_property' XDC Constraints
---------------------------------------------------------------------------------
---------------------------------------------------------------------------------
Finished applying 'set_property' XDC Constraints : Time (s): cpu = 00:00:08 ; elapsed = 00:00:11 . Memory (MB): peak = 3188.812 ; gain = 234.188 ; free physical = 5108 ; free virtual = 14272
---------------------------------------------------------------------------------
---------------------------------------------------------------------------------
Finished RTL Optimization Phase 2 : Time (s): cpu = 00:00:08 ; elapsed = 00:00:11 . Memory (MB): peak = 3188.812 ; gain = 234.188 ; free physical = 5091 ; free virtual = 14256
---------------------------------------------------------------------------------
---------------------------------------------------------------------------------
Start RTL Component Statistics 
---------------------------------------------------------------------------------
Detailed RTL Component Info : 
---------------------------------------------------------------------------------
Finished RTL Component Statistics 
---------------------------------------------------------------------------------
---------------------------------------------------------------------------------
Start Part Resource Summary
---------------------------------------------------------------------------------
Part Resources:
DSPs: 5952 (col length:93)
BRAMs: 2688 (col length: RAMB18 192 RAMB36 96)
---------------------------------------------------------------------------------
Finished Part Resource Summary
---------------------------------------------------------------------------------
---------------------------------------------------------------------------------
Start Cross Boundary and Area Optimization
---------------------------------------------------------------------------------
---------------------------------------------------------------------------------
Finished Cross Boundary and Area Optimization : Time (s): cpu = 00:00:09 ; elapsed = 00:00:12 . Memory (MB): peak = 3188.812 ; gain = 234.188 ; free physical = 5031 ; free virtual = 14198
---------------------------------------------------------------------------------
---------------------------------------------------------------------------------
Start Applying XDC Timing Constraints
---------------------------------------------------------------------------------
---------------------------------------------------------------------------------
Finished Applying XDC Timing Constraints : Time (s): cpu = 00:00:25 ; elapsed = 00:00:43 . Memory (MB): peak = 3601.641 ; gain = 647.016 ; free physical = 2915 ; free virtual = 12201
---------------------------------------------------------------------------------
---------------------------------------------------------------------------------
Start Timing Optimization
---------------------------------------------------------------------------------
---------------------------------------------------------------------------------
Finished Timing Optimization : Time (s): cpu = 00:00:25 ; elapsed = 00:00:43 . Memory (MB): peak = 3601.641 ; gain = 647.016 ; free physical = 2915 ; free virtual = 12201
---------------------------------------------------------------------------------
---------------------------------------------------------------------------------
Start Technology Mapping
---------------------------------------------------------------------------------
---------------------------------------------------------------------------------
Finished Technology Mapping : Time (s): cpu = 00:00:25 ; elapsed = 00:00:43 . Memory (MB): peak = 3620.672 ; gain = 666.047 ; free physical = 2913 ; free virtual = 12199
---------------------------------------------------------------------------------
---------------------------------------------------------------------------------
Start IO Insertion
---------------------------------------------------------------------------------
---------------------------------------------------------------------------------
Start Flattening Before IO Insertion
---------------------------------------------------------------------------------
---------------------------------------------------------------------------------
Finished Flattening Before IO Insertion
---------------------------------------------------------------------------------
---------------------------------------------------------------------------------
Start Final Netlist Cleanup
---------------------------------------------------------------------------------
---------------------------------------------------------------------------------
Finished Final Netlist Cleanup
---------------------------------------------------------------------------------
---------------------------------------------------------------------------------
Finished IO Insertion : Time (s): cpu = 00:00:27 ; elapsed = 00:00:45 . Memory (MB): peak = 3626.609 ; gain = 671.984 ; free physical = 2891 ; free virtual = 12177
---------------------------------------------------------------------------------
---------------------------------------------------------------------------------
Start Renaming Generated Instances
---------------------------------------------------------------------------------
---------------------------------------------------------------------------------
Finished Renaming Generated Instances : Time (s): cpu = 00:00:27 ; elapsed = 00:00:45 . Memory (MB): peak = 3626.609 ; gain = 671.984 ; free physical = 2893 ; free virtual = 12179
---------------------------------------------------------------------------------
---------------------------------------------------------------------------------
Start Rebuilding User Hierarchy
---------------------------------------------------------------------------------
---------------------------------------------------------------------------------
Finished Rebuilding User Hierarchy : Time (s): cpu = 00:00:27 ; elapsed = 00:00:45 . Memory (MB): peak = 3626.609 ; gain = 671.984 ; free physical = 2896 ; free virtual = 12182
---------------------------------------------------------------------------------
---------------------------------------------------------------------------------
Start Renaming Generated Ports
---------------------------------------------------------------------------------
---------------------------------------------------------------------------------
Finished Renaming Generated Ports : Time (s): cpu = 00:00:27 ; elapsed = 00:00:45 . Memory (MB): peak = 3626.609 ; gain = 671.984 ; free physical = 2897 ; free virtual = 12184
---------------------------------------------------------------------------------
---------------------------------------------------------------------------------
Start Handling Custom Attributes
---------------------------------------------------------------------------------
---------------------------------------------------------------------------------
Finished Handling Custom Attributes : Time (s): cpu = 00:00:27 ; elapsed = 00:00:45 . Memory (MB): peak = 3626.609 ; gain = 671.984 ; free physical = 2897 ; free virtual = 12184
---------------------------------------------------------------------------------
---------------------------------------------------------------------------------
Start Renaming Generated Nets
---------------------------------------------------------------------------------
---------------------------------------------------------------------------------
Finished Renaming Generated Nets : Time (s): cpu = 00:00:27 ; elapsed = 00:00:45 . Memory (MB): peak = 3626.609 ; gain = 671.984 ; free physical = 2897 ; free virtual = 12184
---------------------------------------------------------------------------------
---------------------------------------------------------------------------------
Start Writing Synthesis Report
---------------------------------------------------------------------------------

Report BlackBoxes: 
+-+--------------+----------+
| |BlackBox name |Instances |
+-+--------------+----------+
+-+--------------+----------+

Report Cell Usage: 
+-+-----+------+
| |Cell |Count |
+-+-----+------+
+-+-----+------+
---------------------------------------------------------------------------------
Finished Writing Synthesis Report : Time (s): cpu = 00:00:27 ; elapsed = 00:00:45 . Memory (MB): peak = 3626.609 ; gain = 671.984 ; free physical = 2897 ; free virtual = 12184
---------------------------------------------------------------------------------
Synthesis finished with 0 errors, 0 critical warnings and 0 warnings.
Synthesis Optimization Runtime : Time (s): cpu = 00:00:25 ; elapsed = 00:00:42 . Memory (MB): peak = 3626.609 ; gain = 630.262 ; free physical = 2989 ; free virtual = 12276
Synthesis Optimization Complete : Time (s): cpu = 00:00:27 ; elapsed = 00:00:45 . Memory (MB): peak = 3626.617 ; gain = 671.984 ; free physical = 2992 ; free virtual = 12278
INFO: [Project 1-571] Translating synthesized netlist
Netlist sorting complete. Time (s): cpu = 00:00:00 ; elapsed = 00:00:00 . Memory (MB): peak = 3626.617 ; gain = 0.000 ; free physical = 2984 ; free virtual = 12270
INFO: [Project 1-570] Preparing netlist for logic optimization
INFO: [Opt 31-138] Pushed 0 inverter(s) to 0 load pin(s).
Netlist sorting complete. Time (s): cpu = 00:00:00 ; elapsed = 00:00:00 . Memory (MB): peak = 3674.883 ; gain = 0.000 ; free physical = 2920 ; free virtual = 12206
INFO: [Project 1-111] Unisim Transformation Summary:
No Unisim elements were transformed.

INFO: [Common 17-83] Releasing license: Synthesis
24 Infos, 4 Warnings, 0 Critical Warnings and 0 Errors encountered.
synth_design completed successfully
synth_design: Time (s): cpu = 00:00:40 ; elapsed = 00:01:00 . Memory (MB): peak = 3674.883 ; gain = 1515.621 ; free physical = 3157 ; free virtual = 12444
INFO: [Common 17-600] The following parameters have non-default value.
general.maxThreads
INFO: [Common 17-1381] The checkpoint '/home/gabri-bot/Vivado_projects/.workspace/myproject_kernel/vivado_rtl_kernel/myproject_kernel_ex/exports/_x/link/vivado/vpl/prj/prj.runs/bd_22c0_clk_hbm_adapt_0_synth_1/bd_22c0_clk_hbm_adapt_0.dcp' has been generated.
WARNING: [Common 17-576] 'use_project_ipc' is deprecated. This option is deprecated and no longer used.
INFO: [Coretcl 2-1648] Added synthesis output to IP cache for IP bd_22c0_clk_hbm_adapt_0, cache-ID = 48b9deb4ec47d7be
INFO: [Common 17-1381] The checkpoint '/home/gabri-bot/Vivado_projects/.workspace/myproject_kernel/vivado_rtl_kernel/myproject_kernel_ex/exports/_x/link/vivado/vpl/prj/prj.runs/bd_22c0_clk_hbm_adapt_0_synth_1/bd_22c0_clk_hbm_adapt_0.dcp' has been generated.
INFO: [runtcl-4] Executing : report_utilization -file bd_22c0_clk_hbm_adapt_0_utilization_synth.rpt -pb bd_22c0_clk_hbm_adapt_0_utilization_synth.pb
INFO: [Common 17-206] Exiting Vivado at Tue Dec  7 00:53:03 2021...
