
*** Running vivado
    with args -log ulp_hmss_0_0.vds -m64 -product Vivado -mode batch -messageDb vivado.pb -notrace -source ulp_hmss_0_0.tcl


****** Vivado v2020.1 (64-bit)
  **** SW Build 2902540 on Wed May 27 19:54:35 MDT 2020
  **** IP Build 2902112 on Wed May 27 22:43:36 MDT 2020
    ** Copyright 1986-2020 Xilinx, Inc. All Rights Reserved.

source ulp_hmss_0_0.tcl -notrace
INFO: Dispatch client connection id - 35905
INFO: [IP_Flow 19-234] Refreshing IP repositories
INFO: [IP_Flow 19-1700] Loaded user IP repository '/home/gabri-bot/Vivado_projects/.workspace/myproject_kernel/vivado_rtl_kernel/myproject_kernel_ex/exports/_x/link/int/xo/ip_repo/fastmachinelearning_kernel_myproject_kernel_1_0'.
INFO: [IP_Flow 19-1700] Loaded user IP repository '/home/gabri-bot/Vivado_projects/.workspace/myproject_kernel/vivado_rtl_kernel/myproject_kernel_ex/exports/_x/link/vivado/vpl/.local/hw_platform/iprepo'.
INFO: [IP_Flow 19-1700] Loaded user IP repository '/tools/Xilinx/Vitis/2020.1/data/cache/xilinx'.
INFO: [IP_Flow 19-1700] Loaded user IP repository '/home/gabri-bot/Vivado_projects/.workspace/myproject_kernel/vivado_rtl_kernel/myproject_kernel_ex/exports/_x/link/vivado/vpl/.local/hw_platform/ipcache'.
INFO: [IP_Flow 19-1700] Loaded user IP repository '/tools/Xilinx/Vitis/2020.1/data/ip'.
INFO: [IP_Flow 19-2313] Loaded Vivado IP repository '/tools/Xilinx/Vivado/2020.1/data/ip'.
WARNING: [IP_Flow 19-1663] Duplicate IP found for 'xilinx.com:ip:axis_clk_metadata_adapter:1.0'. The one found in IP location '/home/gabri-bot/Vivado_projects/.workspace/myproject_kernel/vivado_rtl_kernel/myproject_kernel_ex/exports/_x/link/vivado/vpl/.local/hw_platform/iprepo/ipdefs/other_ipdefs/axis_clk_metadata_adapter_v1_0' will take precedence over the same IP in location /home/gabri-bot/Vivado_projects/.workspace/myproject_kernel/vivado_rtl_kernel/myproject_kernel_ex/exports/_x/link/vivado/vpl/.local/hw_platform/iprepo/ipdefs/ii_infra_ipdefs/axis_clk_metadata_adapter_v1_0
WARNING: [IP_Flow 19-1663] Duplicate IP found for 'xilinx.com:ip:axi_clk_metadata_adapter:1.0'. The one found in IP location '/home/gabri-bot/Vivado_projects/.workspace/myproject_kernel/vivado_rtl_kernel/myproject_kernel_ex/exports/_x/link/vivado/vpl/.local/hw_platform/iprepo/ipdefs/other_ipdefs/axi_clk_metadata_adapter_v1_0' will take precedence over the same IP in location /home/gabri-bot/Vivado_projects/.workspace/myproject_kernel/vivado_rtl_kernel/myproject_kernel_ex/exports/_x/link/vivado/vpl/.local/hw_platform/iprepo/ipdefs/ii_infra_ipdefs/axi_clk_metadata_adapter_v1_0
WARNING: [IP_Flow 19-1663] Duplicate IP found for 'xilinx.com:ip:clk_metadata_adapter:1.0'. The one found in IP location '/home/gabri-bot/Vivado_projects/.workspace/myproject_kernel/vivado_rtl_kernel/myproject_kernel_ex/exports/_x/link/vivado/vpl/.local/hw_platform/iprepo/ipdefs/other_ipdefs/clk_metadata_adapter_v1_0' will take precedence over the same IP in location /home/gabri-bot/Vivado_projects/.workspace/myproject_kernel/vivado_rtl_kernel/myproject_kernel_ex/exports/_x/link/vivado/vpl/.local/hw_platform/iprepo/ipdefs/ii_infra_ipdefs/clk_metadata_adapter_v1_0
WARNING: [IP_Flow 19-1663] Duplicate IP found for 'xilinx.com:ip:shell_utils_build_info:1.0'. The one found in IP location '/home/gabri-bot/Vivado_projects/.workspace/myproject_kernel/vivado_rtl_kernel/myproject_kernel_ex/exports/_x/link/vivado/vpl/.local/hw_platform/iprepo/ipdefs/other_ipdefs/shell_utils_build_info_v1_0' will take precedence over the same IP in the Xilinx installed IP.
Command: synth_design -top ulp_hmss_0_0 -part xcu50-fsvh2104-2-e -mode out_of_context
Starting synth_design
Attempting to get a license for feature 'Synthesis' and/or device 'xcu50'
INFO: [Common 17-349] Got license for feature 'Synthesis' and/or device 'xcu50'
INFO: [Device 21-403] Loading part xcu50-fsvh2104-2-e
INFO: [Synth 8-7079] Multithreading enabled for synth_design using a maximum of 1 processes.
INFO: [Synth 8-7078] Launching helper process for spawning children vivado processes
INFO: [Synth 8-7075] Helper process launched with PID 5946
---------------------------------------------------------------------------------
Starting RTL Elaboration : Time (s): cpu = 00:00:02 ; elapsed = 00:00:03 . Memory (MB): peak = 3137.367 ; gain = 135.715 ; free physical = 22816 ; free virtual = 28151
---------------------------------------------------------------------------------
INFO: [Synth 8-6157] synthesizing module 'ulp_hmss_0_0' [/home/gabri-bot/Vivado_projects/.workspace/myproject_kernel/vivado_rtl_kernel/myproject_kernel_ex/exports/_x/link/vivado/vpl/prj/prj.srcs/my_rm/bd/bd/ip/ulp_hmss_0_0/synth/ulp_hmss_0_0.v:83]
INFO: [Synth 8-6157] synthesizing module 'bd_85ad' [/home/gabri-bot/Vivado_projects/.workspace/myproject_kernel/vivado_rtl_kernel/myproject_kernel_ex/exports/_x/link/vivado/vpl/prj/prj.srcs/my_rm/bd/bd/ip/ulp_hmss_0_0/bd_0/synth/bd_85ad.v:10]
INFO: [Synth 8-6157] synthesizing module 'bd_85ad_axi_apb_bridge_inst_0' [/home/gabri-bot/Vivado_projects/.workspace/myproject_kernel/vivado_rtl_kernel/myproject_kernel_ex/exports/_x/link/vivado/vpl/prj/prj.runs/ulp_hmss_0_0_synth_1/.Xil/Vivado-5921-gabribot-X570-AORUS-ELITE/realtime/bd_85ad_axi_apb_bridge_inst_0_stub.v:6]
INFO: [Synth 8-6155] done synthesizing module 'bd_85ad_axi_apb_bridge_inst_0' (1#1) [/home/gabri-bot/Vivado_projects/.workspace/myproject_kernel/vivado_rtl_kernel/myproject_kernel_ex/exports/_x/link/vivado/vpl/prj/prj.runs/ulp_hmss_0_0_synth_1/.Xil/Vivado-5921-gabribot-X570-AORUS-ELITE/realtime/bd_85ad_axi_apb_bridge_inst_0_stub.v:6]
INFO: [Synth 8-6157] synthesizing module 'bd_85ad_hbm_inst_0' [/home/gabri-bot/Vivado_projects/.workspace/myproject_kernel/vivado_rtl_kernel/myproject_kernel_ex/exports/_x/link/vivado/vpl/prj/prj.runs/ulp_hmss_0_0_synth_1/.Xil/Vivado-5921-gabribot-X570-AORUS-ELITE/realtime/bd_85ad_hbm_inst_0_stub.v:6]
INFO: [Synth 8-6155] done synthesizing module 'bd_85ad_hbm_inst_0' (2#1) [/home/gabri-bot/Vivado_projects/.workspace/myproject_kernel/vivado_rtl_kernel/myproject_kernel_ex/exports/_x/link/vivado/vpl/prj/prj.runs/ulp_hmss_0_0_synth_1/.Xil/Vivado-5921-gabribot-X570-AORUS-ELITE/realtime/bd_85ad_hbm_inst_0_stub.v:6]
WARNING: [Synth 8-7071] port 'AXI_00_RDATA_PARITY' of module 'bd_85ad_hbm_inst_0' is unconnected for instance 'hbm_inst' [/home/gabri-bot/Vivado_projects/.workspace/myproject_kernel/vivado_rtl_kernel/myproject_kernel_ex/exports/_x/link/vivado/vpl/prj/prj.srcs/my_rm/bd/bd/ip/ulp_hmss_0_0/bd_0/synth/bd_85ad.v:739]
WARNING: [Synth 8-7071] port 'AXI_00_RID' of module 'bd_85ad_hbm_inst_0' is unconnected for instance 'hbm_inst' [/home/gabri-bot/Vivado_projects/.workspace/myproject_kernel/vivado_rtl_kernel/myproject_kernel_ex/exports/_x/link/vivado/vpl/prj/prj.srcs/my_rm/bd/bd/ip/ulp_hmss_0_0/bd_0/synth/bd_85ad.v:739]
WARNING: [Synth 8-7071] port 'AXI_00_BID' of module 'bd_85ad_hbm_inst_0' is unconnected for instance 'hbm_inst' [/home/gabri-bot/Vivado_projects/.workspace/myproject_kernel/vivado_rtl_kernel/myproject_kernel_ex/exports/_x/link/vivado/vpl/prj/prj.srcs/my_rm/bd/bd/ip/ulp_hmss_0_0/bd_0/synth/bd_85ad.v:739]
WARNING: [Synth 8-7071] port 'AXI_01_RDATA_PARITY' of module 'bd_85ad_hbm_inst_0' is unconnected for instance 'hbm_inst' [/home/gabri-bot/Vivado_projects/.workspace/myproject_kernel/vivado_rtl_kernel/myproject_kernel_ex/exports/_x/link/vivado/vpl/prj/prj.srcs/my_rm/bd/bd/ip/ulp_hmss_0_0/bd_0/synth/bd_85ad.v:739]
WARNING: [Synth 8-7071] port 'AXI_01_RID' of module 'bd_85ad_hbm_inst_0' is unconnected for instance 'hbm_inst' [/home/gabri-bot/Vivado_projects/.workspace/myproject_kernel/vivado_rtl_kernel/myproject_kernel_ex/exports/_x/link/vivado/vpl/prj/prj.srcs/my_rm/bd/bd/ip/ulp_hmss_0_0/bd_0/synth/bd_85ad.v:739]
WARNING: [Synth 8-7071] port 'AXI_01_BID' of module 'bd_85ad_hbm_inst_0' is unconnected for instance 'hbm_inst' [/home/gabri-bot/Vivado_projects/.workspace/myproject_kernel/vivado_rtl_kernel/myproject_kernel_ex/exports/_x/link/vivado/vpl/prj/prj.srcs/my_rm/bd/bd/ip/ulp_hmss_0_0/bd_0/synth/bd_85ad.v:739]
WARNING: [Synth 8-7071] port 'AXI_02_RDATA_PARITY' of module 'bd_85ad_hbm_inst_0' is unconnected for instance 'hbm_inst' [/home/gabri-bot/Vivado_projects/.workspace/myproject_kernel/vivado_rtl_kernel/myproject_kernel_ex/exports/_x/link/vivado/vpl/prj/prj.srcs/my_rm/bd/bd/ip/ulp_hmss_0_0/bd_0/synth/bd_85ad.v:739]
WARNING: [Synth 8-7071] port 'AXI_02_RID' of module 'bd_85ad_hbm_inst_0' is unconnected for instance 'hbm_inst' [/home/gabri-bot/Vivado_projects/.workspace/myproject_kernel/vivado_rtl_kernel/myproject_kernel_ex/exports/_x/link/vivado/vpl/prj/prj.srcs/my_rm/bd/bd/ip/ulp_hmss_0_0/bd_0/synth/bd_85ad.v:739]
WARNING: [Synth 8-7071] port 'AXI_02_BID' of module 'bd_85ad_hbm_inst_0' is unconnected for instance 'hbm_inst' [/home/gabri-bot/Vivado_projects/.workspace/myproject_kernel/vivado_rtl_kernel/myproject_kernel_ex/exports/_x/link/vivado/vpl/prj/prj.srcs/my_rm/bd/bd/ip/ulp_hmss_0_0/bd_0/synth/bd_85ad.v:739]
WARNING: [Synth 8-7023] instance 'hbm_inst' of module 'bd_85ad_hbm_inst_0' has 113 connections declared, but only 104 given [/home/gabri-bot/Vivado_projects/.workspace/myproject_kernel/vivado_rtl_kernel/myproject_kernel_ex/exports/_x/link/vivado/vpl/prj/prj.srcs/my_rm/bd/bd/ip/ulp_hmss_0_0/bd_0/synth/bd_85ad.v:739]
INFO: [Synth 8-6157] synthesizing module 'bd_85ad_hbm_reset_sync_SLR0_0' [/home/gabri-bot/Vivado_projects/.workspace/myproject_kernel/vivado_rtl_kernel/myproject_kernel_ex/exports/_x/link/vivado/vpl/prj/prj.runs/ulp_hmss_0_0_synth_1/.Xil/Vivado-5921-gabribot-X570-AORUS-ELITE/realtime/bd_85ad_hbm_reset_sync_SLR0_0_stub.v:6]
INFO: [Synth 8-6155] done synthesizing module 'bd_85ad_hbm_reset_sync_SLR0_0' (3#1) [/home/gabri-bot/Vivado_projects/.workspace/myproject_kernel/vivado_rtl_kernel/myproject_kernel_ex/exports/_x/link/vivado/vpl/prj/prj.runs/ulp_hmss_0_0_synth_1/.Xil/Vivado-5921-gabribot-X570-AORUS-ELITE/realtime/bd_85ad_hbm_reset_sync_SLR0_0_stub.v:6]
WARNING: [Synth 8-7071] port 'mb_reset' of module 'bd_85ad_hbm_reset_sync_SLR0_0' is unconnected for instance 'hbm_reset_sync_SLR0' [/home/gabri-bot/Vivado_projects/.workspace/myproject_kernel/vivado_rtl_kernel/myproject_kernel_ex/exports/_x/link/vivado/vpl/prj/prj.srcs/my_rm/bd/bd/ip/ulp_hmss_0_0/bd_0/synth/bd_85ad.v:844]
WARNING: [Synth 8-7071] port 'bus_struct_reset' of module 'bd_85ad_hbm_reset_sync_SLR0_0' is unconnected for instance 'hbm_reset_sync_SLR0' [/home/gabri-bot/Vivado_projects/.workspace/myproject_kernel/vivado_rtl_kernel/myproject_kernel_ex/exports/_x/link/vivado/vpl/prj/prj.srcs/my_rm/bd/bd/ip/ulp_hmss_0_0/bd_0/synth/bd_85ad.v:844]
WARNING: [Synth 8-7071] port 'peripheral_reset' of module 'bd_85ad_hbm_reset_sync_SLR0_0' is unconnected for instance 'hbm_reset_sync_SLR0' [/home/gabri-bot/Vivado_projects/.workspace/myproject_kernel/vivado_rtl_kernel/myproject_kernel_ex/exports/_x/link/vivado/vpl/prj/prj.srcs/my_rm/bd/bd/ip/ulp_hmss_0_0/bd_0/synth/bd_85ad.v:844]
WARNING: [Synth 8-7071] port 'peripheral_aresetn' of module 'bd_85ad_hbm_reset_sync_SLR0_0' is unconnected for instance 'hbm_reset_sync_SLR0' [/home/gabri-bot/Vivado_projects/.workspace/myproject_kernel/vivado_rtl_kernel/myproject_kernel_ex/exports/_x/link/vivado/vpl/prj/prj.srcs/my_rm/bd/bd/ip/ulp_hmss_0_0/bd_0/synth/bd_85ad.v:844]
WARNING: [Synth 8-7023] instance 'hbm_reset_sync_SLR0' of module 'bd_85ad_hbm_reset_sync_SLR0_0' has 10 connections declared, but only 6 given [/home/gabri-bot/Vivado_projects/.workspace/myproject_kernel/vivado_rtl_kernel/myproject_kernel_ex/exports/_x/link/vivado/vpl/prj/prj.srcs/my_rm/bd/bd/ip/ulp_hmss_0_0/bd_0/synth/bd_85ad.v:844]
INFO: [Synth 8-6157] synthesizing module 'init_logic_imp_KAN0DP' [/home/gabri-bot/Vivado_projects/.workspace/myproject_kernel/vivado_rtl_kernel/myproject_kernel_ex/exports/_x/link/vivado/vpl/prj/prj.srcs/my_rm/bd/bd/ip/ulp_hmss_0_0/bd_0/synth/bd_85ad.v:1238]
INFO: [Synth 8-6157] synthesizing module 'bd_85ad_init_concat_0' [/home/gabri-bot/Vivado_projects/.workspace/myproject_kernel/vivado_rtl_kernel/myproject_kernel_ex/exports/_x/link/vivado/vpl/prj/prj.srcs/my_rm/bd/bd/ip/ulp_hmss_0_0/bd_0/ip/ip_12/synth/bd_85ad_init_concat_0.v:58]
INFO: [Synth 8-6157] synthesizing module 'xlconcat_v2_1_3_xlconcat' [/home/gabri-bot/Vivado_projects/.workspace/myproject_kernel/vivado_rtl_kernel/myproject_kernel_ex/exports/_x/link/vivado/vpl/prj/prj.srcs/my_rm/bd/bd/ipshared/442e/hdl/xlconcat_v2_1_vl_rfs.v:14]
	Parameter IN0_WIDTH bound to: 1 - type: integer 
	Parameter IN1_WIDTH bound to: 1 - type: integer 
	Parameter IN2_WIDTH bound to: 1 - type: integer 
	Parameter IN3_WIDTH bound to: 1 - type: integer 
	Parameter IN4_WIDTH bound to: 1 - type: integer 
	Parameter IN5_WIDTH bound to: 1 - type: integer 
	Parameter IN6_WIDTH bound to: 1 - type: integer 
	Parameter IN7_WIDTH bound to: 1 - type: integer 
	Parameter IN8_WIDTH bound to: 1 - type: integer 
	Parameter IN9_WIDTH bound to: 1 - type: integer 
	Parameter IN10_WIDTH bound to: 1 - type: integer 
	Parameter IN11_WIDTH bound to: 1 - type: integer 
	Parameter IN12_WIDTH bound to: 1 - type: integer 
	Parameter IN13_WIDTH bound to: 1 - type: integer 
	Parameter IN14_WIDTH bound to: 1 - type: integer 
	Parameter IN15_WIDTH bound to: 1 - type: integer 
	Parameter IN16_WIDTH bound to: 1 - type: integer 
	Parameter IN17_WIDTH bound to: 1 - type: integer 
	Parameter IN18_WIDTH bound to: 1 - type: integer 
	Parameter IN19_WIDTH bound to: 1 - type: integer 
	Parameter IN20_WIDTH bound to: 1 - type: integer 
	Parameter IN21_WIDTH bound to: 1 - type: integer 
	Parameter IN22_WIDTH bound to: 1 - type: integer 
	Parameter IN23_WIDTH bound to: 1 - type: integer 
	Parameter IN24_WIDTH bound to: 1 - type: integer 
	Parameter IN25_WIDTH bound to: 1 - type: integer 
	Parameter IN26_WIDTH bound to: 1 - type: integer 
	Parameter IN27_WIDTH bound to: 1 - type: integer 
	Parameter IN28_WIDTH bound to: 1 - type: integer 
	Parameter IN29_WIDTH bound to: 1 - type: integer 
	Parameter IN30_WIDTH bound to: 1 - type: integer 
	Parameter IN31_WIDTH bound to: 1 - type: integer 
	Parameter dout_width bound to: 1 - type: integer 
	Parameter NUM_PORTS bound to: 1 - type: integer 
INFO: [Synth 8-6155] done synthesizing module 'xlconcat_v2_1_3_xlconcat' (4#1) [/home/gabri-bot/Vivado_projects/.workspace/myproject_kernel/vivado_rtl_kernel/myproject_kernel_ex/exports/_x/link/vivado/vpl/prj/prj.srcs/my_rm/bd/bd/ipshared/442e/hdl/xlconcat_v2_1_vl_rfs.v:14]
INFO: [Synth 8-6155] done synthesizing module 'bd_85ad_init_concat_0' (5#1) [/home/gabri-bot/Vivado_projects/.workspace/myproject_kernel/vivado_rtl_kernel/myproject_kernel_ex/exports/_x/link/vivado/vpl/prj/prj.srcs/my_rm/bd/bd/ip/ulp_hmss_0_0/bd_0/ip/ip_12/synth/bd_85ad_init_concat_0.v:58]
INFO: [Synth 8-6157] synthesizing module 'bd_85ad_init_reduce_0' [/home/gabri-bot/Vivado_projects/.workspace/myproject_kernel/vivado_rtl_kernel/myproject_kernel_ex/exports/_x/link/vivado/vpl/prj/prj.runs/ulp_hmss_0_0_synth_1/.Xil/Vivado-5921-gabribot-X570-AORUS-ELITE/realtime/bd_85ad_init_reduce_0_stub.v:6]
INFO: [Synth 8-6155] done synthesizing module 'bd_85ad_init_reduce_0' (6#1) [/home/gabri-bot/Vivado_projects/.workspace/myproject_kernel/vivado_rtl_kernel/myproject_kernel_ex/exports/_x/link/vivado/vpl/prj/prj.runs/ulp_hmss_0_0_synth_1/.Xil/Vivado-5921-gabribot-X570-AORUS-ELITE/realtime/bd_85ad_init_reduce_0_stub.v:6]
INFO: [Synth 8-6155] done synthesizing module 'init_logic_imp_KAN0DP' (7#1) [/home/gabri-bot/Vivado_projects/.workspace/myproject_kernel/vivado_rtl_kernel/myproject_kernel_ex/exports/_x/link/vivado/vpl/prj/prj.srcs/my_rm/bd/bd/ip/ulp_hmss_0_0/bd_0/synth/bd_85ad.v:1238]
INFO: [Synth 8-6157] synthesizing module 'path_0_imp_1VLZ12L' [/home/gabri-bot/Vivado_projects/.workspace/myproject_kernel/vivado_rtl_kernel/myproject_kernel_ex/exports/_x/link/vivado/vpl/prj/prj.srcs/my_rm/bd/bd/ip/ulp_hmss_0_0/bd_0/synth/bd_85ad.v:1258]
INFO: [Synth 8-6157] synthesizing module 'bd_85ad_interconnect1_0_0' [/home/gabri-bot/Vivado_projects/.workspace/myproject_kernel/vivado_rtl_kernel/myproject_kernel_ex/exports/_x/link/vivado/vpl/prj/prj.runs/ulp_hmss_0_0_synth_1/.Xil/Vivado-5921-gabribot-X570-AORUS-ELITE/realtime/bd_85ad_interconnect1_0_0_stub.v:6]
INFO: [Synth 8-6155] done synthesizing module 'bd_85ad_interconnect1_0_0' (8#1) [/home/gabri-bot/Vivado_projects/.workspace/myproject_kernel/vivado_rtl_kernel/myproject_kernel_ex/exports/_x/link/vivado/vpl/prj/prj.runs/ulp_hmss_0_0_synth_1/.Xil/Vivado-5921-gabribot-X570-AORUS-ELITE/realtime/bd_85ad_interconnect1_0_0_stub.v:6]
INFO: [Synth 8-6157] synthesizing module 'bd_85ad_slice1_0_0' [/home/gabri-bot/Vivado_projects/.workspace/myproject_kernel/vivado_rtl_kernel/myproject_kernel_ex/exports/_x/link/vivado/vpl/prj/prj.runs/ulp_hmss_0_0_synth_1/.Xil/Vivado-5921-gabribot-X570-AORUS-ELITE/realtime/bd_85ad_slice1_0_0_stub.v:6]
INFO: [Synth 8-6155] done synthesizing module 'bd_85ad_slice1_0_0' (9#1) [/home/gabri-bot/Vivado_projects/.workspace/myproject_kernel/vivado_rtl_kernel/myproject_kernel_ex/exports/_x/link/vivado/vpl/prj/prj.runs/ulp_hmss_0_0_synth_1/.Xil/Vivado-5921-gabribot-X570-AORUS-ELITE/realtime/bd_85ad_slice1_0_0_stub.v:6]
WARNING: [Synth 8-7071] port 'm_axi_awsize' of module 'bd_85ad_slice1_0_0' is unconnected for instance 'slice1_0' [/home/gabri-bot/Vivado_projects/.workspace/myproject_kernel/vivado_rtl_kernel/myproject_kernel_ex/exports/_x/link/vivado/vpl/prj/prj.srcs/my_rm/bd/bd/ip/ulp_hmss_0_0/bd_0/synth/bd_85ad.v:1636]
WARNING: [Synth 8-7071] port 'm_axi_arsize' of module 'bd_85ad_slice1_0_0' is unconnected for instance 'slice1_0' [/home/gabri-bot/Vivado_projects/.workspace/myproject_kernel/vivado_rtl_kernel/myproject_kernel_ex/exports/_x/link/vivado/vpl/prj/prj.srcs/my_rm/bd/bd/ip/ulp_hmss_0_0/bd_0/synth/bd_85ad.v:1636]
WARNING: [Synth 8-7023] instance 'slice1_0' of module 'bd_85ad_slice1_0_0' has 68 connections declared, but only 66 given [/home/gabri-bot/Vivado_projects/.workspace/myproject_kernel/vivado_rtl_kernel/myproject_kernel_ex/exports/_x/link/vivado/vpl/prj/prj.srcs/my_rm/bd/bd/ip/ulp_hmss_0_0/bd_0/synth/bd_85ad.v:1636]
INFO: [Synth 8-6155] done synthesizing module 'path_0_imp_1VLZ12L' (10#1) [/home/gabri-bot/Vivado_projects/.workspace/myproject_kernel/vivado_rtl_kernel/myproject_kernel_ex/exports/_x/link/vivado/vpl/prj/prj.srcs/my_rm/bd/bd/ip/ulp_hmss_0_0/bd_0/synth/bd_85ad.v:1258]
INFO: [Synth 8-6157] synthesizing module 'path_1_imp_HHIY0J' [/home/gabri-bot/Vivado_projects/.workspace/myproject_kernel/vivado_rtl_kernel/myproject_kernel_ex/exports/_x/link/vivado/vpl/prj/prj.srcs/my_rm/bd/bd/ip/ulp_hmss_0_0/bd_0/synth/bd_85ad.v:1705]
INFO: [Synth 8-6157] synthesizing module 'bd_85ad_interconnect2_1_0' [/home/gabri-bot/Vivado_projects/.workspace/myproject_kernel/vivado_rtl_kernel/myproject_kernel_ex/exports/_x/link/vivado/vpl/prj/prj.runs/ulp_hmss_0_0_synth_1/.Xil/Vivado-5921-gabribot-X570-AORUS-ELITE/realtime/bd_85ad_interconnect2_1_0_stub.v:6]
INFO: [Synth 8-6155] done synthesizing module 'bd_85ad_interconnect2_1_0' (11#1) [/home/gabri-bot/Vivado_projects/.workspace/myproject_kernel/vivado_rtl_kernel/myproject_kernel_ex/exports/_x/link/vivado/vpl/prj/prj.runs/ulp_hmss_0_0_synth_1/.Xil/Vivado-5921-gabribot-X570-AORUS-ELITE/realtime/bd_85ad_interconnect2_1_0_stub.v:6]
INFO: [Synth 8-6157] synthesizing module 'bd_85ad_slice2_1_0' [/home/gabri-bot/Vivado_projects/.workspace/myproject_kernel/vivado_rtl_kernel/myproject_kernel_ex/exports/_x/link/vivado/vpl/prj/prj.runs/ulp_hmss_0_0_synth_1/.Xil/Vivado-5921-gabribot-X570-AORUS-ELITE/realtime/bd_85ad_slice2_1_0_stub.v:6]
INFO: [Synth 8-6155] done synthesizing module 'bd_85ad_slice2_1_0' (12#1) [/home/gabri-bot/Vivado_projects/.workspace/myproject_kernel/vivado_rtl_kernel/myproject_kernel_ex/exports/_x/link/vivado/vpl/prj/prj.runs/ulp_hmss_0_0_synth_1/.Xil/Vivado-5921-gabribot-X570-AORUS-ELITE/realtime/bd_85ad_slice2_1_0_stub.v:6]
WARNING: [Synth 8-7071] port 'm_axi_awsize' of module 'bd_85ad_slice2_1_0' is unconnected for instance 'slice2_1' [/home/gabri-bot/Vivado_projects/.workspace/myproject_kernel/vivado_rtl_kernel/myproject_kernel_ex/exports/_x/link/vivado/vpl/prj/prj.srcs/my_rm/bd/bd/ip/ulp_hmss_0_0/bd_0/synth/bd_85ad.v:2083]
WARNING: [Synth 8-7071] port 'm_axi_arsize' of module 'bd_85ad_slice2_1_0' is unconnected for instance 'slice2_1' [/home/gabri-bot/Vivado_projects/.workspace/myproject_kernel/vivado_rtl_kernel/myproject_kernel_ex/exports/_x/link/vivado/vpl/prj/prj.srcs/my_rm/bd/bd/ip/ulp_hmss_0_0/bd_0/synth/bd_85ad.v:2083]
WARNING: [Synth 8-7023] instance 'slice2_1' of module 'bd_85ad_slice2_1_0' has 68 connections declared, but only 66 given [/home/gabri-bot/Vivado_projects/.workspace/myproject_kernel/vivado_rtl_kernel/myproject_kernel_ex/exports/_x/link/vivado/vpl/prj/prj.srcs/my_rm/bd/bd/ip/ulp_hmss_0_0/bd_0/synth/bd_85ad.v:2083]
INFO: [Synth 8-6155] done synthesizing module 'path_1_imp_HHIY0J' (13#1) [/home/gabri-bot/Vivado_projects/.workspace/myproject_kernel/vivado_rtl_kernel/myproject_kernel_ex/exports/_x/link/vivado/vpl/prj/prj.srcs/my_rm/bd/bd/ip/ulp_hmss_0_0/bd_0/synth/bd_85ad.v:1705]
INFO: [Synth 8-6157] synthesizing module 'path_2_imp_1D9COY8' [/home/gabri-bot/Vivado_projects/.workspace/myproject_kernel/vivado_rtl_kernel/myproject_kernel_ex/exports/_x/link/vivado/vpl/prj/prj.srcs/my_rm/bd/bd/ip/ulp_hmss_0_0/bd_0/synth/bd_85ad.v:2152]
INFO: [Synth 8-6157] synthesizing module 'bd_85ad_interconnect0_2_0' [/home/gabri-bot/Vivado_projects/.workspace/myproject_kernel/vivado_rtl_kernel/myproject_kernel_ex/exports/_x/link/vivado/vpl/prj/prj.runs/ulp_hmss_0_0_synth_1/.Xil/Vivado-5921-gabribot-X570-AORUS-ELITE/realtime/bd_85ad_interconnect0_2_0_stub.v:6]
INFO: [Synth 8-6155] done synthesizing module 'bd_85ad_interconnect0_2_0' (14#1) [/home/gabri-bot/Vivado_projects/.workspace/myproject_kernel/vivado_rtl_kernel/myproject_kernel_ex/exports/_x/link/vivado/vpl/prj/prj.runs/ulp_hmss_0_0_synth_1/.Xil/Vivado-5921-gabribot-X570-AORUS-ELITE/realtime/bd_85ad_interconnect0_2_0_stub.v:6]
INFO: [Synth 8-6157] synthesizing module 'bd_85ad_slice0_2_0' [/home/gabri-bot/Vivado_projects/.workspace/myproject_kernel/vivado_rtl_kernel/myproject_kernel_ex/exports/_x/link/vivado/vpl/prj/prj.runs/ulp_hmss_0_0_synth_1/.Xil/Vivado-5921-gabribot-X570-AORUS-ELITE/realtime/bd_85ad_slice0_2_0_stub.v:6]
INFO: [Synth 8-6155] done synthesizing module 'bd_85ad_slice0_2_0' (15#1) [/home/gabri-bot/Vivado_projects/.workspace/myproject_kernel/vivado_rtl_kernel/myproject_kernel_ex/exports/_x/link/vivado/vpl/prj/prj.runs/ulp_hmss_0_0_synth_1/.Xil/Vivado-5921-gabribot-X570-AORUS-ELITE/realtime/bd_85ad_slice0_2_0_stub.v:6]
WARNING: [Synth 8-7071] port 'm_axi_awsize' of module 'bd_85ad_slice0_2_0' is unconnected for instance 'slice0_2' [/home/gabri-bot/Vivado_projects/.workspace/myproject_kernel/vivado_rtl_kernel/myproject_kernel_ex/exports/_x/link/vivado/vpl/prj/prj.srcs/my_rm/bd/bd/ip/ulp_hmss_0_0/bd_0/synth/bd_85ad.v:2550]
WARNING: [Synth 8-7071] port 'm_axi_arsize' of module 'bd_85ad_slice0_2_0' is unconnected for instance 'slice0_2' [/home/gabri-bot/Vivado_projects/.workspace/myproject_kernel/vivado_rtl_kernel/myproject_kernel_ex/exports/_x/link/vivado/vpl/prj/prj.srcs/my_rm/bd/bd/ip/ulp_hmss_0_0/bd_0/synth/bd_85ad.v:2550]
WARNING: [Synth 8-7023] instance 'slice0_2' of module 'bd_85ad_slice0_2_0' has 68 connections declared, but only 66 given [/home/gabri-bot/Vivado_projects/.workspace/myproject_kernel/vivado_rtl_kernel/myproject_kernel_ex/exports/_x/link/vivado/vpl/prj/prj.srcs/my_rm/bd/bd/ip/ulp_hmss_0_0/bd_0/synth/bd_85ad.v:2550]
INFO: [Synth 8-6155] done synthesizing module 'path_2_imp_1D9COY8' (16#1) [/home/gabri-bot/Vivado_projects/.workspace/myproject_kernel/vivado_rtl_kernel/myproject_kernel_ex/exports/_x/link/vivado/vpl/prj/prj.srcs/my_rm/bd/bd/ip/ulp_hmss_0_0/bd_0/synth/bd_85ad.v:2152]
INFO: [Synth 8-6157] synthesizing module 'bd_85ad_vip_S00_0' [/home/gabri-bot/Vivado_projects/.workspace/myproject_kernel/vivado_rtl_kernel/myproject_kernel_ex/exports/_x/link/vivado/vpl/prj/prj.runs/ulp_hmss_0_0_synth_1/.Xil/Vivado-5921-gabribot-X570-AORUS-ELITE/realtime/bd_85ad_vip_S00_0_stub.v:6]
INFO: [Synth 8-6155] done synthesizing module 'bd_85ad_vip_S00_0' (17#1) [/home/gabri-bot/Vivado_projects/.workspace/myproject_kernel/vivado_rtl_kernel/myproject_kernel_ex/exports/_x/link/vivado/vpl/prj/prj.runs/ulp_hmss_0_0_synth_1/.Xil/Vivado-5921-gabribot-X570-AORUS-ELITE/realtime/bd_85ad_vip_S00_0_stub.v:6]
WARNING: [Synth 8-7071] port 'm_axi_awlock' of module 'bd_85ad_vip_S00_0' is unconnected for instance 'vip_S00' [/home/gabri-bot/Vivado_projects/.workspace/myproject_kernel/vivado_rtl_kernel/myproject_kernel_ex/exports/_x/link/vivado/vpl/prj/prj.srcs/my_rm/bd/bd/ip/ulp_hmss_0_0/bd_0/synth/bd_85ad.v:1065]
WARNING: [Synth 8-7071] port 'm_axi_awcache' of module 'bd_85ad_vip_S00_0' is unconnected for instance 'vip_S00' [/home/gabri-bot/Vivado_projects/.workspace/myproject_kernel/vivado_rtl_kernel/myproject_kernel_ex/exports/_x/link/vivado/vpl/prj/prj.srcs/my_rm/bd/bd/ip/ulp_hmss_0_0/bd_0/synth/bd_85ad.v:1065]
WARNING: [Synth 8-7071] port 'm_axi_awprot' of module 'bd_85ad_vip_S00_0' is unconnected for instance 'vip_S00' [/home/gabri-bot/Vivado_projects/.workspace/myproject_kernel/vivado_rtl_kernel/myproject_kernel_ex/exports/_x/link/vivado/vpl/prj/prj.srcs/my_rm/bd/bd/ip/ulp_hmss_0_0/bd_0/synth/bd_85ad.v:1065]
WARNING: [Synth 8-7071] port 'm_axi_awqos' of module 'bd_85ad_vip_S00_0' is unconnected for instance 'vip_S00' [/home/gabri-bot/Vivado_projects/.workspace/myproject_kernel/vivado_rtl_kernel/myproject_kernel_ex/exports/_x/link/vivado/vpl/prj/prj.srcs/my_rm/bd/bd/ip/ulp_hmss_0_0/bd_0/synth/bd_85ad.v:1065]
WARNING: [Synth 8-7071] port 'm_axi_arlock' of module 'bd_85ad_vip_S00_0' is unconnected for instance 'vip_S00' [/home/gabri-bot/Vivado_projects/.workspace/myproject_kernel/vivado_rtl_kernel/myproject_kernel_ex/exports/_x/link/vivado/vpl/prj/prj.srcs/my_rm/bd/bd/ip/ulp_hmss_0_0/bd_0/synth/bd_85ad.v:1065]
WARNING: [Synth 8-7071] port 'm_axi_arcache' of module 'bd_85ad_vip_S00_0' is unconnected for instance 'vip_S00' [/home/gabri-bot/Vivado_projects/.workspace/myproject_kernel/vivado_rtl_kernel/myproject_kernel_ex/exports/_x/link/vivado/vpl/prj/prj.srcs/my_rm/bd/bd/ip/ulp_hmss_0_0/bd_0/synth/bd_85ad.v:1065]
WARNING: [Synth 8-7071] port 'm_axi_arprot' of module 'bd_85ad_vip_S00_0' is unconnected for instance 'vip_S00' [/home/gabri-bot/Vivado_projects/.workspace/myproject_kernel/vivado_rtl_kernel/myproject_kernel_ex/exports/_x/link/vivado/vpl/prj/prj.srcs/my_rm/bd/bd/ip/ulp_hmss_0_0/bd_0/synth/bd_85ad.v:1065]
WARNING: [Synth 8-7071] port 'm_axi_arqos' of module 'bd_85ad_vip_S00_0' is unconnected for instance 'vip_S00' [/home/gabri-bot/Vivado_projects/.workspace/myproject_kernel/vivado_rtl_kernel/myproject_kernel_ex/exports/_x/link/vivado/vpl/prj/prj.srcs/my_rm/bd/bd/ip/ulp_hmss_0_0/bd_0/synth/bd_85ad.v:1065]
WARNING: [Synth 8-7023] instance 'vip_S00' of module 'bd_85ad_vip_S00_0' has 64 connections declared, but only 56 given [/home/gabri-bot/Vivado_projects/.workspace/myproject_kernel/vivado_rtl_kernel/myproject_kernel_ex/exports/_x/link/vivado/vpl/prj/prj.srcs/my_rm/bd/bd/ip/ulp_hmss_0_0/bd_0/synth/bd_85ad.v:1065]
INFO: [Synth 8-6157] synthesizing module 'bd_85ad_vip_S01_0' [/home/gabri-bot/Vivado_projects/.workspace/myproject_kernel/vivado_rtl_kernel/myproject_kernel_ex/exports/_x/link/vivado/vpl/prj/prj.runs/ulp_hmss_0_0_synth_1/.Xil/Vivado-5921-gabribot-X570-AORUS-ELITE/realtime/bd_85ad_vip_S01_0_stub.v:6]
INFO: [Synth 8-6155] done synthesizing module 'bd_85ad_vip_S01_0' (18#1) [/home/gabri-bot/Vivado_projects/.workspace/myproject_kernel/vivado_rtl_kernel/myproject_kernel_ex/exports/_x/link/vivado/vpl/prj/prj.runs/ulp_hmss_0_0_synth_1/.Xil/Vivado-5921-gabribot-X570-AORUS-ELITE/realtime/bd_85ad_vip_S01_0_stub.v:6]
WARNING: [Synth 8-7071] port 'm_axi_awlock' of module 'bd_85ad_vip_S01_0' is unconnected for instance 'vip_S01' [/home/gabri-bot/Vivado_projects/.workspace/myproject_kernel/vivado_rtl_kernel/myproject_kernel_ex/exports/_x/link/vivado/vpl/prj/prj.srcs/my_rm/bd/bd/ip/ulp_hmss_0_0/bd_0/synth/bd_85ad.v:1122]
WARNING: [Synth 8-7071] port 'm_axi_awcache' of module 'bd_85ad_vip_S01_0' is unconnected for instance 'vip_S01' [/home/gabri-bot/Vivado_projects/.workspace/myproject_kernel/vivado_rtl_kernel/myproject_kernel_ex/exports/_x/link/vivado/vpl/prj/prj.srcs/my_rm/bd/bd/ip/ulp_hmss_0_0/bd_0/synth/bd_85ad.v:1122]
WARNING: [Synth 8-7071] port 'm_axi_awprot' of module 'bd_85ad_vip_S01_0' is unconnected for instance 'vip_S01' [/home/gabri-bot/Vivado_projects/.workspace/myproject_kernel/vivado_rtl_kernel/myproject_kernel_ex/exports/_x/link/vivado/vpl/prj/prj.srcs/my_rm/bd/bd/ip/ulp_hmss_0_0/bd_0/synth/bd_85ad.v:1122]
WARNING: [Synth 8-7071] port 'm_axi_awqos' of module 'bd_85ad_vip_S01_0' is unconnected for instance 'vip_S01' [/home/gabri-bot/Vivado_projects/.workspace/myproject_kernel/vivado_rtl_kernel/myproject_kernel_ex/exports/_x/link/vivado/vpl/prj/prj.srcs/my_rm/bd/bd/ip/ulp_hmss_0_0/bd_0/synth/bd_85ad.v:1122]
WARNING: [Synth 8-7071] port 'm_axi_arlock' of module 'bd_85ad_vip_S01_0' is unconnected for instance 'vip_S01' [/home/gabri-bot/Vivado_projects/.workspace/myproject_kernel/vivado_rtl_kernel/myproject_kernel_ex/exports/_x/link/vivado/vpl/prj/prj.srcs/my_rm/bd/bd/ip/ulp_hmss_0_0/bd_0/synth/bd_85ad.v:1122]
WARNING: [Synth 8-7071] port 'm_axi_arcache' of module 'bd_85ad_vip_S01_0' is unconnected for instance 'vip_S01' [/home/gabri-bot/Vivado_projects/.workspace/myproject_kernel/vivado_rtl_kernel/myproject_kernel_ex/exports/_x/link/vivado/vpl/prj/prj.srcs/my_rm/bd/bd/ip/ulp_hmss_0_0/bd_0/synth/bd_85ad.v:1122]
WARNING: [Synth 8-7071] port 'm_axi_arprot' of module 'bd_85ad_vip_S01_0' is unconnected for instance 'vip_S01' [/home/gabri-bot/Vivado_projects/.workspace/myproject_kernel/vivado_rtl_kernel/myproject_kernel_ex/exports/_x/link/vivado/vpl/prj/prj.srcs/my_rm/bd/bd/ip/ulp_hmss_0_0/bd_0/synth/bd_85ad.v:1122]
WARNING: [Synth 8-7071] port 'm_axi_arqos' of module 'bd_85ad_vip_S01_0' is unconnected for instance 'vip_S01' [/home/gabri-bot/Vivado_projects/.workspace/myproject_kernel/vivado_rtl_kernel/myproject_kernel_ex/exports/_x/link/vivado/vpl/prj/prj.srcs/my_rm/bd/bd/ip/ulp_hmss_0_0/bd_0/synth/bd_85ad.v:1122]
WARNING: [Synth 8-7023] instance 'vip_S01' of module 'bd_85ad_vip_S01_0' has 64 connections declared, but only 56 given [/home/gabri-bot/Vivado_projects/.workspace/myproject_kernel/vivado_rtl_kernel/myproject_kernel_ex/exports/_x/link/vivado/vpl/prj/prj.srcs/my_rm/bd/bd/ip/ulp_hmss_0_0/bd_0/synth/bd_85ad.v:1122]
INFO: [Synth 8-6157] synthesizing module 'bd_85ad_vip_S02_0' [/home/gabri-bot/Vivado_projects/.workspace/myproject_kernel/vivado_rtl_kernel/myproject_kernel_ex/exports/_x/link/vivado/vpl/prj/prj.runs/ulp_hmss_0_0_synth_1/.Xil/Vivado-5921-gabribot-X570-AORUS-ELITE/realtime/bd_85ad_vip_S02_0_stub.v:6]
INFO: [Synth 8-6155] done synthesizing module 'bd_85ad_vip_S02_0' (19#1) [/home/gabri-bot/Vivado_projects/.workspace/myproject_kernel/vivado_rtl_kernel/myproject_kernel_ex/exports/_x/link/vivado/vpl/prj/prj.runs/ulp_hmss_0_0_synth_1/.Xil/Vivado-5921-gabribot-X570-AORUS-ELITE/realtime/bd_85ad_vip_S02_0_stub.v:6]
WARNING: [Synth 8-7071] port 'm_axi_awlock' of module 'bd_85ad_vip_S02_0' is unconnected for instance 'vip_S02' [/home/gabri-bot/Vivado_projects/.workspace/myproject_kernel/vivado_rtl_kernel/myproject_kernel_ex/exports/_x/link/vivado/vpl/prj/prj.srcs/my_rm/bd/bd/ip/ulp_hmss_0_0/bd_0/synth/bd_85ad.v:1179]
WARNING: [Synth 8-7071] port 'm_axi_awcache' of module 'bd_85ad_vip_S02_0' is unconnected for instance 'vip_S02' [/home/gabri-bot/Vivado_projects/.workspace/myproject_kernel/vivado_rtl_kernel/myproject_kernel_ex/exports/_x/link/vivado/vpl/prj/prj.srcs/my_rm/bd/bd/ip/ulp_hmss_0_0/bd_0/synth/bd_85ad.v:1179]
WARNING: [Synth 8-7071] port 'm_axi_awprot' of module 'bd_85ad_vip_S02_0' is unconnected for instance 'vip_S02' [/home/gabri-bot/Vivado_projects/.workspace/myproject_kernel/vivado_rtl_kernel/myproject_kernel_ex/exports/_x/link/vivado/vpl/prj/prj.srcs/my_rm/bd/bd/ip/ulp_hmss_0_0/bd_0/synth/bd_85ad.v:1179]
WARNING: [Synth 8-7071] port 'm_axi_awqos' of module 'bd_85ad_vip_S02_0' is unconnected for instance 'vip_S02' [/home/gabri-bot/Vivado_projects/.workspace/myproject_kernel/vivado_rtl_kernel/myproject_kernel_ex/exports/_x/link/vivado/vpl/prj/prj.srcs/my_rm/bd/bd/ip/ulp_hmss_0_0/bd_0/synth/bd_85ad.v:1179]
WARNING: [Synth 8-7071] port 'm_axi_arlock' of module 'bd_85ad_vip_S02_0' is unconnected for instance 'vip_S02' [/home/gabri-bot/Vivado_projects/.workspace/myproject_kernel/vivado_rtl_kernel/myproject_kernel_ex/exports/_x/link/vivado/vpl/prj/prj.srcs/my_rm/bd/bd/ip/ulp_hmss_0_0/bd_0/synth/bd_85ad.v:1179]
WARNING: [Synth 8-7071] port 'm_axi_arcache' of module 'bd_85ad_vip_S02_0' is unconnected for instance 'vip_S02' [/home/gabri-bot/Vivado_projects/.workspace/myproject_kernel/vivado_rtl_kernel/myproject_kernel_ex/exports/_x/link/vivado/vpl/prj/prj.srcs/my_rm/bd/bd/ip/ulp_hmss_0_0/bd_0/synth/bd_85ad.v:1179]
WARNING: [Synth 8-7071] port 'm_axi_arprot' of module 'bd_85ad_vip_S02_0' is unconnected for instance 'vip_S02' [/home/gabri-bot/Vivado_projects/.workspace/myproject_kernel/vivado_rtl_kernel/myproject_kernel_ex/exports/_x/link/vivado/vpl/prj/prj.srcs/my_rm/bd/bd/ip/ulp_hmss_0_0/bd_0/synth/bd_85ad.v:1179]
WARNING: [Synth 8-7071] port 'm_axi_arqos' of module 'bd_85ad_vip_S02_0' is unconnected for instance 'vip_S02' [/home/gabri-bot/Vivado_projects/.workspace/myproject_kernel/vivado_rtl_kernel/myproject_kernel_ex/exports/_x/link/vivado/vpl/prj/prj.srcs/my_rm/bd/bd/ip/ulp_hmss_0_0/bd_0/synth/bd_85ad.v:1179]
WARNING: [Synth 8-7023] instance 'vip_S02' of module 'bd_85ad_vip_S02_0' has 64 connections declared, but only 56 given [/home/gabri-bot/Vivado_projects/.workspace/myproject_kernel/vivado_rtl_kernel/myproject_kernel_ex/exports/_x/link/vivado/vpl/prj/prj.srcs/my_rm/bd/bd/ip/ulp_hmss_0_0/bd_0/synth/bd_85ad.v:1179]
INFO: [Synth 8-6155] done synthesizing module 'bd_85ad' (20#1) [/home/gabri-bot/Vivado_projects/.workspace/myproject_kernel/vivado_rtl_kernel/myproject_kernel_ex/exports/_x/link/vivado/vpl/prj/prj.srcs/my_rm/bd/bd/ip/ulp_hmss_0_0/bd_0/synth/bd_85ad.v:10]
INFO: [Synth 8-6155] done synthesizing module 'ulp_hmss_0_0' (21#1) [/home/gabri-bot/Vivado_projects/.workspace/myproject_kernel/vivado_rtl_kernel/myproject_kernel_ex/exports/_x/link/vivado/vpl/prj/prj.srcs/my_rm/bd/bd/ip/ulp_hmss_0_0/synth/ulp_hmss_0_0.v:83]
---------------------------------------------------------------------------------
Finished RTL Elaboration : Time (s): cpu = 00:00:03 ; elapsed = 00:00:04 . Memory (MB): peak = 3188.273 ; gain = 186.621 ; free physical = 22907 ; free virtual = 28243
---------------------------------------------------------------------------------
---------------------------------------------------------------------------------
Start Handling Custom Attributes
---------------------------------------------------------------------------------
---------------------------------------------------------------------------------
Finished Handling Custom Attributes : Time (s): cpu = 00:00:03 ; elapsed = 00:00:04 . Memory (MB): peak = 3206.117 ; gain = 204.465 ; free physical = 22908 ; free virtual = 28244
---------------------------------------------------------------------------------
---------------------------------------------------------------------------------
Finished RTL Optimization Phase 1 : Time (s): cpu = 00:00:03 ; elapsed = 00:00:04 . Memory (MB): peak = 3206.117 ; gain = 204.465 ; free physical = 22908 ; free virtual = 28244
---------------------------------------------------------------------------------
Netlist sorting complete. Time (s): cpu = 00:00:00.03 ; elapsed = 00:00:00.03 . Memory (MB): peak = 3206.117 ; gain = 0.000 ; free physical = 22900 ; free virtual = 28236
INFO: [Project 1-570] Preparing netlist for logic optimization

Processing XDC Constraints
Initializing timing engine
Parsing XDC File [/home/gabri-bot/Vivado_projects/.workspace/myproject_kernel/vivado_rtl_kernel/myproject_kernel_ex/exports/_x/link/vivado/vpl/prj/prj.srcs/my_rm/bd/bd/ip/ulp_hmss_0_0/bd_0/ip/ip_0/bd_85ad_hbm_inst_0/bd_85ad_hbm_inst_0_in_context.xdc] for cell 'inst/hbm_inst'
Finished Parsing XDC File [/home/gabri-bot/Vivado_projects/.workspace/myproject_kernel/vivado_rtl_kernel/myproject_kernel_ex/exports/_x/link/vivado/vpl/prj/prj.srcs/my_rm/bd/bd/ip/ulp_hmss_0_0/bd_0/ip/ip_0/bd_85ad_hbm_inst_0/bd_85ad_hbm_inst_0_in_context.xdc] for cell 'inst/hbm_inst'
Parsing XDC File [/home/gabri-bot/Vivado_projects/.workspace/myproject_kernel/vivado_rtl_kernel/myproject_kernel_ex/exports/_x/link/vivado/vpl/prj/prj.srcs/my_rm/bd/bd/ip/ulp_hmss_0_0/bd_0/ip/ip_1/bd_85ad_hbm_reset_sync_SLR0_0/bd_85ad_hbm_reset_sync_SLR0_0_in_context.xdc] for cell 'inst/hbm_reset_sync_SLR0'
Finished Parsing XDC File [/home/gabri-bot/Vivado_projects/.workspace/myproject_kernel/vivado_rtl_kernel/myproject_kernel_ex/exports/_x/link/vivado/vpl/prj/prj.srcs/my_rm/bd/bd/ip/ulp_hmss_0_0/bd_0/ip/ip_1/bd_85ad_hbm_reset_sync_SLR0_0/bd_85ad_hbm_reset_sync_SLR0_0_in_context.xdc] for cell 'inst/hbm_reset_sync_SLR0'
Parsing XDC File [/home/gabri-bot/Vivado_projects/.workspace/myproject_kernel/vivado_rtl_kernel/myproject_kernel_ex/exports/_x/link/vivado/vpl/prj/prj.srcs/my_rm/bd/bd/ip/ulp_hmss_0_0/bd_0/ip/ip_4/bd_85ad_vip_S01_0/bd_85ad_vip_S01_0_in_context.xdc] for cell 'inst/vip_S01'
Finished Parsing XDC File [/home/gabri-bot/Vivado_projects/.workspace/myproject_kernel/vivado_rtl_kernel/myproject_kernel_ex/exports/_x/link/vivado/vpl/prj/prj.srcs/my_rm/bd/bd/ip/ulp_hmss_0_0/bd_0/ip/ip_4/bd_85ad_vip_S01_0/bd_85ad_vip_S01_0_in_context.xdc] for cell 'inst/vip_S01'
Parsing XDC File [/home/gabri-bot/Vivado_projects/.workspace/myproject_kernel/vivado_rtl_kernel/myproject_kernel_ex/exports/_x/link/vivado/vpl/prj/prj.srcs/my_rm/bd/bd/ip/ulp_hmss_0_0/bd_0/ip/ip_7/bd_85ad_vip_S02_0/bd_85ad_vip_S01_0_in_context.xdc] for cell 'inst/vip_S02'
Finished Parsing XDC File [/home/gabri-bot/Vivado_projects/.workspace/myproject_kernel/vivado_rtl_kernel/myproject_kernel_ex/exports/_x/link/vivado/vpl/prj/prj.srcs/my_rm/bd/bd/ip/ulp_hmss_0_0/bd_0/ip/ip_7/bd_85ad_vip_S02_0/bd_85ad_vip_S01_0_in_context.xdc] for cell 'inst/vip_S02'
Parsing XDC File [/home/gabri-bot/Vivado_projects/.workspace/myproject_kernel/vivado_rtl_kernel/myproject_kernel_ex/exports/_x/link/vivado/vpl/prj/prj.srcs/my_rm/bd/bd/ip/ulp_hmss_0_0/bd_0/ip/ip_10/bd_85ad_vip_S00_0/bd_85ad_vip_S01_0_in_context.xdc] for cell 'inst/vip_S00'
Finished Parsing XDC File [/home/gabri-bot/Vivado_projects/.workspace/myproject_kernel/vivado_rtl_kernel/myproject_kernel_ex/exports/_x/link/vivado/vpl/prj/prj.srcs/my_rm/bd/bd/ip/ulp_hmss_0_0/bd_0/ip/ip_10/bd_85ad_vip_S00_0/bd_85ad_vip_S01_0_in_context.xdc] for cell 'inst/vip_S00'
Parsing XDC File [/home/gabri-bot/Vivado_projects/.workspace/myproject_kernel/vivado_rtl_kernel/myproject_kernel_ex/exports/_x/link/vivado/vpl/prj/prj.srcs/my_rm/bd/bd/ip/ulp_hmss_0_0/bd_0/ip/ip_11/bd_85ad_axi_apb_bridge_inst_0/bd_85ad_axi_apb_bridge_inst_0_in_context.xdc] for cell 'inst/axi_apb_bridge_inst'
Finished Parsing XDC File [/home/gabri-bot/Vivado_projects/.workspace/myproject_kernel/vivado_rtl_kernel/myproject_kernel_ex/exports/_x/link/vivado/vpl/prj/prj.srcs/my_rm/bd/bd/ip/ulp_hmss_0_0/bd_0/ip/ip_11/bd_85ad_axi_apb_bridge_inst_0/bd_85ad_axi_apb_bridge_inst_0_in_context.xdc] for cell 'inst/axi_apb_bridge_inst'
Parsing XDC File [/home/gabri-bot/Vivado_projects/.workspace/myproject_kernel/vivado_rtl_kernel/myproject_kernel_ex/exports/_x/link/vivado/vpl/prj/prj.srcs/my_rm/bd/bd/ip/ulp_hmss_0_0/bd_0/ip/ip_2/bd_85ad_interconnect1_0_0/bd_85ad_interconnect1_0_0_in_context.xdc] for cell 'inst/path_0/interconnect1_0'
Finished Parsing XDC File [/home/gabri-bot/Vivado_projects/.workspace/myproject_kernel/vivado_rtl_kernel/myproject_kernel_ex/exports/_x/link/vivado/vpl/prj/prj.srcs/my_rm/bd/bd/ip/ulp_hmss_0_0/bd_0/ip/ip_2/bd_85ad_interconnect1_0_0/bd_85ad_interconnect1_0_0_in_context.xdc] for cell 'inst/path_0/interconnect1_0'
Parsing XDC File [/home/gabri-bot/Vivado_projects/.workspace/myproject_kernel/vivado_rtl_kernel/myproject_kernel_ex/exports/_x/link/vivado/vpl/prj/prj.srcs/my_rm/bd/bd/ip/ulp_hmss_0_0/bd_0/ip/ip_3/bd_85ad_slice1_0_0/bd_85ad_slice0_1_0_in_context.xdc] for cell 'inst/path_0/slice1_0'
Finished Parsing XDC File [/home/gabri-bot/Vivado_projects/.workspace/myproject_kernel/vivado_rtl_kernel/myproject_kernel_ex/exports/_x/link/vivado/vpl/prj/prj.srcs/my_rm/bd/bd/ip/ulp_hmss_0_0/bd_0/ip/ip_3/bd_85ad_slice1_0_0/bd_85ad_slice0_1_0_in_context.xdc] for cell 'inst/path_0/slice1_0'
Parsing XDC File [/home/gabri-bot/Vivado_projects/.workspace/myproject_kernel/vivado_rtl_kernel/myproject_kernel_ex/exports/_x/link/vivado/vpl/prj/prj.srcs/my_rm/bd/bd/ip/ulp_hmss_0_0/bd_0/ip/ip_5/bd_85ad_interconnect2_1_0/bd_85ad_interconnect2_1_0_in_context.xdc] for cell 'inst/path_1/interconnect2_1'
Finished Parsing XDC File [/home/gabri-bot/Vivado_projects/.workspace/myproject_kernel/vivado_rtl_kernel/myproject_kernel_ex/exports/_x/link/vivado/vpl/prj/prj.srcs/my_rm/bd/bd/ip/ulp_hmss_0_0/bd_0/ip/ip_5/bd_85ad_interconnect2_1_0/bd_85ad_interconnect2_1_0_in_context.xdc] for cell 'inst/path_1/interconnect2_1'
Parsing XDC File [/home/gabri-bot/Vivado_projects/.workspace/myproject_kernel/vivado_rtl_kernel/myproject_kernel_ex/exports/_x/link/vivado/vpl/prj/prj.srcs/my_rm/bd/bd/ip/ulp_hmss_0_0/bd_0/ip/ip_6/bd_85ad_slice2_1_0/bd_85ad_slice0_1_0_in_context.xdc] for cell 'inst/path_1/slice2_1'
Finished Parsing XDC File [/home/gabri-bot/Vivado_projects/.workspace/myproject_kernel/vivado_rtl_kernel/myproject_kernel_ex/exports/_x/link/vivado/vpl/prj/prj.srcs/my_rm/bd/bd/ip/ulp_hmss_0_0/bd_0/ip/ip_6/bd_85ad_slice2_1_0/bd_85ad_slice0_1_0_in_context.xdc] for cell 'inst/path_1/slice2_1'
Parsing XDC File [/home/gabri-bot/Vivado_projects/.workspace/myproject_kernel/vivado_rtl_kernel/myproject_kernel_ex/exports/_x/link/vivado/vpl/prj/prj.srcs/my_rm/bd/bd/ip/ulp_hmss_0_0/bd_0/ip/ip_8/bd_85ad_interconnect0_2_0/bd_85ad_interconnect0_2_0_in_context.xdc] for cell 'inst/path_2/interconnect0_2'
Finished Parsing XDC File [/home/gabri-bot/Vivado_projects/.workspace/myproject_kernel/vivado_rtl_kernel/myproject_kernel_ex/exports/_x/link/vivado/vpl/prj/prj.srcs/my_rm/bd/bd/ip/ulp_hmss_0_0/bd_0/ip/ip_8/bd_85ad_interconnect0_2_0/bd_85ad_interconnect0_2_0_in_context.xdc] for cell 'inst/path_2/interconnect0_2'
Parsing XDC File [/home/gabri-bot/Vivado_projects/.workspace/myproject_kernel/vivado_rtl_kernel/myproject_kernel_ex/exports/_x/link/vivado/vpl/prj/prj.srcs/my_rm/bd/bd/ip/ulp_hmss_0_0/bd_0/ip/ip_9/bd_85ad_slice0_2_0/bd_85ad_slice0_1_0_in_context.xdc] for cell 'inst/path_2/slice0_2'
Finished Parsing XDC File [/home/gabri-bot/Vivado_projects/.workspace/myproject_kernel/vivado_rtl_kernel/myproject_kernel_ex/exports/_x/link/vivado/vpl/prj/prj.srcs/my_rm/bd/bd/ip/ulp_hmss_0_0/bd_0/ip/ip_9/bd_85ad_slice0_2_0/bd_85ad_slice0_1_0_in_context.xdc] for cell 'inst/path_2/slice0_2'
Parsing XDC File [/home/gabri-bot/Vivado_projects/.workspace/myproject_kernel/vivado_rtl_kernel/myproject_kernel_ex/exports/_x/link/vivado/vpl/prj/prj.srcs/my_rm/bd/bd/ip/ulp_hmss_0_0/bd_0/ip/ip_13/bd_85ad_init_reduce_0/bd_85ad_init_reduce_0_in_context.xdc] for cell 'inst/init_logic/init_reduce'
Finished Parsing XDC File [/home/gabri-bot/Vivado_projects/.workspace/myproject_kernel/vivado_rtl_kernel/myproject_kernel_ex/exports/_x/link/vivado/vpl/prj/prj.srcs/my_rm/bd/bd/ip/ulp_hmss_0_0/bd_0/ip/ip_13/bd_85ad_init_reduce_0/bd_85ad_init_reduce_0_in_context.xdc] for cell 'inst/init_logic/init_reduce'
Parsing XDC File [/home/gabri-bot/Vivado_projects/.workspace/myproject_kernel/vivado_rtl_kernel/myproject_kernel_ex/exports/_x/link/vivado/vpl/prj/prj.runs/ulp_hmss_0_0_synth_1/dont_touch.xdc]
Finished Parsing XDC File [/home/gabri-bot/Vivado_projects/.workspace/myproject_kernel/vivado_rtl_kernel/myproject_kernel_ex/exports/_x/link/vivado/vpl/prj/prj.runs/ulp_hmss_0_0_synth_1/dont_touch.xdc]
Completed Processing XDC Constraints

Netlist sorting complete. Time (s): cpu = 00:00:00 ; elapsed = 00:00:00 . Memory (MB): peak = 3309.652 ; gain = 0.000 ; free physical = 22786 ; free virtual = 28122
INFO: [Project 1-111] Unisim Transformation Summary:
No Unisim elements were transformed.

Constraint Validation Runtime : Time (s): cpu = 00:00:00.13 ; elapsed = 00:00:00.14 . Memory (MB): peak = 3312.621 ; gain = 2.969 ; free physical = 22785 ; free virtual = 28121
---------------------------------------------------------------------------------
Finished Constraint Validation : Time (s): cpu = 00:00:10 ; elapsed = 00:00:12 . Memory (MB): peak = 3312.621 ; gain = 310.969 ; free physical = 22883 ; free virtual = 28219
---------------------------------------------------------------------------------
---------------------------------------------------------------------------------
Start Loading Part and Timing Information
---------------------------------------------------------------------------------
Loading part: xcu50-fsvh2104-2-e
INFO: [Synth 8-6742] Reading net delay rules and data
---------------------------------------------------------------------------------
Finished Loading Part and Timing Information : Time (s): cpu = 00:00:10 ; elapsed = 00:00:12 . Memory (MB): peak = 3312.621 ; gain = 310.969 ; free physical = 22883 ; free virtual = 28219
---------------------------------------------------------------------------------
---------------------------------------------------------------------------------
Start Applying 'set_property' XDC Constraints
---------------------------------------------------------------------------------
Applied set_property DONT_TOUCH = true for inst. (constraint file  auto generated constraint, line ).
Applied set_property DONT_TOUCH = true for inst/hbm_inst. (constraint file  auto generated constraint, line ).
Applied set_property DONT_TOUCH = true for inst/hbm_reset_sync_SLR0. (constraint file  auto generated constraint, line ).
Applied set_property DONT_TOUCH = true for inst/vip_S01. (constraint file  auto generated constraint, line ).
Applied set_property DONT_TOUCH = true for inst/vip_S02. (constraint file  auto generated constraint, line ).
Applied set_property DONT_TOUCH = true for inst/vip_S00. (constraint file  auto generated constraint, line ).
Applied set_property DONT_TOUCH = true for inst/axi_apb_bridge_inst. (constraint file  auto generated constraint, line ).
Applied set_property DONT_TOUCH = true for inst/path_0/interconnect1_0. (constraint file  auto generated constraint, line ).
Applied set_property DONT_TOUCH = true for inst/path_0/slice1_0. (constraint file  auto generated constraint, line ).
Applied set_property DONT_TOUCH = true for inst/path_1/interconnect2_1. (constraint file  auto generated constraint, line ).
Applied set_property DONT_TOUCH = true for inst/path_1/slice2_1. (constraint file  auto generated constraint, line ).
Applied set_property DONT_TOUCH = true for inst/path_2/interconnect0_2. (constraint file  auto generated constraint, line ).
Applied set_property DONT_TOUCH = true for inst/path_2/slice0_2. (constraint file  auto generated constraint, line ).
Applied set_property DONT_TOUCH = true for inst/init_logic/init_concat. (constraint file  auto generated constraint, line ).
Applied set_property DONT_TOUCH = true for inst/init_logic/init_reduce. (constraint file  auto generated constraint, line ).
---------------------------------------------------------------------------------
Finished applying 'set_property' XDC Constraints : Time (s): cpu = 00:00:10 ; elapsed = 00:00:12 . Memory (MB): peak = 3312.621 ; gain = 310.969 ; free physical = 22887 ; free virtual = 28223
---------------------------------------------------------------------------------
---------------------------------------------------------------------------------
Finished RTL Optimization Phase 2 : Time (s): cpu = 00:00:10 ; elapsed = 00:00:13 . Memory (MB): peak = 3312.621 ; gain = 310.969 ; free physical = 22890 ; free virtual = 28226
---------------------------------------------------------------------------------
---------------------------------------------------------------------------------
Start RTL Component Statistics 
---------------------------------------------------------------------------------
Detailed RTL Component Info : 
---------------------------------------------------------------------------------
Finished RTL Component Statistics 
---------------------------------------------------------------------------------
---------------------------------------------------------------------------------
Start Part Resource Summary
---------------------------------------------------------------------------------
Part Resources:
DSPs: 5952 (col length:93)
BRAMs: 2688 (col length: RAMB18 192 RAMB36 96)
---------------------------------------------------------------------------------
Finished Part Resource Summary
---------------------------------------------------------------------------------
---------------------------------------------------------------------------------
Start Cross Boundary and Area Optimization
---------------------------------------------------------------------------------
---------------------------------------------------------------------------------
Finished Cross Boundary and Area Optimization : Time (s): cpu = 00:00:11 ; elapsed = 00:00:13 . Memory (MB): peak = 3312.621 ; gain = 310.969 ; free physical = 22872 ; free virtual = 28213
---------------------------------------------------------------------------------
---------------------------------------------------------------------------------
Start Applying XDC Timing Constraints
---------------------------------------------------------------------------------
---------------------------------------------------------------------------------
Finished Applying XDC Timing Constraints : Time (s): cpu = 00:00:25 ; elapsed = 00:00:42 . Memory (MB): peak = 3664.902 ; gain = 663.250 ; free physical = 22346 ; free virtual = 27687
---------------------------------------------------------------------------------
---------------------------------------------------------------------------------
Start Timing Optimization
---------------------------------------------------------------------------------
---------------------------------------------------------------------------------
Finished Timing Optimization : Time (s): cpu = 00:00:25 ; elapsed = 00:00:42 . Memory (MB): peak = 3665.902 ; gain = 664.250 ; free physical = 22345 ; free virtual = 27686
---------------------------------------------------------------------------------
---------------------------------------------------------------------------------
Start Technology Mapping
---------------------------------------------------------------------------------
---------------------------------------------------------------------------------
Finished Technology Mapping : Time (s): cpu = 00:00:25 ; elapsed = 00:00:42 . Memory (MB): peak = 3686.949 ; gain = 685.297 ; free physical = 22341 ; free virtual = 27683
---------------------------------------------------------------------------------
---------------------------------------------------------------------------------
Start IO Insertion
---------------------------------------------------------------------------------
---------------------------------------------------------------------------------
Start Flattening Before IO Insertion
---------------------------------------------------------------------------------
---------------------------------------------------------------------------------
Finished Flattening Before IO Insertion
---------------------------------------------------------------------------------
---------------------------------------------------------------------------------
Start Final Netlist Cleanup
---------------------------------------------------------------------------------
---------------------------------------------------------------------------------
Finished Final Netlist Cleanup
---------------------------------------------------------------------------------
---------------------------------------------------------------------------------
Finished IO Insertion : Time (s): cpu = 00:00:27 ; elapsed = 00:00:44 . Memory (MB): peak = 3692.887 ; gain = 691.234 ; free physical = 22342 ; free virtual = 27684
---------------------------------------------------------------------------------
---------------------------------------------------------------------------------
Start Renaming Generated Instances
---------------------------------------------------------------------------------
---------------------------------------------------------------------------------
Finished Renaming Generated Instances : Time (s): cpu = 00:00:27 ; elapsed = 00:00:44 . Memory (MB): peak = 3692.887 ; gain = 691.234 ; free physical = 22342 ; free virtual = 27684
---------------------------------------------------------------------------------
---------------------------------------------------------------------------------
Start Rebuilding User Hierarchy
---------------------------------------------------------------------------------
---------------------------------------------------------------------------------
Finished Rebuilding User Hierarchy : Time (s): cpu = 00:00:27 ; elapsed = 00:00:44 . Memory (MB): peak = 3692.887 ; gain = 691.234 ; free physical = 22342 ; free virtual = 27684
---------------------------------------------------------------------------------
---------------------------------------------------------------------------------
Start Renaming Generated Ports
---------------------------------------------------------------------------------
---------------------------------------------------------------------------------
Finished Renaming Generated Ports : Time (s): cpu = 00:00:27 ; elapsed = 00:00:44 . Memory (MB): peak = 3692.887 ; gain = 691.234 ; free physical = 22342 ; free virtual = 27684
---------------------------------------------------------------------------------
---------------------------------------------------------------------------------
Start Handling Custom Attributes
---------------------------------------------------------------------------------
---------------------------------------------------------------------------------
Finished Handling Custom Attributes : Time (s): cpu = 00:00:27 ; elapsed = 00:00:44 . Memory (MB): peak = 3692.887 ; gain = 691.234 ; free physical = 22342 ; free virtual = 27684
---------------------------------------------------------------------------------
---------------------------------------------------------------------------------
Start Renaming Generated Nets
---------------------------------------------------------------------------------
---------------------------------------------------------------------------------
Finished Renaming Generated Nets : Time (s): cpu = 00:00:27 ; elapsed = 00:00:44 . Memory (MB): peak = 3692.887 ; gain = 691.234 ; free physical = 22342 ; free virtual = 27684
---------------------------------------------------------------------------------
---------------------------------------------------------------------------------
Start Writing Synthesis Report
---------------------------------------------------------------------------------

Report BlackBoxes: 
+------+------------------------------+----------+
|      |BlackBox name                 |Instances |
+------+------------------------------+----------+
|1     |bd_85ad_axi_apb_bridge_inst_0 |         1|
|2     |bd_85ad_hbm_inst_0            |         1|
|3     |bd_85ad_hbm_reset_sync_SLR0_0 |         1|
|4     |bd_85ad_vip_S00_0             |         1|
|5     |bd_85ad_vip_S01_0             |         1|
|6     |bd_85ad_vip_S02_0             |         1|
|7     |bd_85ad_init_reduce_0         |         1|
|8     |bd_85ad_interconnect1_0_0     |         1|
|9     |bd_85ad_slice1_0_0            |         1|
|10    |bd_85ad_interconnect2_1_0     |         1|
|11    |bd_85ad_slice2_1_0            |         1|
|12    |bd_85ad_interconnect0_2_0     |         1|
|13    |bd_85ad_slice0_2_0            |         1|
+------+------------------------------+----------+

Report Cell Usage: 
+------+----------------------------+------+
|      |Cell                        |Count |
+------+----------------------------+------+
|1     |bd_85ad_axi_apb_bridge_inst |     1|
|2     |bd_85ad_hbm_inst            |     1|
|3     |bd_85ad_hbm_reset_sync_SLR0 |     1|
|4     |bd_85ad_init_reduce         |     1|
|5     |bd_85ad_interconnect0_2     |     1|
|6     |bd_85ad_interconnect1_0     |     1|
|7     |bd_85ad_interconnect2_1     |     1|
|8     |bd_85ad_slice0_2            |     1|
|9     |bd_85ad_slice1_0            |     1|
|10    |bd_85ad_slice2_1            |     1|
|11    |bd_85ad_vip_S00             |     1|
|12    |bd_85ad_vip_S01             |     1|
|13    |bd_85ad_vip_S02             |     1|
+------+----------------------------+------+
---------------------------------------------------------------------------------
Finished Writing Synthesis Report : Time (s): cpu = 00:00:27 ; elapsed = 00:00:44 . Memory (MB): peak = 3692.887 ; gain = 691.234 ; free physical = 22342 ; free virtual = 27684
---------------------------------------------------------------------------------
Synthesis finished with 0 errors, 0 critical warnings and 0 warnings.
Synthesis Optimization Runtime : Time (s): cpu = 00:00:23 ; elapsed = 00:00:39 . Memory (MB): peak = 3692.887 ; gain = 584.730 ; free physical = 22380 ; free virtual = 27722
Synthesis Optimization Complete : Time (s): cpu = 00:00:27 ; elapsed = 00:00:44 . Memory (MB): peak = 3692.895 ; gain = 691.234 ; free physical = 22380 ; free virtual = 27722
INFO: [Project 1-571] Translating synthesized netlist
Netlist sorting complete. Time (s): cpu = 00:00:00.03 ; elapsed = 00:00:00.03 . Memory (MB): peak = 3692.895 ; gain = 0.000 ; free physical = 22452 ; free virtual = 27793
INFO: [Project 1-570] Preparing netlist for logic optimization
INFO: [Opt 31-138] Pushed 0 inverter(s) to 0 load pin(s).
Netlist sorting complete. Time (s): cpu = 00:00:00 ; elapsed = 00:00:00 . Memory (MB): peak = 3750.418 ; gain = 0.000 ; free physical = 22362 ; free virtual = 27703
INFO: [Project 1-111] Unisim Transformation Summary:
No Unisim elements were transformed.

INFO: [Common 17-83] Releasing license: Synthesis
62 Infos, 55 Warnings, 0 Critical Warnings and 0 Errors encountered.
synth_design completed successfully
synth_design: Time (s): cpu = 00:00:39 ; elapsed = 00:00:59 . Memory (MB): peak = 3764.355 ; gain = 1605.004 ; free physical = 22492 ; free virtual = 27834
INFO: [Common 17-600] The following parameters have non-default value.
general.maxThreads
INFO: [Common 17-1381] The checkpoint '/home/gabri-bot/Vivado_projects/.workspace/myproject_kernel/vivado_rtl_kernel/myproject_kernel_ex/exports/_x/link/vivado/vpl/prj/prj.runs/ulp_hmss_0_0_synth_1/ulp_hmss_0_0.dcp' has been generated.
WARNING: [Common 17-576] 'use_project_ipc' is deprecated. This option is deprecated and no longer used.
INFO: [Coretcl 2-1648] Added synthesis output to IP cache for IP ulp_hmss_0_0, cache-ID = 0dbd51fdc5b72bc0
INFO: [Coretcl 2-1174] Renamed 19 cell refs.
INFO: [Common 17-1381] The checkpoint '/home/gabri-bot/Vivado_projects/.workspace/myproject_kernel/vivado_rtl_kernel/myproject_kernel_ex/exports/_x/link/vivado/vpl/prj/prj.runs/ulp_hmss_0_0_synth_1/ulp_hmss_0_0.dcp' has been generated.
INFO: [runtcl-4] Executing : report_utilization -file ulp_hmss_0_0_utilization_synth.rpt -pb ulp_hmss_0_0_utilization_synth.pb
INFO: [Common 17-206] Exiting Vivado at Mon Dec  6 19:36:50 2021...
