
*** Running vivado
    with args -log ulp_debug_bridge_xsdbm_0.vds -m64 -product Vivado -mode batch -messageDb vivado.pb -notrace -source ulp_debug_bridge_xsdbm_0.tcl


****** Vivado v2020.1 (64-bit)
  **** SW Build 2902540 on Wed May 27 19:54:35 MDT 2020
  **** IP Build 2902112 on Wed May 27 22:43:36 MDT 2020
    ** Copyright 1986-2020 Xilinx, Inc. All Rights Reserved.

source ulp_debug_bridge_xsdbm_0.tcl -notrace
INFO: Dispatch client connection id - 40593
INFO: [IP_Flow 19-234] Refreshing IP repositories
INFO: [IP_Flow 19-1700] Loaded user IP repository '/home/gabri-bot/Vivado_projects/.workspace/myproject_kernel/vivado_rtl_kernel/myproject_kernel_ex/exports/_x/link/int/xo/ip_repo/fastmachinelearning_kernel_myproject_kernel_1_0'.
INFO: [IP_Flow 19-1700] Loaded user IP repository '/home/gabri-bot/Vivado_projects/.workspace/myproject_kernel/vivado_rtl_kernel/myproject_kernel_ex/exports/_x/link/vivado/vpl/.local/hw_platform/iprepo'.
INFO: [IP_Flow 19-1700] Loaded user IP repository '/tools/Xilinx/Vitis/2020.1/data/cache/xilinx'.
INFO: [IP_Flow 19-1700] Loaded user IP repository '/home/gabri-bot/Vivado_projects/.workspace/myproject_kernel/vivado_rtl_kernel/myproject_kernel_ex/exports/_x/link/vivado/vpl/.local/hw_platform/ipcache'.
INFO: [IP_Flow 19-1700] Loaded user IP repository '/tools/Xilinx/Vitis/2020.1/data/ip'.
INFO: [IP_Flow 19-2313] Loaded Vivado IP repository '/tools/Xilinx/Vivado/2020.1/data/ip'.
WARNING: [IP_Flow 19-1663] Duplicate IP found for 'xilinx.com:ip:axis_clk_metadata_adapter:1.0'. The one found in IP location '/home/gabri-bot/Vivado_projects/.workspace/myproject_kernel/vivado_rtl_kernel/myproject_kernel_ex/exports/_x/link/vivado/vpl/.local/hw_platform/iprepo/ipdefs/other_ipdefs/axis_clk_metadata_adapter_v1_0' will take precedence over the same IP in location /home/gabri-bot/Vivado_projects/.workspace/myproject_kernel/vivado_rtl_kernel/myproject_kernel_ex/exports/_x/link/vivado/vpl/.local/hw_platform/iprepo/ipdefs/ii_infra_ipdefs/axis_clk_metadata_adapter_v1_0
WARNING: [IP_Flow 19-1663] Duplicate IP found for 'xilinx.com:ip:axi_clk_metadata_adapter:1.0'. The one found in IP location '/home/gabri-bot/Vivado_projects/.workspace/myproject_kernel/vivado_rtl_kernel/myproject_kernel_ex/exports/_x/link/vivado/vpl/.local/hw_platform/iprepo/ipdefs/other_ipdefs/axi_clk_metadata_adapter_v1_0' will take precedence over the same IP in location /home/gabri-bot/Vivado_projects/.workspace/myproject_kernel/vivado_rtl_kernel/myproject_kernel_ex/exports/_x/link/vivado/vpl/.local/hw_platform/iprepo/ipdefs/ii_infra_ipdefs/axi_clk_metadata_adapter_v1_0
WARNING: [IP_Flow 19-1663] Duplicate IP found for 'xilinx.com:ip:clk_metadata_adapter:1.0'. The one found in IP location '/home/gabri-bot/Vivado_projects/.workspace/myproject_kernel/vivado_rtl_kernel/myproject_kernel_ex/exports/_x/link/vivado/vpl/.local/hw_platform/iprepo/ipdefs/other_ipdefs/clk_metadata_adapter_v1_0' will take precedence over the same IP in location /home/gabri-bot/Vivado_projects/.workspace/myproject_kernel/vivado_rtl_kernel/myproject_kernel_ex/exports/_x/link/vivado/vpl/.local/hw_platform/iprepo/ipdefs/ii_infra_ipdefs/clk_metadata_adapter_v1_0
WARNING: [IP_Flow 19-1663] Duplicate IP found for 'xilinx.com:ip:shell_utils_build_info:1.0'. The one found in IP location '/home/gabri-bot/Vivado_projects/.workspace/myproject_kernel/vivado_rtl_kernel/myproject_kernel_ex/exports/_x/link/vivado/vpl/.local/hw_platform/iprepo/ipdefs/other_ipdefs/shell_utils_build_info_v1_0' will take precedence over the same IP in the Xilinx installed IP.
Command: synth_design -top ulp_debug_bridge_xsdbm_0 -part xcu50-fsvh2104-2-e -mode out_of_context
Starting synth_design
Attempting to get a license for feature 'Synthesis' and/or device 'xcu50'
INFO: [Common 17-349] Got license for feature 'Synthesis' and/or device 'xcu50'
INFO: [Device 21-403] Loading part xcu50-fsvh2104-2-e
INFO: [Synth 8-7079] Multithreading enabled for synth_design using a maximum of 1 processes.
INFO: [Synth 8-7078] Launching helper process for spawning children vivado processes
INFO: [Synth 8-7075] Helper process launched with PID 17186
---------------------------------------------------------------------------------
Starting RTL Elaboration : Time (s): cpu = 00:00:02 ; elapsed = 00:00:03 . Memory (MB): peak = 3093.434 ; gain = 134.715 ; free physical = 9304 ; free virtual = 18575
---------------------------------------------------------------------------------
INFO: [Synth 8-6157] synthesizing module 'ulp_debug_bridge_xsdbm_0' [/home/gabri-bot/Vivado_projects/.workspace/myproject_kernel/vivado_rtl_kernel/myproject_kernel_ex/exports/_x/link/vivado/vpl/prj/prj.srcs/my_rm/bd/bd/ip/ulp_debug_bridge_xsdbm_0/synth/ulp_debug_bridge_xsdbm_0.v:59]
INFO: [Synth 8-6157] synthesizing module 'bd_0349' [/home/gabri-bot/Vivado_projects/.workspace/myproject_kernel/vivado_rtl_kernel/myproject_kernel_ex/exports/_x/link/vivado/vpl/prj/prj.srcs/my_rm/bd/bd/ip/ulp_debug_bridge_xsdbm_0/bd_0/synth/bd_0349.v:10]
INFO: [Synth 8-6157] synthesizing module 'bd_0349_bs_switch_0' [/home/gabri-bot/Vivado_projects/.workspace/myproject_kernel/vivado_rtl_kernel/myproject_kernel_ex/exports/_x/link/vivado/vpl/prj/prj.runs/ulp_debug_bridge_xsdbm_0_synth_1/.Xil/Vivado-17160-gabribot-X570-AORUS-ELITE/realtime/bd_0349_bs_switch_0_stub.v:6]
INFO: [Synth 8-6155] done synthesizing module 'bd_0349_bs_switch_0' (1#1) [/home/gabri-bot/Vivado_projects/.workspace/myproject_kernel/vivado_rtl_kernel/myproject_kernel_ex/exports/_x/link/vivado/vpl/prj/prj.runs/ulp_debug_bridge_xsdbm_0_synth_1/.Xil/Vivado-17160-gabribot-X570-AORUS-ELITE/realtime/bd_0349_bs_switch_0_stub.v:6]
INFO: [Synth 8-6157] synthesizing module 'bd_0349_lut_buffer_0' [/home/gabri-bot/Vivado_projects/.workspace/myproject_kernel/vivado_rtl_kernel/myproject_kernel_ex/exports/_x/link/vivado/vpl/prj/prj.runs/ulp_debug_bridge_xsdbm_0_synth_1/.Xil/Vivado-17160-gabribot-X570-AORUS-ELITE/realtime/bd_0349_lut_buffer_0_stub.v:6]
INFO: [Synth 8-6155] done synthesizing module 'bd_0349_lut_buffer_0' (2#1) [/home/gabri-bot/Vivado_projects/.workspace/myproject_kernel/vivado_rtl_kernel/myproject_kernel_ex/exports/_x/link/vivado/vpl/prj/prj.runs/ulp_debug_bridge_xsdbm_0_synth_1/.Xil/Vivado-17160-gabribot-X570-AORUS-ELITE/realtime/bd_0349_lut_buffer_0_stub.v:6]
INFO: [Synth 8-6157] synthesizing module 'bd_0349_xsdbm_0' [/home/gabri-bot/Vivado_projects/.workspace/myproject_kernel/vivado_rtl_kernel/myproject_kernel_ex/exports/_x/link/vivado/vpl/prj/prj.runs/ulp_debug_bridge_xsdbm_0_synth_1/.Xil/Vivado-17160-gabribot-X570-AORUS-ELITE/realtime/bd_0349_xsdbm_0_stub.v:6]
INFO: [Synth 8-6155] done synthesizing module 'bd_0349_xsdbm_0' (3#1) [/home/gabri-bot/Vivado_projects/.workspace/myproject_kernel/vivado_rtl_kernel/myproject_kernel_ex/exports/_x/link/vivado/vpl/prj/prj.runs/ulp_debug_bridge_xsdbm_0_synth_1/.Xil/Vivado-17160-gabribot-X570-AORUS-ELITE/realtime/bd_0349_xsdbm_0_stub.v:6]
INFO: [Synth 8-6155] done synthesizing module 'bd_0349' (4#1) [/home/gabri-bot/Vivado_projects/.workspace/myproject_kernel/vivado_rtl_kernel/myproject_kernel_ex/exports/_x/link/vivado/vpl/prj/prj.srcs/my_rm/bd/bd/ip/ulp_debug_bridge_xsdbm_0/bd_0/synth/bd_0349.v:10]
INFO: [Synth 8-6155] done synthesizing module 'ulp_debug_bridge_xsdbm_0' (5#1) [/home/gabri-bot/Vivado_projects/.workspace/myproject_kernel/vivado_rtl_kernel/myproject_kernel_ex/exports/_x/link/vivado/vpl/prj/prj.srcs/my_rm/bd/bd/ip/ulp_debug_bridge_xsdbm_0/synth/ulp_debug_bridge_xsdbm_0.v:59]
---------------------------------------------------------------------------------
Finished RTL Elaboration : Time (s): cpu = 00:00:03 ; elapsed = 00:00:04 . Memory (MB): peak = 3136.340 ; gain = 177.621 ; free physical = 9339 ; free virtual = 18611
---------------------------------------------------------------------------------
---------------------------------------------------------------------------------
Start Handling Custom Attributes
---------------------------------------------------------------------------------
---------------------------------------------------------------------------------
Finished Handling Custom Attributes : Time (s): cpu = 00:00:03 ; elapsed = 00:00:04 . Memory (MB): peak = 3152.184 ; gain = 193.465 ; free physical = 9279 ; free virtual = 18551
---------------------------------------------------------------------------------
---------------------------------------------------------------------------------
Finished RTL Optimization Phase 1 : Time (s): cpu = 00:00:03 ; elapsed = 00:00:04 . Memory (MB): peak = 3152.184 ; gain = 193.465 ; free physical = 9279 ; free virtual = 18551
---------------------------------------------------------------------------------
Netlist sorting complete. Time (s): cpu = 00:00:00 ; elapsed = 00:00:00 . Memory (MB): peak = 3152.184 ; gain = 0.000 ; free physical = 9271 ; free virtual = 18543
INFO: [Project 1-570] Preparing netlist for logic optimization

Processing XDC Constraints
Initializing timing engine
Parsing XDC File [/home/gabri-bot/Vivado_projects/.workspace/myproject_kernel/vivado_rtl_kernel/myproject_kernel_ex/exports/_x/link/vivado/vpl/prj/prj.srcs/my_rm/bd/bd/ip/ulp_debug_bridge_xsdbm_0/bd_0/ip/ip_0/bd_0349_xsdbm_0/bd_0349_xsdbm_0_in_context.xdc] for cell 'inst/xsdbm'
Finished Parsing XDC File [/home/gabri-bot/Vivado_projects/.workspace/myproject_kernel/vivado_rtl_kernel/myproject_kernel_ex/exports/_x/link/vivado/vpl/prj/prj.srcs/my_rm/bd/bd/ip/ulp_debug_bridge_xsdbm_0/bd_0/ip/ip_0/bd_0349_xsdbm_0/bd_0349_xsdbm_0_in_context.xdc] for cell 'inst/xsdbm'
Parsing XDC File [/home/gabri-bot/Vivado_projects/.workspace/myproject_kernel/vivado_rtl_kernel/myproject_kernel_ex/exports/_x/link/vivado/vpl/prj/prj.srcs/my_rm/bd/bd/ip/ulp_debug_bridge_xsdbm_0/bd_0/ip/ip_1/bd_0349_lut_buffer_0/bd_0349_lut_buffer_0_in_context.xdc] for cell 'inst/lut_buffer'
Finished Parsing XDC File [/home/gabri-bot/Vivado_projects/.workspace/myproject_kernel/vivado_rtl_kernel/myproject_kernel_ex/exports/_x/link/vivado/vpl/prj/prj.srcs/my_rm/bd/bd/ip/ulp_debug_bridge_xsdbm_0/bd_0/ip/ip_1/bd_0349_lut_buffer_0/bd_0349_lut_buffer_0_in_context.xdc] for cell 'inst/lut_buffer'
Parsing XDC File [/home/gabri-bot/Vivado_projects/.workspace/myproject_kernel/vivado_rtl_kernel/myproject_kernel_ex/exports/_x/link/vivado/vpl/prj/prj.srcs/my_rm/bd/bd/ip/ulp_debug_bridge_xsdbm_0/bd_0/ip/ip_2/bd_0349_bs_switch_0/bd_0349_bs_switch_0_in_context.xdc] for cell 'inst/bs_switch'
Finished Parsing XDC File [/home/gabri-bot/Vivado_projects/.workspace/myproject_kernel/vivado_rtl_kernel/myproject_kernel_ex/exports/_x/link/vivado/vpl/prj/prj.srcs/my_rm/bd/bd/ip/ulp_debug_bridge_xsdbm_0/bd_0/ip/ip_2/bd_0349_bs_switch_0/bd_0349_bs_switch_0_in_context.xdc] for cell 'inst/bs_switch'
Parsing XDC File [/home/gabri-bot/Vivado_projects/.workspace/myproject_kernel/vivado_rtl_kernel/myproject_kernel_ex/exports/_x/link/vivado/vpl/prj/prj.srcs/my_rm/bd/bd/ip/ulp_debug_bridge_xsdbm_0/ulp_debug_bridge_xsdbm_0_ooc.xdc] for cell 'inst'
Finished Parsing XDC File [/home/gabri-bot/Vivado_projects/.workspace/myproject_kernel/vivado_rtl_kernel/myproject_kernel_ex/exports/_x/link/vivado/vpl/prj/prj.srcs/my_rm/bd/bd/ip/ulp_debug_bridge_xsdbm_0/ulp_debug_bridge_xsdbm_0_ooc.xdc] for cell 'inst'
Parsing XDC File [/home/gabri-bot/Vivado_projects/.workspace/myproject_kernel/vivado_rtl_kernel/myproject_kernel_ex/exports/_x/link/vivado/vpl/prj/prj.runs/ulp_debug_bridge_xsdbm_0_synth_1/dont_touch.xdc]
Finished Parsing XDC File [/home/gabri-bot/Vivado_projects/.workspace/myproject_kernel/vivado_rtl_kernel/myproject_kernel_ex/exports/_x/link/vivado/vpl/prj/prj.runs/ulp_debug_bridge_xsdbm_0_synth_1/dont_touch.xdc]
Completed Processing XDC Constraints

Netlist sorting complete. Time (s): cpu = 00:00:00 ; elapsed = 00:00:00 . Memory (MB): peak = 3204.812 ; gain = 0.000 ; free physical = 9221 ; free virtual = 18539
INFO: [Project 1-111] Unisim Transformation Summary:
No Unisim elements were transformed.

Constraint Validation Runtime : Time (s): cpu = 00:00:00.01 ; elapsed = 00:00:00.02 . Memory (MB): peak = 3204.812 ; gain = 0.000 ; free physical = 9221 ; free virtual = 18540
---------------------------------------------------------------------------------
Finished Constraint Validation : Time (s): cpu = 00:00:10 ; elapsed = 00:00:12 . Memory (MB): peak = 3204.812 ; gain = 246.094 ; free physical = 9387 ; free virtual = 18616
---------------------------------------------------------------------------------
---------------------------------------------------------------------------------
Start Loading Part and Timing Information
---------------------------------------------------------------------------------
Loading part: xcu50-fsvh2104-2-e
INFO: [Synth 8-6742] Reading net delay rules and data
---------------------------------------------------------------------------------
Finished Loading Part and Timing Information : Time (s): cpu = 00:00:10 ; elapsed = 00:00:12 . Memory (MB): peak = 3204.812 ; gain = 246.094 ; free physical = 9387 ; free virtual = 18616
---------------------------------------------------------------------------------
---------------------------------------------------------------------------------
Start Applying 'set_property' XDC Constraints
---------------------------------------------------------------------------------
Applied set_property DONT_TOUCH = true for inst. (constraint file  auto generated constraint, line ).
Applied set_property DONT_TOUCH = true for inst/xsdbm. (constraint file  auto generated constraint, line ).
Applied set_property DONT_TOUCH = true for inst/lut_buffer. (constraint file  auto generated constraint, line ).
Applied set_property DONT_TOUCH = true for inst/bs_switch. (constraint file  auto generated constraint, line ).
---------------------------------------------------------------------------------
Finished applying 'set_property' XDC Constraints : Time (s): cpu = 00:00:10 ; elapsed = 00:00:12 . Memory (MB): peak = 3204.812 ; gain = 246.094 ; free physical = 9387 ; free virtual = 18616
---------------------------------------------------------------------------------
---------------------------------------------------------------------------------
Finished RTL Optimization Phase 2 : Time (s): cpu = 00:00:10 ; elapsed = 00:00:12 . Memory (MB): peak = 3204.812 ; gain = 246.094 ; free physical = 9386 ; free virtual = 18615
---------------------------------------------------------------------------------
---------------------------------------------------------------------------------
Start RTL Component Statistics 
---------------------------------------------------------------------------------
Detailed RTL Component Info : 
---------------------------------------------------------------------------------
Finished RTL Component Statistics 
---------------------------------------------------------------------------------
---------------------------------------------------------------------------------
Start Part Resource Summary
---------------------------------------------------------------------------------
Part Resources:
DSPs: 5952 (col length:93)
BRAMs: 2688 (col length: RAMB18 192 RAMB36 96)
---------------------------------------------------------------------------------
Finished Part Resource Summary
---------------------------------------------------------------------------------
---------------------------------------------------------------------------------
Start Cross Boundary and Area Optimization
---------------------------------------------------------------------------------
---------------------------------------------------------------------------------
Finished Cross Boundary and Area Optimization : Time (s): cpu = 00:00:10 ; elapsed = 00:00:13 . Memory (MB): peak = 3204.812 ; gain = 246.094 ; free physical = 9480 ; free virtual = 18712
---------------------------------------------------------------------------------
---------------------------------------------------------------------------------
Start Applying XDC Timing Constraints
---------------------------------------------------------------------------------
---------------------------------------------------------------------------------
Finished Applying XDC Timing Constraints : Time (s): cpu = 00:00:25 ; elapsed = 00:00:42 . Memory (MB): peak = 3616.531 ; gain = 657.812 ; free physical = 15381 ; free virtual = 24592
---------------------------------------------------------------------------------
---------------------------------------------------------------------------------
Start Timing Optimization
---------------------------------------------------------------------------------
---------------------------------------------------------------------------------
Finished Timing Optimization : Time (s): cpu = 00:00:25 ; elapsed = 00:00:42 . Memory (MB): peak = 3616.531 ; gain = 657.812 ; free physical = 15381 ; free virtual = 24592
---------------------------------------------------------------------------------
---------------------------------------------------------------------------------
Start Technology Mapping
---------------------------------------------------------------------------------
---------------------------------------------------------------------------------
Finished Technology Mapping : Time (s): cpu = 00:00:25 ; elapsed = 00:00:42 . Memory (MB): peak = 3635.562 ; gain = 676.844 ; free physical = 15377 ; free virtual = 24588
---------------------------------------------------------------------------------
---------------------------------------------------------------------------------
Start IO Insertion
---------------------------------------------------------------------------------
---------------------------------------------------------------------------------
Start Flattening Before IO Insertion
---------------------------------------------------------------------------------
---------------------------------------------------------------------------------
Finished Flattening Before IO Insertion
---------------------------------------------------------------------------------
---------------------------------------------------------------------------------
Start Final Netlist Cleanup
---------------------------------------------------------------------------------
---------------------------------------------------------------------------------
Finished Final Netlist Cleanup
---------------------------------------------------------------------------------
---------------------------------------------------------------------------------
Finished IO Insertion : Time (s): cpu = 00:00:27 ; elapsed = 00:00:44 . Memory (MB): peak = 3641.500 ; gain = 682.781 ; free physical = 15312 ; free virtual = 24522
---------------------------------------------------------------------------------
---------------------------------------------------------------------------------
Start Renaming Generated Instances
---------------------------------------------------------------------------------
---------------------------------------------------------------------------------
Finished Renaming Generated Instances : Time (s): cpu = 00:00:27 ; elapsed = 00:00:44 . Memory (MB): peak = 3641.500 ; gain = 682.781 ; free physical = 15312 ; free virtual = 24522
---------------------------------------------------------------------------------
---------------------------------------------------------------------------------
Start Rebuilding User Hierarchy
---------------------------------------------------------------------------------
---------------------------------------------------------------------------------
Finished Rebuilding User Hierarchy : Time (s): cpu = 00:00:27 ; elapsed = 00:00:44 . Memory (MB): peak = 3641.500 ; gain = 682.781 ; free physical = 15310 ; free virtual = 24521
---------------------------------------------------------------------------------
---------------------------------------------------------------------------------
Start Renaming Generated Ports
---------------------------------------------------------------------------------
---------------------------------------------------------------------------------
Finished Renaming Generated Ports : Time (s): cpu = 00:00:27 ; elapsed = 00:00:44 . Memory (MB): peak = 3641.500 ; gain = 682.781 ; free physical = 15310 ; free virtual = 24521
---------------------------------------------------------------------------------
---------------------------------------------------------------------------------
Start Handling Custom Attributes
---------------------------------------------------------------------------------
---------------------------------------------------------------------------------
Finished Handling Custom Attributes : Time (s): cpu = 00:00:27 ; elapsed = 00:00:44 . Memory (MB): peak = 3641.500 ; gain = 682.781 ; free physical = 15310 ; free virtual = 24521
---------------------------------------------------------------------------------
---------------------------------------------------------------------------------
Start Renaming Generated Nets
---------------------------------------------------------------------------------
---------------------------------------------------------------------------------
Finished Renaming Generated Nets : Time (s): cpu = 00:00:27 ; elapsed = 00:00:44 . Memory (MB): peak = 3641.500 ; gain = 682.781 ; free physical = 15310 ; free virtual = 24521
---------------------------------------------------------------------------------
---------------------------------------------------------------------------------
Start Writing Synthesis Report
---------------------------------------------------------------------------------

Report BlackBoxes: 
+------+---------------------+----------+
|      |BlackBox name        |Instances |
+------+---------------------+----------+
|1     |bd_0349_bs_switch_0  |         1|
|2     |bd_0349_lut_buffer_0 |         1|
|3     |bd_0349_xsdbm_0      |         1|
+------+---------------------+----------+

Report Cell Usage: 
+------+-------------------+------+
|      |Cell               |Count |
+------+-------------------+------+
|1     |bd_0349_bs_switch  |     1|
|2     |bd_0349_lut_buffer |     1|
|3     |bd_0349_xsdbm      |     1|
+------+-------------------+------+
---------------------------------------------------------------------------------
Finished Writing Synthesis Report : Time (s): cpu = 00:00:27 ; elapsed = 00:00:44 . Memory (MB): peak = 3641.500 ; gain = 682.781 ; free physical = 15310 ; free virtual = 24521
---------------------------------------------------------------------------------
Synthesis finished with 0 errors, 0 critical warnings and 0 warnings.
Synthesis Optimization Runtime : Time (s): cpu = 00:00:23 ; elapsed = 00:00:39 . Memory (MB): peak = 3641.500 ; gain = 630.152 ; free physical = 15345 ; free virtual = 24556
Synthesis Optimization Complete : Time (s): cpu = 00:00:27 ; elapsed = 00:00:44 . Memory (MB): peak = 3641.508 ; gain = 682.781 ; free physical = 15345 ; free virtual = 24556
INFO: [Project 1-571] Translating synthesized netlist
Netlist sorting complete. Time (s): cpu = 00:00:00 ; elapsed = 00:00:00 . Memory (MB): peak = 3641.508 ; gain = 0.000 ; free physical = 15338 ; free virtual = 24549
INFO: [Project 1-570] Preparing netlist for logic optimization
INFO: [Opt 31-138] Pushed 0 inverter(s) to 0 load pin(s).
Netlist sorting complete. Time (s): cpu = 00:00:00 ; elapsed = 00:00:00 . Memory (MB): peak = 3691.062 ; gain = 0.000 ; free physical = 15305 ; free virtual = 24516
INFO: [Project 1-111] Unisim Transformation Summary:
No Unisim elements were transformed.

INFO: [Common 17-83] Releasing license: Synthesis
30 Infos, 4 Warnings, 0 Critical Warnings and 0 Errors encountered.
synth_design completed successfully
synth_design: Time (s): cpu = 00:00:39 ; elapsed = 00:00:59 . Memory (MB): peak = 3691.062 ; gain = 1531.707 ; free physical = 15433 ; free virtual = 24643
INFO: [Common 17-600] The following parameters have non-default value.
general.maxThreads
INFO: [Common 17-1381] The checkpoint '/home/gabri-bot/Vivado_projects/.workspace/myproject_kernel/vivado_rtl_kernel/myproject_kernel_ex/exports/_x/link/vivado/vpl/prj/prj.runs/ulp_debug_bridge_xsdbm_0_synth_1/ulp_debug_bridge_xsdbm_0.dcp' has been generated.
WARNING: [Common 17-576] 'use_project_ipc' is deprecated. This option is deprecated and no longer used.
INFO: [Coretcl 2-1648] Added synthesis output to IP cache for IP ulp_debug_bridge_xsdbm_0, cache-ID = 169876646db99b8b
INFO: [Coretcl 2-1174] Renamed 4 cell refs.
INFO: [Common 17-1381] The checkpoint '/home/gabri-bot/Vivado_projects/.workspace/myproject_kernel/vivado_rtl_kernel/myproject_kernel_ex/exports/_x/link/vivado/vpl/prj/prj.runs/ulp_debug_bridge_xsdbm_0_synth_1/ulp_debug_bridge_xsdbm_0.dcp' has been generated.
INFO: [runtcl-4] Executing : report_utilization -file ulp_debug_bridge_xsdbm_0_utilization_synth.rpt -pb ulp_debug_bridge_xsdbm_0_utilization_synth.pb
INFO: [Common 17-206] Exiting Vivado at Tue Dec  7 00:54:18 2021...
