
*** Running vivado
    with args -log myproject_kernel_bd_axi_datamover_0_1.vds -m64 -product Vivado -mode batch -messageDb vivado.pb -notrace -source myproject_kernel_bd_axi_datamover_0_1.tcl


****** Vivado v2020.1 (64-bit)
  **** SW Build 2902540 on Wed May 27 19:54:35 MDT 2020
  **** IP Build 2902112 on Wed May 27 22:43:36 MDT 2020
    ** Copyright 1986-2020 Xilinx, Inc. All Rights Reserved.

source myproject_kernel_bd_axi_datamover_0_1.tcl -notrace
INFO: [IP_Flow 19-234] Refreshing IP repositories
INFO: [IP_Flow 19-1700] Loaded user IP repository '/home/gabri-bot/University/Git_hub/ALVEO-PYNQ_ML/NN_train/MNIST_Test/HLS_projects/Qkeras_pruned_CNN/hls4ml_alveo_prj/myproject_prj'.
INFO: [IP_Flow 19-2313] Loaded Vivado IP repository '/tools/Xilinx/Vivado/2020.1/data/ip'.
Command: synth_design -top myproject_kernel_bd_axi_datamover_0_1 -part xcu50-fsvh2104-2-e -mode out_of_context
Starting synth_design
Attempting to get a license for feature 'Synthesis' and/or device 'xcu50'
INFO: [Common 17-349] Got license for feature 'Synthesis' and/or device 'xcu50'
INFO: [Device 21-403] Loading part xcu50-fsvh2104-2-e
INFO: [Synth 8-7079] Multithreading enabled for synth_design using a maximum of 4 processes.
INFO: [Synth 8-7078] Launching helper process for spawning children vivado processes
INFO: [Synth 8-7075] Helper process launched with PID 5027
---------------------------------------------------------------------------------
Starting RTL Elaboration : Time (s): cpu = 00:00:04 ; elapsed = 00:00:09 . Memory (MB): peak = 2996.188 ; gain = 126.715 ; free physical = 9409 ; free virtual = 18431
---------------------------------------------------------------------------------
INFO: [Synth 8-638] synthesizing module 'myproject_kernel_bd_axi_datamover_0_1' [/home/gabri-bot/Vivado_projects/.workspace/myproject_kernel/vivado_rtl_kernel/myproject_kernel_ex/myproject_kernel_ex.srcs/sources_1/bd/myproject_kernel_bd/ip/myproject_kernel_bd_axi_datamover_0_1/synth/myproject_kernel_bd_axi_datamover_0_1.vhd:131]
	Parameter C_INCLUDE_MM2S bound to: 1 - type: integer 
	Parameter C_M_AXI_MM2S_ARID bound to: 0 - type: integer 
	Parameter C_M_AXI_MM2S_ID_WIDTH bound to: 1 - type: integer 
	Parameter C_M_AXI_MM2S_ADDR_WIDTH bound to: 64 - type: integer 
	Parameter C_M_AXI_MM2S_DATA_WIDTH bound to: 32 - type: integer 
	Parameter C_M_AXIS_MM2S_TDATA_WIDTH bound to: 32 - type: integer 
	Parameter C_INCLUDE_MM2S_STSFIFO bound to: 1 - type: integer 
	Parameter C_MM2S_STSCMD_FIFO_DEPTH bound to: 4 - type: integer 
	Parameter C_MM2S_STSCMD_IS_ASYNC bound to: 0 - type: integer 
	Parameter C_INCLUDE_MM2S_DRE bound to: 0 - type: integer 
	Parameter C_MM2S_BURST_SIZE bound to: 256 - type: integer 
	Parameter C_MM2S_BTT_USED bound to: 23 - type: integer 
	Parameter C_MM2S_ADDR_PIPE_DEPTH bound to: 3 - type: integer 
	Parameter C_INCLUDE_S2MM bound to: 1 - type: integer 
	Parameter C_M_AXI_S2MM_AWID bound to: 0 - type: integer 
	Parameter C_M_AXI_S2MM_ID_WIDTH bound to: 1 - type: integer 
	Parameter C_M_AXI_S2MM_ADDR_WIDTH bound to: 64 - type: integer 
	Parameter C_M_AXI_S2MM_DATA_WIDTH bound to: 32 - type: integer 
	Parameter C_S_AXIS_S2MM_TDATA_WIDTH bound to: 32 - type: integer 
	Parameter C_INCLUDE_S2MM_STSFIFO bound to: 1 - type: integer 
	Parameter C_S2MM_STSCMD_FIFO_DEPTH bound to: 4 - type: integer 
	Parameter C_S2MM_STSCMD_IS_ASYNC bound to: 0 - type: integer 
	Parameter C_INCLUDE_S2MM_DRE bound to: 0 - type: integer 
	Parameter C_S2MM_BURST_SIZE bound to: 256 - type: integer 
	Parameter C_S2MM_BTT_USED bound to: 23 - type: integer 
	Parameter C_S2MM_SUPPORT_INDET_BTT bound to: 0 - type: integer 
	Parameter C_S2MM_ADDR_PIPE_DEPTH bound to: 4 - type: integer 
	Parameter C_FAMILY bound to: virtexuplusHBM - type: string 
	Parameter C_MM2S_INCLUDE_SF bound to: 0 - type: integer 
	Parameter C_S2MM_INCLUDE_SF bound to: 0 - type: integer 
	Parameter C_ENABLE_CACHE_USER bound to: 0 - type: integer 
	Parameter C_ENABLE_MM2S_TKEEP bound to: 1 - type: integer 
	Parameter C_ENABLE_S2MM_TKEEP bound to: 1 - type: integer 
	Parameter C_ENABLE_SKID_BUF bound to: 11111 - type: string 
	Parameter C_ENABLE_S2MM_ADV_SIG bound to: 0 - type: integer 
	Parameter C_ENABLE_MM2S_ADV_SIG bound to: 0 - type: integer 
	Parameter C_CMD_WIDTH bound to: 104 - type: integer 
INFO: [Synth 8-3491] module 'axi_datamover' declared at '/home/gabri-bot/Vivado_projects/.workspace/myproject_kernel/vivado_rtl_kernel/myproject_kernel_ex/myproject_kernel_ex.srcs/sources_1/bd/myproject_kernel_bd/ipshared/af86/hdl/axi_datamover_v5_1_vh_rfs.vhd:54991' bound to instance 'U0' of component 'axi_datamover' [/home/gabri-bot/Vivado_projects/.workspace/myproject_kernel/vivado_rtl_kernel/myproject_kernel_ex/myproject_kernel_ex.srcs/sources_1/bd/myproject_kernel_bd/ip/myproject_kernel_bd_axi_datamover_0_1/synth/myproject_kernel_bd_axi_datamover_0_1.vhd:354]
INFO: [Synth 8-638] synthesizing module 'axi_datamover' [/home/gabri-bot/Vivado_projects/.workspace/myproject_kernel/vivado_rtl_kernel/myproject_kernel_ex/myproject_kernel_ex.srcs/sources_1/bd/myproject_kernel_bd/ipshared/af86/hdl/axi_datamover_v5_1_vh_rfs.vhd:55436]
	Parameter C_INCLUDE_MM2S bound to: 1 - type: integer 
	Parameter C_M_AXI_MM2S_ARID bound to: 0 - type: integer 
	Parameter C_M_AXI_MM2S_ID_WIDTH bound to: 1 - type: integer 
	Parameter C_M_AXI_MM2S_ADDR_WIDTH bound to: 64 - type: integer 
	Parameter C_M_AXI_MM2S_DATA_WIDTH bound to: 32 - type: integer 
	Parameter C_M_AXIS_MM2S_TDATA_WIDTH bound to: 32 - type: integer 
	Parameter C_INCLUDE_MM2S_STSFIFO bound to: 1 - type: integer 
	Parameter C_MM2S_STSCMD_FIFO_DEPTH bound to: 4 - type: integer 
	Parameter C_MM2S_STSCMD_IS_ASYNC bound to: 0 - type: integer 
	Parameter C_INCLUDE_MM2S_DRE bound to: 0 - type: integer 
	Parameter C_MM2S_BURST_SIZE bound to: 256 - type: integer 
	Parameter C_MM2S_BTT_USED bound to: 23 - type: integer 
	Parameter C_MM2S_ADDR_PIPE_DEPTH bound to: 3 - type: integer 
	Parameter C_MM2S_INCLUDE_SF bound to: 0 - type: integer 
	Parameter C_INCLUDE_S2MM bound to: 1 - type: integer 
	Parameter C_M_AXI_S2MM_AWID bound to: 0 - type: integer 
	Parameter C_M_AXI_S2MM_ID_WIDTH bound to: 1 - type: integer 
	Parameter C_M_AXI_S2MM_ADDR_WIDTH bound to: 64 - type: integer 
	Parameter C_M_AXI_S2MM_DATA_WIDTH bound to: 32 - type: integer 
	Parameter C_S_AXIS_S2MM_TDATA_WIDTH bound to: 32 - type: integer 
	Parameter C_INCLUDE_S2MM_STSFIFO bound to: 1 - type: integer 
	Parameter C_S2MM_STSCMD_FIFO_DEPTH bound to: 4 - type: integer 
	Parameter C_S2MM_STSCMD_IS_ASYNC bound to: 0 - type: integer 
	Parameter C_INCLUDE_S2MM_DRE bound to: 0 - type: integer 
	Parameter C_S2MM_BURST_SIZE bound to: 256 - type: integer 
	Parameter C_S2MM_BTT_USED bound to: 23 - type: integer 
	Parameter C_S2MM_SUPPORT_INDET_BTT bound to: 0 - type: integer 
	Parameter C_S2MM_ADDR_PIPE_DEPTH bound to: 4 - type: integer 
	Parameter C_S2MM_INCLUDE_SF bound to: 0 - type: integer 
	Parameter C_ENABLE_CACHE_USER bound to: 0 - type: integer 
	Parameter C_ENABLE_SKID_BUF bound to: 11111 - type: string 
	Parameter C_ENABLE_MM2S_TKEEP bound to: 1 - type: integer 
	Parameter C_ENABLE_S2MM_TKEEP bound to: 1 - type: integer 
	Parameter C_ENABLE_S2MM_ADV_SIG bound to: 0 - type: integer 
	Parameter C_ENABLE_MM2S_ADV_SIG bound to: 0 - type: integer 
	Parameter C_MICRO_DMA bound to: 0 - type: integer 
	Parameter C_CMD_WIDTH bound to: 104 - type: integer 
	Parameter C_MCDMA bound to: 0 - type: integer 
	Parameter C_FAMILY bound to: virtexuplusHBM - type: string 
INFO: [Synth 8-638] synthesizing module 'axi_datamover_mm2s_full_wrap' [/home/gabri-bot/Vivado_projects/.workspace/myproject_kernel/vivado_rtl_kernel/myproject_kernel_ex/myproject_kernel_ex.srcs/sources_1/bd/myproject_kernel_bd/ipshared/af86/hdl/axi_datamover_v5_1_vh_rfs.vhd:53572]
	Parameter C_INCLUDE_MM2S bound to: 1 - type: integer 
	Parameter C_MM2S_ARID bound to: 0 - type: integer 
	Parameter C_MM2S_ID_WIDTH bound to: 1 - type: integer 
	Parameter C_MM2S_ADDR_WIDTH bound to: 64 - type: integer 
	Parameter C_MM2S_MDATA_WIDTH bound to: 32 - type: integer 
	Parameter C_MM2S_SDATA_WIDTH bound to: 32 - type: integer 
	Parameter C_INCLUDE_MM2S_STSFIFO bound to: 1 - type: integer 
	Parameter C_MM2S_STSCMD_FIFO_DEPTH bound to: 4 - type: integer 
	Parameter C_MM2S_STSCMD_IS_ASYNC bound to: 0 - type: integer 
	Parameter C_INCLUDE_MM2S_DRE bound to: 0 - type: integer 
	Parameter C_MM2S_BURST_SIZE bound to: 256 - type: integer 
	Parameter C_MM2S_BTT_USED bound to: 23 - type: integer 
	Parameter C_MM2S_ADDR_PIPE_DEPTH bound to: 3 - type: integer 
	Parameter C_TAG_WIDTH bound to: 4 - type: integer 
	Parameter C_INCLUDE_MM2S_GP_SF bound to: 0 - type: integer 
	Parameter C_ENABLE_CACHE_USER bound to: 0 - type: integer 
	Parameter C_ENABLE_MM2S_TKEEP bound to: 1 - type: integer 
	Parameter C_ENABLE_SKID_BUF bound to: 11111 - type: string 
	Parameter C_MCDMA bound to: 0 - type: integer 
	Parameter C_FAMILY bound to: virtexuplusHBM - type: string 
INFO: [Synth 8-638] synthesizing module 'axi_datamover_reset' [/home/gabri-bot/Vivado_projects/.workspace/myproject_kernel/vivado_rtl_kernel/myproject_kernel_ex/myproject_kernel_ex.srcs/sources_1/bd/myproject_kernel_bd/ipshared/af86/hdl/axi_datamover_v5_1_vh_rfs.vhd:153]
	Parameter C_STSCMD_IS_ASYNC bound to: 0 - type: integer 
INFO: [Synth 8-256] done synthesizing module 'axi_datamover_reset' (1#1) [/home/gabri-bot/Vivado_projects/.workspace/myproject_kernel/vivado_rtl_kernel/myproject_kernel_ex/myproject_kernel_ex.srcs/sources_1/bd/myproject_kernel_bd/ipshared/af86/hdl/axi_datamover_v5_1_vh_rfs.vhd:153]
INFO: [Synth 8-638] synthesizing module 'axi_datamover_cmd_status' [/home/gabri-bot/Vivado_projects/.workspace/myproject_kernel/vivado_rtl_kernel/myproject_kernel_ex/myproject_kernel_ex.srcs/sources_1/bd/myproject_kernel_bd/ipshared/af86/hdl/axi_datamover_v5_1_vh_rfs.vhd:2698]
	Parameter C_ADDR_WIDTH bound to: 64 - type: integer 
	Parameter C_INCLUDE_STSFIFO bound to: 1 - type: integer 
	Parameter C_STSCMD_FIFO_DEPTH bound to: 4 - type: integer 
	Parameter C_STSCMD_IS_ASYNC bound to: 0 - type: integer 
	Parameter C_CMD_WIDTH bound to: 100 - type: integer 
	Parameter C_STS_WIDTH bound to: 8 - type: integer 
	Parameter C_ENABLE_CACHE_USER bound to: 0 - type: integer 
	Parameter C_FAMILY bound to: virtexuplusHBM - type: string 
INFO: [Synth 8-638] synthesizing module 'axi_datamover_fifo' [/home/gabri-bot/Vivado_projects/.workspace/myproject_kernel/vivado_rtl_kernel/myproject_kernel_ex/myproject_kernel_ex.srcs/sources_1/bd/myproject_kernel_bd/ipshared/af86/hdl/axi_datamover_v5_1_vh_rfs.vhd:1886]
	Parameter C_DWIDTH bound to: 100 - type: integer 
	Parameter C_DEPTH bound to: 4 - type: integer 
	Parameter C_IS_ASYNC bound to: 0 - type: integer 
	Parameter C_PRIM_TYPE bound to: 2 - type: integer 
	Parameter C_FAMILY bound to: virtexuplusHBM - type: string 
INFO: [Synth 8-638] synthesizing module 'srl_fifo_f' [/home/gabri-bot/Vivado_projects/.workspace/myproject_kernel/vivado_rtl_kernel/myproject_kernel_ex/myproject_kernel_ex.srcs/sources_1/bd/myproject_kernel_bd/ipshared/51ce/hdl/lib_srl_fifo_v1_0_rfs.vhd:1000]
	Parameter C_DWIDTH bound to: 100 - type: integer 
	Parameter C_DEPTH bound to: 4 - type: integer 
	Parameter C_FAMILY bound to: virtexuplusHBM - type: string 
INFO: [Synth 8-638] synthesizing module 'srl_fifo_rbu_f' [/home/gabri-bot/Vivado_projects/.workspace/myproject_kernel/vivado_rtl_kernel/myproject_kernel_ex/myproject_kernel_ex.srcs/sources_1/bd/myproject_kernel_bd/ipshared/51ce/hdl/lib_srl_fifo_v1_0_rfs.vhd:697]
	Parameter C_DWIDTH bound to: 100 - type: integer 
	Parameter C_DEPTH bound to: 4 - type: integer 
	Parameter C_FAMILY bound to: virtexuplusHBM - type: string 
INFO: [Synth 8-638] synthesizing module 'cntr_incr_decr_addn_f' [/home/gabri-bot/Vivado_projects/.workspace/myproject_kernel/vivado_rtl_kernel/myproject_kernel_ex/myproject_kernel_ex.srcs/sources_1/bd/myproject_kernel_bd/ipshared/51ce/hdl/lib_srl_fifo_v1_0_rfs.vhd:143]
	Parameter C_SIZE bound to: 3 - type: integer 
	Parameter C_FAMILY bound to: virtexuplusHBM - type: string 
INFO: [Synth 8-256] done synthesizing module 'cntr_incr_decr_addn_f' (2#1) [/home/gabri-bot/Vivado_projects/.workspace/myproject_kernel/vivado_rtl_kernel/myproject_kernel_ex/myproject_kernel_ex.srcs/sources_1/bd/myproject_kernel_bd/ipshared/51ce/hdl/lib_srl_fifo_v1_0_rfs.vhd:143]
INFO: [Synth 8-638] synthesizing module 'dynshreg_f' [/home/gabri-bot/Vivado_projects/.workspace/myproject_kernel/vivado_rtl_kernel/myproject_kernel_ex/myproject_kernel_ex.srcs/sources_1/bd/myproject_kernel_bd/ipshared/51ce/hdl/lib_srl_fifo_v1_0_rfs.vhd:397]
	Parameter C_DEPTH bound to: 4 - type: integer 
	Parameter C_DWIDTH bound to: 100 - type: integer 
	Parameter C_FAMILY bound to: virtexuplusHBM - type: string 
INFO: [Synth 8-256] done synthesizing module 'dynshreg_f' (3#1) [/home/gabri-bot/Vivado_projects/.workspace/myproject_kernel/vivado_rtl_kernel/myproject_kernel_ex/myproject_kernel_ex.srcs/sources_1/bd/myproject_kernel_bd/ipshared/51ce/hdl/lib_srl_fifo_v1_0_rfs.vhd:397]
INFO: [Synth 8-256] done synthesizing module 'srl_fifo_rbu_f' (4#1) [/home/gabri-bot/Vivado_projects/.workspace/myproject_kernel/vivado_rtl_kernel/myproject_kernel_ex/myproject_kernel_ex.srcs/sources_1/bd/myproject_kernel_bd/ipshared/51ce/hdl/lib_srl_fifo_v1_0_rfs.vhd:697]
INFO: [Synth 8-256] done synthesizing module 'srl_fifo_f' (5#1) [/home/gabri-bot/Vivado_projects/.workspace/myproject_kernel/vivado_rtl_kernel/myproject_kernel_ex/myproject_kernel_ex.srcs/sources_1/bd/myproject_kernel_bd/ipshared/51ce/hdl/lib_srl_fifo_v1_0_rfs.vhd:1000]
INFO: [Synth 8-256] done synthesizing module 'axi_datamover_fifo' (6#1) [/home/gabri-bot/Vivado_projects/.workspace/myproject_kernel/vivado_rtl_kernel/myproject_kernel_ex/myproject_kernel_ex.srcs/sources_1/bd/myproject_kernel_bd/ipshared/af86/hdl/axi_datamover_v5_1_vh_rfs.vhd:1886]
INFO: [Synth 8-638] synthesizing module 'axi_datamover_fifo__parameterized0' [/home/gabri-bot/Vivado_projects/.workspace/myproject_kernel/vivado_rtl_kernel/myproject_kernel_ex/myproject_kernel_ex.srcs/sources_1/bd/myproject_kernel_bd/ipshared/af86/hdl/axi_datamover_v5_1_vh_rfs.vhd:1886]
	Parameter C_DWIDTH bound to: 8 - type: integer 
	Parameter C_DEPTH bound to: 4 - type: integer 
	Parameter C_IS_ASYNC bound to: 0 - type: integer 
	Parameter C_PRIM_TYPE bound to: 2 - type: integer 
	Parameter C_FAMILY bound to: virtexuplusHBM - type: string 
INFO: [Synth 8-638] synthesizing module 'srl_fifo_f__parameterized0' [/home/gabri-bot/Vivado_projects/.workspace/myproject_kernel/vivado_rtl_kernel/myproject_kernel_ex/myproject_kernel_ex.srcs/sources_1/bd/myproject_kernel_bd/ipshared/51ce/hdl/lib_srl_fifo_v1_0_rfs.vhd:1000]
	Parameter C_DWIDTH bound to: 8 - type: integer 
	Parameter C_DEPTH bound to: 4 - type: integer 
	Parameter C_FAMILY bound to: virtexuplusHBM - type: string 
INFO: [Synth 8-638] synthesizing module 'srl_fifo_rbu_f__parameterized0' [/home/gabri-bot/Vivado_projects/.workspace/myproject_kernel/vivado_rtl_kernel/myproject_kernel_ex/myproject_kernel_ex.srcs/sources_1/bd/myproject_kernel_bd/ipshared/51ce/hdl/lib_srl_fifo_v1_0_rfs.vhd:697]
	Parameter C_DWIDTH bound to: 8 - type: integer 
	Parameter C_DEPTH bound to: 4 - type: integer 
	Parameter C_FAMILY bound to: virtexuplusHBM - type: string 
INFO: [Synth 8-638] synthesizing module 'dynshreg_f__parameterized0' [/home/gabri-bot/Vivado_projects/.workspace/myproject_kernel/vivado_rtl_kernel/myproject_kernel_ex/myproject_kernel_ex.srcs/sources_1/bd/myproject_kernel_bd/ipshared/51ce/hdl/lib_srl_fifo_v1_0_rfs.vhd:397]
	Parameter C_DEPTH bound to: 4 - type: integer 
	Parameter C_DWIDTH bound to: 8 - type: integer 
	Parameter C_FAMILY bound to: virtexuplusHBM - type: string 
INFO: [Synth 8-256] done synthesizing module 'dynshreg_f__parameterized0' (6#1) [/home/gabri-bot/Vivado_projects/.workspace/myproject_kernel/vivado_rtl_kernel/myproject_kernel_ex/myproject_kernel_ex.srcs/sources_1/bd/myproject_kernel_bd/ipshared/51ce/hdl/lib_srl_fifo_v1_0_rfs.vhd:397]
INFO: [Synth 8-256] done synthesizing module 'srl_fifo_rbu_f__parameterized0' (6#1) [/home/gabri-bot/Vivado_projects/.workspace/myproject_kernel/vivado_rtl_kernel/myproject_kernel_ex/myproject_kernel_ex.srcs/sources_1/bd/myproject_kernel_bd/ipshared/51ce/hdl/lib_srl_fifo_v1_0_rfs.vhd:697]
INFO: [Synth 8-256] done synthesizing module 'srl_fifo_f__parameterized0' (6#1) [/home/gabri-bot/Vivado_projects/.workspace/myproject_kernel/vivado_rtl_kernel/myproject_kernel_ex/myproject_kernel_ex.srcs/sources_1/bd/myproject_kernel_bd/ipshared/51ce/hdl/lib_srl_fifo_v1_0_rfs.vhd:1000]
INFO: [Synth 8-256] done synthesizing module 'axi_datamover_fifo__parameterized0' (6#1) [/home/gabri-bot/Vivado_projects/.workspace/myproject_kernel/vivado_rtl_kernel/myproject_kernel_ex/myproject_kernel_ex.srcs/sources_1/bd/myproject_kernel_bd/ipshared/af86/hdl/axi_datamover_v5_1_vh_rfs.vhd:1886]
INFO: [Synth 8-256] done synthesizing module 'axi_datamover_cmd_status' (7#1) [/home/gabri-bot/Vivado_projects/.workspace/myproject_kernel/vivado_rtl_kernel/myproject_kernel_ex/myproject_kernel_ex.srcs/sources_1/bd/myproject_kernel_bd/ipshared/af86/hdl/axi_datamover_v5_1_vh_rfs.vhd:2698]
INFO: [Synth 8-638] synthesizing module 'axi_datamover_rd_status_cntl' [/home/gabri-bot/Vivado_projects/.workspace/myproject_kernel/vivado_rtl_kernel/myproject_kernel_ex/myproject_kernel_ex.srcs/sources_1/bd/myproject_kernel_bd/ipshared/af86/hdl/axi_datamover_v5_1_vh_rfs.vhd:13746]
	Parameter C_STS_WIDTH bound to: 8 - type: integer 
	Parameter C_TAG_WIDTH bound to: 4 - type: integer 
INFO: [Synth 8-256] done synthesizing module 'axi_datamover_rd_status_cntl' (8#1) [/home/gabri-bot/Vivado_projects/.workspace/myproject_kernel/vivado_rtl_kernel/myproject_kernel_ex/myproject_kernel_ex.srcs/sources_1/bd/myproject_kernel_bd/ipshared/af86/hdl/axi_datamover_v5_1_vh_rfs.vhd:13746]
INFO: [Synth 8-638] synthesizing module 'axi_datamover_pcc' [/home/gabri-bot/Vivado_projects/.workspace/myproject_kernel/vivado_rtl_kernel/myproject_kernel_ex/myproject_kernel_ex.srcs/sources_1/bd/myproject_kernel_bd/ipshared/af86/hdl/axi_datamover_v5_1_vh_rfs.vhd:7416]
	Parameter C_IS_MM2S bound to: 1 - type: integer 
	Parameter C_DRE_ALIGN_WIDTH bound to: 1 - type: integer 
	Parameter C_SEL_ADDR_WIDTH bound to: 2 - type: integer 
	Parameter C_ADDR_WIDTH bound to: 64 - type: integer 
	Parameter C_STREAM_DWIDTH bound to: 32 - type: integer 
	Parameter C_MAX_BURST_LEN bound to: 256 - type: integer 
	Parameter C_CMD_WIDTH bound to: 100 - type: integer 
	Parameter C_TAG_WIDTH bound to: 4 - type: integer 
	Parameter C_BTT_USED bound to: 23 - type: integer 
	Parameter C_SUPPORT_INDET_BTT bound to: 0 - type: integer 
	Parameter C_NATIVE_XFER_WIDTH bound to: 32 - type: integer 
	Parameter C_STRT_SF_OFFSET_WIDTH bound to: 1 - type: integer 
	Parameter C_MCDMA bound to: 0 - type: integer 
INFO: [Synth 8-638] synthesizing module 'axi_datamover_strb_gen2' [/home/gabri-bot/Vivado_projects/.workspace/myproject_kernel/vivado_rtl_kernel/myproject_kernel_ex/myproject_kernel_ex.srcs/sources_1/bd/myproject_kernel_bd/ipshared/af86/hdl/axi_datamover_v5_1_vh_rfs.vhd:4342]
	Parameter C_OP_MODE bound to: 0 - type: integer 
	Parameter C_STRB_WIDTH bound to: 4 - type: integer 
	Parameter C_OFFSET_WIDTH bound to: 2 - type: integer 
	Parameter C_NUM_BYTES_WIDTH bound to: 3 - type: integer 
INFO: [Synth 8-256] done synthesizing module 'axi_datamover_strb_gen2' (9#1) [/home/gabri-bot/Vivado_projects/.workspace/myproject_kernel/vivado_rtl_kernel/myproject_kernel_ex/myproject_kernel_ex.srcs/sources_1/bd/myproject_kernel_bd/ipshared/af86/hdl/axi_datamover_v5_1_vh_rfs.vhd:4342]
INFO: [Synth 8-638] synthesizing module 'axi_datamover_strb_gen2__parameterized0' [/home/gabri-bot/Vivado_projects/.workspace/myproject_kernel/vivado_rtl_kernel/myproject_kernel_ex/myproject_kernel_ex.srcs/sources_1/bd/myproject_kernel_bd/ipshared/af86/hdl/axi_datamover_v5_1_vh_rfs.vhd:4342]
	Parameter C_OP_MODE bound to: 1 - type: integer 
	Parameter C_STRB_WIDTH bound to: 4 - type: integer 
	Parameter C_OFFSET_WIDTH bound to: 2 - type: integer 
	Parameter C_NUM_BYTES_WIDTH bound to: 2 - type: integer 
INFO: [Synth 8-256] done synthesizing module 'axi_datamover_strb_gen2__parameterized0' (9#1) [/home/gabri-bot/Vivado_projects/.workspace/myproject_kernel/vivado_rtl_kernel/myproject_kernel_ex/myproject_kernel_ex.srcs/sources_1/bd/myproject_kernel_bd/ipshared/af86/hdl/axi_datamover_v5_1_vh_rfs.vhd:4342]
INFO: [Synth 8-226] default block is never used [/home/gabri-bot/Vivado_projects/.workspace/myproject_kernel/vivado_rtl_kernel/myproject_kernel_ex/myproject_kernel_ex.srcs/sources_1/bd/myproject_kernel_bd/ipshared/af86/hdl/axi_datamover_v5_1_vh_rfs.vhd:9490]
INFO: [Synth 8-256] done synthesizing module 'axi_datamover_pcc' (10#1) [/home/gabri-bot/Vivado_projects/.workspace/myproject_kernel/vivado_rtl_kernel/myproject_kernel_ex/myproject_kernel_ex.srcs/sources_1/bd/myproject_kernel_bd/ipshared/af86/hdl/axi_datamover_v5_1_vh_rfs.vhd:7416]
INFO: [Synth 8-638] synthesizing module 'axi_datamover_addr_cntl' [/home/gabri-bot/Vivado_projects/.workspace/myproject_kernel/vivado_rtl_kernel/myproject_kernel_ex/myproject_kernel_ex.srcs/sources_1/bd/myproject_kernel_bd/ipshared/af86/hdl/axi_datamover_v5_1_vh_rfs.vhd:10000]
	Parameter C_ADDR_FIFO_DEPTH bound to: 3 - type: integer 
	Parameter C_ADDR_WIDTH bound to: 64 - type: integer 
	Parameter C_ADDR_ID bound to: 0 - type: integer 
	Parameter C_ADDR_ID_WIDTH bound to: 1 - type: integer 
	Parameter C_TAG_WIDTH bound to: 4 - type: integer 
	Parameter C_FAMILY bound to: virtexuplusHBM - type: string 
INFO: [Synth 8-638] synthesizing module 'axi_datamover_fifo__parameterized1' [/home/gabri-bot/Vivado_projects/.workspace/myproject_kernel/vivado_rtl_kernel/myproject_kernel_ex/myproject_kernel_ex.srcs/sources_1/bd/myproject_kernel_bd/ipshared/af86/hdl/axi_datamover_v5_1_vh_rfs.vhd:1886]
	Parameter C_DWIDTH bound to: 91 - type: integer 
	Parameter C_DEPTH bound to: 3 - type: integer 
	Parameter C_IS_ASYNC bound to: 0 - type: integer 
	Parameter C_PRIM_TYPE bound to: 2 - type: integer 
	Parameter C_FAMILY bound to: virtexuplusHBM - type: string 
INFO: [Synth 8-638] synthesizing module 'srl_fifo_f__parameterized1' [/home/gabri-bot/Vivado_projects/.workspace/myproject_kernel/vivado_rtl_kernel/myproject_kernel_ex/myproject_kernel_ex.srcs/sources_1/bd/myproject_kernel_bd/ipshared/51ce/hdl/lib_srl_fifo_v1_0_rfs.vhd:1000]
	Parameter C_DWIDTH bound to: 91 - type: integer 
	Parameter C_DEPTH bound to: 3 - type: integer 
	Parameter C_FAMILY bound to: virtexuplusHBM - type: string 
INFO: [Synth 8-638] synthesizing module 'srl_fifo_rbu_f__parameterized1' [/home/gabri-bot/Vivado_projects/.workspace/myproject_kernel/vivado_rtl_kernel/myproject_kernel_ex/myproject_kernel_ex.srcs/sources_1/bd/myproject_kernel_bd/ipshared/51ce/hdl/lib_srl_fifo_v1_0_rfs.vhd:697]
	Parameter C_DWIDTH bound to: 91 - type: integer 
	Parameter C_DEPTH bound to: 3 - type: integer 
	Parameter C_FAMILY bound to: virtexuplusHBM - type: string 
INFO: [Synth 8-638] synthesizing module 'dynshreg_f__parameterized1' [/home/gabri-bot/Vivado_projects/.workspace/myproject_kernel/vivado_rtl_kernel/myproject_kernel_ex/myproject_kernel_ex.srcs/sources_1/bd/myproject_kernel_bd/ipshared/51ce/hdl/lib_srl_fifo_v1_0_rfs.vhd:397]
	Parameter C_DEPTH bound to: 3 - type: integer 
	Parameter C_DWIDTH bound to: 91 - type: integer 
	Parameter C_FAMILY bound to: virtexuplusHBM - type: string 
INFO: [Synth 8-256] done synthesizing module 'dynshreg_f__parameterized1' (10#1) [/home/gabri-bot/Vivado_projects/.workspace/myproject_kernel/vivado_rtl_kernel/myproject_kernel_ex/myproject_kernel_ex.srcs/sources_1/bd/myproject_kernel_bd/ipshared/51ce/hdl/lib_srl_fifo_v1_0_rfs.vhd:397]
INFO: [Synth 8-256] done synthesizing module 'srl_fifo_rbu_f__parameterized1' (10#1) [/home/gabri-bot/Vivado_projects/.workspace/myproject_kernel/vivado_rtl_kernel/myproject_kernel_ex/myproject_kernel_ex.srcs/sources_1/bd/myproject_kernel_bd/ipshared/51ce/hdl/lib_srl_fifo_v1_0_rfs.vhd:697]
INFO: [Synth 8-256] done synthesizing module 'srl_fifo_f__parameterized1' (10#1) [/home/gabri-bot/Vivado_projects/.workspace/myproject_kernel/vivado_rtl_kernel/myproject_kernel_ex/myproject_kernel_ex.srcs/sources_1/bd/myproject_kernel_bd/ipshared/51ce/hdl/lib_srl_fifo_v1_0_rfs.vhd:1000]
INFO: [Synth 8-256] done synthesizing module 'axi_datamover_fifo__parameterized1' (10#1) [/home/gabri-bot/Vivado_projects/.workspace/myproject_kernel/vivado_rtl_kernel/myproject_kernel_ex/myproject_kernel_ex.srcs/sources_1/bd/myproject_kernel_bd/ipshared/af86/hdl/axi_datamover_v5_1_vh_rfs.vhd:1886]
INFO: [Synth 8-256] done synthesizing module 'axi_datamover_addr_cntl' (11#1) [/home/gabri-bot/Vivado_projects/.workspace/myproject_kernel/vivado_rtl_kernel/myproject_kernel_ex/myproject_kernel_ex.srcs/sources_1/bd/myproject_kernel_bd/ipshared/af86/hdl/axi_datamover_v5_1_vh_rfs.vhd:10000]
INFO: [Synth 8-638] synthesizing module 'axi_datamover_rddata_cntl' [/home/gabri-bot/Vivado_projects/.workspace/myproject_kernel/vivado_rtl_kernel/myproject_kernel_ex/myproject_kernel_ex.srcs/sources_1/bd/myproject_kernel_bd/ipshared/af86/hdl/axi_datamover_v5_1_vh_rfs.vhd:12185]
	Parameter C_INCLUDE_DRE bound to: 0 - type: integer 
	Parameter C_ALIGN_WIDTH bound to: 1 - type: integer 
	Parameter C_SEL_ADDR_WIDTH bound to: 2 - type: integer 
	Parameter C_DATA_CNTL_FIFO_DEPTH bound to: 3 - type: integer 
	Parameter C_MMAP_DWIDTH bound to: 32 - type: integer 
	Parameter C_STREAM_DWIDTH bound to: 32 - type: integer 
	Parameter C_TAG_WIDTH bound to: 4 - type: integer 
	Parameter C_ENABLE_MM2S_TKEEP bound to: 1 - type: integer 
	Parameter C_FAMILY bound to: virtexuplusHBM - type: string 
INFO: [Synth 8-638] synthesizing module 'axi_datamover_rdmux' [/home/gabri-bot/Vivado_projects/.workspace/myproject_kernel/vivado_rtl_kernel/myproject_kernel_ex/myproject_kernel_ex.srcs/sources_1/bd/myproject_kernel_bd/ipshared/af86/hdl/axi_datamover_v5_1_vh_rfs.vhd:10681]
	Parameter C_SEL_ADDR_WIDTH bound to: 2 - type: integer 
	Parameter C_MMAP_DWIDTH bound to: 32 - type: integer 
	Parameter C_STREAM_DWIDTH bound to: 32 - type: integer 
INFO: [Synth 8-256] done synthesizing module 'axi_datamover_rdmux' (12#1) [/home/gabri-bot/Vivado_projects/.workspace/myproject_kernel/vivado_rtl_kernel/myproject_kernel_ex/myproject_kernel_ex.srcs/sources_1/bd/myproject_kernel_bd/ipshared/af86/hdl/axi_datamover_v5_1_vh_rfs.vhd:10681]
INFO: [Synth 8-638] synthesizing module 'axi_datamover_fifo__parameterized2' [/home/gabri-bot/Vivado_projects/.workspace/myproject_kernel/vivado_rtl_kernel/myproject_kernel_ex/myproject_kernel_ex.srcs/sources_1/bd/myproject_kernel_bd/ipshared/af86/hdl/axi_datamover_v5_1_vh_rfs.vhd:1886]
	Parameter C_DWIDTH bound to: 29 - type: integer 
	Parameter C_DEPTH bound to: 3 - type: integer 
	Parameter C_IS_ASYNC bound to: 0 - type: integer 
	Parameter C_PRIM_TYPE bound to: 2 - type: integer 
	Parameter C_FAMILY bound to: virtexuplusHBM - type: string 
INFO: [Synth 8-638] synthesizing module 'srl_fifo_f__parameterized2' [/home/gabri-bot/Vivado_projects/.workspace/myproject_kernel/vivado_rtl_kernel/myproject_kernel_ex/myproject_kernel_ex.srcs/sources_1/bd/myproject_kernel_bd/ipshared/51ce/hdl/lib_srl_fifo_v1_0_rfs.vhd:1000]
	Parameter C_DWIDTH bound to: 29 - type: integer 
	Parameter C_DEPTH bound to: 3 - type: integer 
	Parameter C_FAMILY bound to: virtexuplusHBM - type: string 
INFO: [Synth 8-638] synthesizing module 'srl_fifo_rbu_f__parameterized2' [/home/gabri-bot/Vivado_projects/.workspace/myproject_kernel/vivado_rtl_kernel/myproject_kernel_ex/myproject_kernel_ex.srcs/sources_1/bd/myproject_kernel_bd/ipshared/51ce/hdl/lib_srl_fifo_v1_0_rfs.vhd:697]
	Parameter C_DWIDTH bound to: 29 - type: integer 
	Parameter C_DEPTH bound to: 3 - type: integer 
	Parameter C_FAMILY bound to: virtexuplusHBM - type: string 
INFO: [Synth 8-638] synthesizing module 'dynshreg_f__parameterized2' [/home/gabri-bot/Vivado_projects/.workspace/myproject_kernel/vivado_rtl_kernel/myproject_kernel_ex/myproject_kernel_ex.srcs/sources_1/bd/myproject_kernel_bd/ipshared/51ce/hdl/lib_srl_fifo_v1_0_rfs.vhd:397]
	Parameter C_DEPTH bound to: 3 - type: integer 
	Parameter C_DWIDTH bound to: 29 - type: integer 
	Parameter C_FAMILY bound to: virtexuplusHBM - type: string 
INFO: [Synth 8-256] done synthesizing module 'dynshreg_f__parameterized2' (12#1) [/home/gabri-bot/Vivado_projects/.workspace/myproject_kernel/vivado_rtl_kernel/myproject_kernel_ex/myproject_kernel_ex.srcs/sources_1/bd/myproject_kernel_bd/ipshared/51ce/hdl/lib_srl_fifo_v1_0_rfs.vhd:397]
INFO: [Synth 8-256] done synthesizing module 'srl_fifo_rbu_f__parameterized2' (12#1) [/home/gabri-bot/Vivado_projects/.workspace/myproject_kernel/vivado_rtl_kernel/myproject_kernel_ex/myproject_kernel_ex.srcs/sources_1/bd/myproject_kernel_bd/ipshared/51ce/hdl/lib_srl_fifo_v1_0_rfs.vhd:697]
INFO: [Synth 8-256] done synthesizing module 'srl_fifo_f__parameterized2' (12#1) [/home/gabri-bot/Vivado_projects/.workspace/myproject_kernel/vivado_rtl_kernel/myproject_kernel_ex/myproject_kernel_ex.srcs/sources_1/bd/myproject_kernel_bd/ipshared/51ce/hdl/lib_srl_fifo_v1_0_rfs.vhd:1000]
INFO: [Synth 8-256] done synthesizing module 'axi_datamover_fifo__parameterized2' (12#1) [/home/gabri-bot/Vivado_projects/.workspace/myproject_kernel/vivado_rtl_kernel/myproject_kernel_ex/myproject_kernel_ex.srcs/sources_1/bd/myproject_kernel_bd/ipshared/af86/hdl/axi_datamover_v5_1_vh_rfs.vhd:1886]
INFO: [Synth 8-256] done synthesizing module 'axi_datamover_rddata_cntl' (13#1) [/home/gabri-bot/Vivado_projects/.workspace/myproject_kernel/vivado_rtl_kernel/myproject_kernel_ex/myproject_kernel_ex.srcs/sources_1/bd/myproject_kernel_bd/ipshared/af86/hdl/axi_datamover_v5_1_vh_rfs.vhd:12185]
INFO: [Synth 8-638] synthesizing module 'axi_datamover_skid_buf' [/home/gabri-bot/Vivado_projects/.workspace/myproject_kernel/vivado_rtl_kernel/myproject_kernel_ex/myproject_kernel_ex.srcs/sources_1/bd/myproject_kernel_bd/ipshared/af86/hdl/axi_datamover_v5_1_vh_rfs.vhd:19500]
	Parameter C_WDATA_WIDTH bound to: 32 - type: integer 
INFO: [Synth 8-256] done synthesizing module 'axi_datamover_skid_buf' (14#1) [/home/gabri-bot/Vivado_projects/.workspace/myproject_kernel/vivado_rtl_kernel/myproject_kernel_ex/myproject_kernel_ex.srcs/sources_1/bd/myproject_kernel_bd/ipshared/af86/hdl/axi_datamover_v5_1_vh_rfs.vhd:19500]
INFO: [Synth 8-256] done synthesizing module 'axi_datamover_mm2s_full_wrap' (15#1) [/home/gabri-bot/Vivado_projects/.workspace/myproject_kernel/vivado_rtl_kernel/myproject_kernel_ex/myproject_kernel_ex.srcs/sources_1/bd/myproject_kernel_bd/ipshared/af86/hdl/axi_datamover_v5_1_vh_rfs.vhd:53572]
INFO: [Synth 8-638] synthesizing module 'axi_datamover_s2mm_full_wrap' [/home/gabri-bot/Vivado_projects/.workspace/myproject_kernel/vivado_rtl_kernel/myproject_kernel_ex/myproject_kernel_ex.srcs/sources_1/bd/myproject_kernel_bd/ipshared/af86/hdl/axi_datamover_v5_1_vh_rfs.vhd:49997]
	Parameter C_INCLUDE_S2MM bound to: 1 - type: integer 
	Parameter C_S2MM_AWID bound to: 0 - type: integer 
	Parameter C_S2MM_ID_WIDTH bound to: 1 - type: integer 
	Parameter C_S2MM_ADDR_WIDTH bound to: 64 - type: integer 
	Parameter C_S2MM_MDATA_WIDTH bound to: 32 - type: integer 
	Parameter C_S2MM_SDATA_WIDTH bound to: 32 - type: integer 
	Parameter C_INCLUDE_S2MM_STSFIFO bound to: 1 - type: integer 
	Parameter C_S2MM_STSCMD_FIFO_DEPTH bound to: 4 - type: integer 
	Parameter C_S2MM_STSCMD_IS_ASYNC bound to: 0 - type: integer 
	Parameter C_INCLUDE_S2MM_DRE bound to: 0 - type: integer 
	Parameter C_S2MM_BURST_SIZE bound to: 256 - type: integer 
	Parameter C_S2MM_BTT_USED bound to: 23 - type: integer 
	Parameter C_S2MM_SUPPORT_INDET_BTT bound to: 0 - type: integer 
	Parameter C_S2MM_ADDR_PIPE_DEPTH bound to: 4 - type: integer 
	Parameter C_TAG_WIDTH bound to: 4 - type: integer 
	Parameter C_INCLUDE_S2MM_GP_SF bound to: 0 - type: integer 
	Parameter C_ENABLE_CACHE_USER bound to: 0 - type: integer 
	Parameter C_ENABLE_S2MM_TKEEP bound to: 1 - type: integer 
	Parameter C_ENABLE_SKID_BUF bound to: 11111 - type: string 
	Parameter C_FAMILY bound to: virtexuplusHBM - type: string 
	Parameter C_MCDMA bound to: 0 - type: integer 
INFO: [Synth 8-638] synthesizing module 'axi_datamover_wr_status_cntl' [/home/gabri-bot/Vivado_projects/.workspace/myproject_kernel/vivado_rtl_kernel/myproject_kernel_ex/myproject_kernel_ex.srcs/sources_1/bd/myproject_kernel_bd/ipshared/af86/hdl/axi_datamover_v5_1_vh_rfs.vhd:17704]
	Parameter C_ENABLE_INDET_BTT bound to: 0 - type: integer 
	Parameter C_SF_BYTES_RCVD_WIDTH bound to: 23 - type: integer 
	Parameter C_STS_FIFO_DEPTH bound to: 6 - type: integer 
	Parameter C_STS_WIDTH bound to: 8 - type: integer 
	Parameter C_TAG_WIDTH bound to: 4 - type: integer 
	Parameter C_MCDMA bound to: 0 - type: integer 
	Parameter C_FAMILY bound to: virtexuplusHBM - type: string 
INFO: [Synth 8-638] synthesizing module 'axi_datamover_fifo__parameterized3' [/home/gabri-bot/Vivado_projects/.workspace/myproject_kernel/vivado_rtl_kernel/myproject_kernel_ex/myproject_kernel_ex.srcs/sources_1/bd/myproject_kernel_bd/ipshared/af86/hdl/axi_datamover_v5_1_vh_rfs.vhd:1886]
	Parameter C_DWIDTH bound to: 2 - type: integer 
	Parameter C_DEPTH bound to: 6 - type: integer 
	Parameter C_IS_ASYNC bound to: 0 - type: integer 
	Parameter C_PRIM_TYPE bound to: 2 - type: integer 
	Parameter C_FAMILY bound to: virtexuplusHBM - type: string 
INFO: [Synth 8-638] synthesizing module 'srl_fifo_f__parameterized3' [/home/gabri-bot/Vivado_projects/.workspace/myproject_kernel/vivado_rtl_kernel/myproject_kernel_ex/myproject_kernel_ex.srcs/sources_1/bd/myproject_kernel_bd/ipshared/51ce/hdl/lib_srl_fifo_v1_0_rfs.vhd:1000]
	Parameter C_DWIDTH bound to: 2 - type: integer 
	Parameter C_DEPTH bound to: 6 - type: integer 
	Parameter C_FAMILY bound to: virtexuplusHBM - type: string 
INFO: [Synth 8-638] synthesizing module 'srl_fifo_rbu_f__parameterized3' [/home/gabri-bot/Vivado_projects/.workspace/myproject_kernel/vivado_rtl_kernel/myproject_kernel_ex/myproject_kernel_ex.srcs/sources_1/bd/myproject_kernel_bd/ipshared/51ce/hdl/lib_srl_fifo_v1_0_rfs.vhd:697]
	Parameter C_DWIDTH bound to: 2 - type: integer 
	Parameter C_DEPTH bound to: 6 - type: integer 
	Parameter C_FAMILY bound to: virtexuplusHBM - type: string 
INFO: [Synth 8-638] synthesizing module 'cntr_incr_decr_addn_f__parameterized0' [/home/gabri-bot/Vivado_projects/.workspace/myproject_kernel/vivado_rtl_kernel/myproject_kernel_ex/myproject_kernel_ex.srcs/sources_1/bd/myproject_kernel_bd/ipshared/51ce/hdl/lib_srl_fifo_v1_0_rfs.vhd:143]
	Parameter C_SIZE bound to: 4 - type: integer 
	Parameter C_FAMILY bound to: virtexuplusHBM - type: string 
INFO: [Synth 8-256] done synthesizing module 'cntr_incr_decr_addn_f__parameterized0' (15#1) [/home/gabri-bot/Vivado_projects/.workspace/myproject_kernel/vivado_rtl_kernel/myproject_kernel_ex/myproject_kernel_ex.srcs/sources_1/bd/myproject_kernel_bd/ipshared/51ce/hdl/lib_srl_fifo_v1_0_rfs.vhd:143]
INFO: [Synth 8-638] synthesizing module 'dynshreg_f__parameterized3' [/home/gabri-bot/Vivado_projects/.workspace/myproject_kernel/vivado_rtl_kernel/myproject_kernel_ex/myproject_kernel_ex.srcs/sources_1/bd/myproject_kernel_bd/ipshared/51ce/hdl/lib_srl_fifo_v1_0_rfs.vhd:397]
	Parameter C_DEPTH bound to: 6 - type: integer 
	Parameter C_DWIDTH bound to: 2 - type: integer 
	Parameter C_FAMILY bound to: virtexuplusHBM - type: string 
INFO: [Synth 8-256] done synthesizing module 'dynshreg_f__parameterized3' (15#1) [/home/gabri-bot/Vivado_projects/.workspace/myproject_kernel/vivado_rtl_kernel/myproject_kernel_ex/myproject_kernel_ex.srcs/sources_1/bd/myproject_kernel_bd/ipshared/51ce/hdl/lib_srl_fifo_v1_0_rfs.vhd:397]
INFO: [Synth 8-256] done synthesizing module 'srl_fifo_rbu_f__parameterized3' (15#1) [/home/gabri-bot/Vivado_projects/.workspace/myproject_kernel/vivado_rtl_kernel/myproject_kernel_ex/myproject_kernel_ex.srcs/sources_1/bd/myproject_kernel_bd/ipshared/51ce/hdl/lib_srl_fifo_v1_0_rfs.vhd:697]
INFO: [Synth 8-256] done synthesizing module 'srl_fifo_f__parameterized3' (15#1) [/home/gabri-bot/Vivado_projects/.workspace/myproject_kernel/vivado_rtl_kernel/myproject_kernel_ex/myproject_kernel_ex.srcs/sources_1/bd/myproject_kernel_bd/ipshared/51ce/hdl/lib_srl_fifo_v1_0_rfs.vhd:1000]
INFO: [Synth 8-256] done synthesizing module 'axi_datamover_fifo__parameterized3' (15#1) [/home/gabri-bot/Vivado_projects/.workspace/myproject_kernel/vivado_rtl_kernel/myproject_kernel_ex/myproject_kernel_ex.srcs/sources_1/bd/myproject_kernel_bd/ipshared/af86/hdl/axi_datamover_v5_1_vh_rfs.vhd:1886]
INFO: [Synth 8-638] synthesizing module 'axi_datamover_fifo__parameterized4' [/home/gabri-bot/Vivado_projects/.workspace/myproject_kernel/vivado_rtl_kernel/myproject_kernel_ex/myproject_kernel_ex.srcs/sources_1/bd/myproject_kernel_bd/ipshared/af86/hdl/axi_datamover_v5_1_vh_rfs.vhd:1886]
	Parameter C_DWIDTH bound to: 7 - type: integer 
	Parameter C_DEPTH bound to: 6 - type: integer 
	Parameter C_IS_ASYNC bound to: 0 - type: integer 
	Parameter C_PRIM_TYPE bound to: 2 - type: integer 
	Parameter C_FAMILY bound to: virtexuplusHBM - type: string 
INFO: [Synth 8-638] synthesizing module 'srl_fifo_f__parameterized4' [/home/gabri-bot/Vivado_projects/.workspace/myproject_kernel/vivado_rtl_kernel/myproject_kernel_ex/myproject_kernel_ex.srcs/sources_1/bd/myproject_kernel_bd/ipshared/51ce/hdl/lib_srl_fifo_v1_0_rfs.vhd:1000]
	Parameter C_DWIDTH bound to: 7 - type: integer 
	Parameter C_DEPTH bound to: 6 - type: integer 
	Parameter C_FAMILY bound to: virtexuplusHBM - type: string 
INFO: [Synth 8-638] synthesizing module 'srl_fifo_rbu_f__parameterized4' [/home/gabri-bot/Vivado_projects/.workspace/myproject_kernel/vivado_rtl_kernel/myproject_kernel_ex/myproject_kernel_ex.srcs/sources_1/bd/myproject_kernel_bd/ipshared/51ce/hdl/lib_srl_fifo_v1_0_rfs.vhd:697]
	Parameter C_DWIDTH bound to: 7 - type: integer 
	Parameter C_DEPTH bound to: 6 - type: integer 
	Parameter C_FAMILY bound to: virtexuplusHBM - type: string 
INFO: [Synth 8-638] synthesizing module 'dynshreg_f__parameterized4' [/home/gabri-bot/Vivado_projects/.workspace/myproject_kernel/vivado_rtl_kernel/myproject_kernel_ex/myproject_kernel_ex.srcs/sources_1/bd/myproject_kernel_bd/ipshared/51ce/hdl/lib_srl_fifo_v1_0_rfs.vhd:397]
	Parameter C_DEPTH bound to: 6 - type: integer 
	Parameter C_DWIDTH bound to: 7 - type: integer 
	Parameter C_FAMILY bound to: virtexuplusHBM - type: string 
INFO: [Synth 8-256] done synthesizing module 'dynshreg_f__parameterized4' (15#1) [/home/gabri-bot/Vivado_projects/.workspace/myproject_kernel/vivado_rtl_kernel/myproject_kernel_ex/myproject_kernel_ex.srcs/sources_1/bd/myproject_kernel_bd/ipshared/51ce/hdl/lib_srl_fifo_v1_0_rfs.vhd:397]
INFO: [Synth 8-256] done synthesizing module 'srl_fifo_rbu_f__parameterized4' (15#1) [/home/gabri-bot/Vivado_projects/.workspace/myproject_kernel/vivado_rtl_kernel/myproject_kernel_ex/myproject_kernel_ex.srcs/sources_1/bd/myproject_kernel_bd/ipshared/51ce/hdl/lib_srl_fifo_v1_0_rfs.vhd:697]
INFO: [Synth 8-256] done synthesizing module 'srl_fifo_f__parameterized4' (15#1) [/home/gabri-bot/Vivado_projects/.workspace/myproject_kernel/vivado_rtl_kernel/myproject_kernel_ex/myproject_kernel_ex.srcs/sources_1/bd/myproject_kernel_bd/ipshared/51ce/hdl/lib_srl_fifo_v1_0_rfs.vhd:1000]
INFO: [Synth 8-256] done synthesizing module 'axi_datamover_fifo__parameterized4' (15#1) [/home/gabri-bot/Vivado_projects/.workspace/myproject_kernel/vivado_rtl_kernel/myproject_kernel_ex/myproject_kernel_ex.srcs/sources_1/bd/myproject_kernel_bd/ipshared/af86/hdl/axi_datamover_v5_1_vh_rfs.vhd:1886]
INFO: [Synth 8-256] done synthesizing module 'axi_datamover_wr_status_cntl' (16#1) [/home/gabri-bot/Vivado_projects/.workspace/myproject_kernel/vivado_rtl_kernel/myproject_kernel_ex/myproject_kernel_ex.srcs/sources_1/bd/myproject_kernel_bd/ipshared/af86/hdl/axi_datamover_v5_1_vh_rfs.vhd:17704]
INFO: [Synth 8-638] synthesizing module 'axi_datamover_pcc__parameterized0' [/home/gabri-bot/Vivado_projects/.workspace/myproject_kernel/vivado_rtl_kernel/myproject_kernel_ex/myproject_kernel_ex.srcs/sources_1/bd/myproject_kernel_bd/ipshared/af86/hdl/axi_datamover_v5_1_vh_rfs.vhd:7416]
	Parameter C_IS_MM2S bound to: 0 - type: integer 
	Parameter C_DRE_ALIGN_WIDTH bound to: 1 - type: integer 
	Parameter C_SEL_ADDR_WIDTH bound to: 2 - type: integer 
	Parameter C_ADDR_WIDTH bound to: 64 - type: integer 
	Parameter C_STREAM_DWIDTH bound to: 32 - type: integer 
	Parameter C_MAX_BURST_LEN bound to: 256 - type: integer 
	Parameter C_CMD_WIDTH bound to: 100 - type: integer 
	Parameter C_TAG_WIDTH bound to: 4 - type: integer 
	Parameter C_BTT_USED bound to: 23 - type: integer 
	Parameter C_SUPPORT_INDET_BTT bound to: 0 - type: integer 
	Parameter C_NATIVE_XFER_WIDTH bound to: 32 - type: integer 
	Parameter C_STRT_SF_OFFSET_WIDTH bound to: 1 - type: integer 
	Parameter C_MCDMA bound to: 0 - type: integer 
INFO: [Synth 8-226] default block is never used [/home/gabri-bot/Vivado_projects/.workspace/myproject_kernel/vivado_rtl_kernel/myproject_kernel_ex/myproject_kernel_ex.srcs/sources_1/bd/myproject_kernel_bd/ipshared/af86/hdl/axi_datamover_v5_1_vh_rfs.vhd:9490]
INFO: [Synth 8-256] done synthesizing module 'axi_datamover_pcc__parameterized0' (16#1) [/home/gabri-bot/Vivado_projects/.workspace/myproject_kernel/vivado_rtl_kernel/myproject_kernel_ex/myproject_kernel_ex.srcs/sources_1/bd/myproject_kernel_bd/ipshared/af86/hdl/axi_datamover_v5_1_vh_rfs.vhd:7416]
INFO: [Synth 8-638] synthesizing module 'axi_datamover_addr_cntl__parameterized0' [/home/gabri-bot/Vivado_projects/.workspace/myproject_kernel/vivado_rtl_kernel/myproject_kernel_ex/myproject_kernel_ex.srcs/sources_1/bd/myproject_kernel_bd/ipshared/af86/hdl/axi_datamover_v5_1_vh_rfs.vhd:10000]
	Parameter C_ADDR_FIFO_DEPTH bound to: 4 - type: integer 
	Parameter C_ADDR_WIDTH bound to: 64 - type: integer 
	Parameter C_ADDR_ID bound to: 0 - type: integer 
	Parameter C_ADDR_ID_WIDTH bound to: 1 - type: integer 
	Parameter C_TAG_WIDTH bound to: 4 - type: integer 
	Parameter C_FAMILY bound to: virtexuplusHBM - type: string 
INFO: [Synth 8-638] synthesizing module 'axi_datamover_fifo__parameterized5' [/home/gabri-bot/Vivado_projects/.workspace/myproject_kernel/vivado_rtl_kernel/myproject_kernel_ex/myproject_kernel_ex.srcs/sources_1/bd/myproject_kernel_bd/ipshared/af86/hdl/axi_datamover_v5_1_vh_rfs.vhd:1886]
	Parameter C_DWIDTH bound to: 91 - type: integer 
	Parameter C_DEPTH bound to: 4 - type: integer 
	Parameter C_IS_ASYNC bound to: 0 - type: integer 
	Parameter C_PRIM_TYPE bound to: 2 - type: integer 
	Parameter C_FAMILY bound to: virtexuplusHBM - type: string 
INFO: [Synth 8-638] synthesizing module 'srl_fifo_f__parameterized5' [/home/gabri-bot/Vivado_projects/.workspace/myproject_kernel/vivado_rtl_kernel/myproject_kernel_ex/myproject_kernel_ex.srcs/sources_1/bd/myproject_kernel_bd/ipshared/51ce/hdl/lib_srl_fifo_v1_0_rfs.vhd:1000]
	Parameter C_DWIDTH bound to: 91 - type: integer 
	Parameter C_DEPTH bound to: 4 - type: integer 
	Parameter C_FAMILY bound to: virtexuplusHBM - type: string 
INFO: [Synth 8-638] synthesizing module 'srl_fifo_rbu_f__parameterized5' [/home/gabri-bot/Vivado_projects/.workspace/myproject_kernel/vivado_rtl_kernel/myproject_kernel_ex/myproject_kernel_ex.srcs/sources_1/bd/myproject_kernel_bd/ipshared/51ce/hdl/lib_srl_fifo_v1_0_rfs.vhd:697]
	Parameter C_DWIDTH bound to: 91 - type: integer 
	Parameter C_DEPTH bound to: 4 - type: integer 
	Parameter C_FAMILY bound to: virtexuplusHBM - type: string 
INFO: [Synth 8-638] synthesizing module 'dynshreg_f__parameterized5' [/home/gabri-bot/Vivado_projects/.workspace/myproject_kernel/vivado_rtl_kernel/myproject_kernel_ex/myproject_kernel_ex.srcs/sources_1/bd/myproject_kernel_bd/ipshared/51ce/hdl/lib_srl_fifo_v1_0_rfs.vhd:397]
	Parameter C_DEPTH bound to: 4 - type: integer 
	Parameter C_DWIDTH bound to: 91 - type: integer 
	Parameter C_FAMILY bound to: virtexuplusHBM - type: string 
INFO: [Synth 8-256] done synthesizing module 'dynshreg_f__parameterized5' (16#1) [/home/gabri-bot/Vivado_projects/.workspace/myproject_kernel/vivado_rtl_kernel/myproject_kernel_ex/myproject_kernel_ex.srcs/sources_1/bd/myproject_kernel_bd/ipshared/51ce/hdl/lib_srl_fifo_v1_0_rfs.vhd:397]
INFO: [Synth 8-256] done synthesizing module 'srl_fifo_rbu_f__parameterized5' (16#1) [/home/gabri-bot/Vivado_projects/.workspace/myproject_kernel/vivado_rtl_kernel/myproject_kernel_ex/myproject_kernel_ex.srcs/sources_1/bd/myproject_kernel_bd/ipshared/51ce/hdl/lib_srl_fifo_v1_0_rfs.vhd:697]
INFO: [Synth 8-256] done synthesizing module 'srl_fifo_f__parameterized5' (16#1) [/home/gabri-bot/Vivado_projects/.workspace/myproject_kernel/vivado_rtl_kernel/myproject_kernel_ex/myproject_kernel_ex.srcs/sources_1/bd/myproject_kernel_bd/ipshared/51ce/hdl/lib_srl_fifo_v1_0_rfs.vhd:1000]
INFO: [Synth 8-256] done synthesizing module 'axi_datamover_fifo__parameterized5' (16#1) [/home/gabri-bot/Vivado_projects/.workspace/myproject_kernel/vivado_rtl_kernel/myproject_kernel_ex/myproject_kernel_ex.srcs/sources_1/bd/myproject_kernel_bd/ipshared/af86/hdl/axi_datamover_v5_1_vh_rfs.vhd:1886]
INFO: [Synth 8-256] done synthesizing module 'axi_datamover_addr_cntl__parameterized0' (16#1) [/home/gabri-bot/Vivado_projects/.workspace/myproject_kernel/vivado_rtl_kernel/myproject_kernel_ex/myproject_kernel_ex.srcs/sources_1/bd/myproject_kernel_bd/ipshared/af86/hdl/axi_datamover_v5_1_vh_rfs.vhd:10000]
INFO: [Synth 8-638] synthesizing module 'axi_datamover_wrdata_cntl' [/home/gabri-bot/Vivado_projects/.workspace/myproject_kernel/vivado_rtl_kernel/myproject_kernel_ex/myproject_kernel_ex.srcs/sources_1/bd/myproject_kernel_bd/ipshared/af86/hdl/axi_datamover_v5_1_vh_rfs.vhd:15674]
	Parameter C_REALIGNER_INCLUDED bound to: 0 - type: integer 
	Parameter C_ENABLE_INDET_BTT bound to: 0 - type: integer 
	Parameter C_SF_BYTES_RCVD_WIDTH bound to: 23 - type: integer 
	Parameter C_SEL_ADDR_WIDTH bound to: 2 - type: integer 
	Parameter C_DATA_CNTL_FIFO_DEPTH bound to: 4 - type: integer 
	Parameter C_MMAP_DWIDTH bound to: 32 - type: integer 
	Parameter C_STREAM_DWIDTH bound to: 32 - type: integer 
	Parameter C_TAG_WIDTH bound to: 4 - type: integer 
	Parameter C_FAMILY bound to: virtexuplusHBM - type: string 
INFO: [Synth 8-638] synthesizing module 'axi_datamover_fifo__parameterized6' [/home/gabri-bot/Vivado_projects/.workspace/myproject_kernel/vivado_rtl_kernel/myproject_kernel_ex/myproject_kernel_ex.srcs/sources_1/bd/myproject_kernel_bd/ipshared/af86/hdl/axi_datamover_v5_1_vh_rfs.vhd:1886]
	Parameter C_DWIDTH bound to: 27 - type: integer 
	Parameter C_DEPTH bound to: 4 - type: integer 
	Parameter C_IS_ASYNC bound to: 0 - type: integer 
	Parameter C_PRIM_TYPE bound to: 2 - type: integer 
	Parameter C_FAMILY bound to: virtexuplusHBM - type: string 
INFO: [Synth 8-638] synthesizing module 'srl_fifo_f__parameterized6' [/home/gabri-bot/Vivado_projects/.workspace/myproject_kernel/vivado_rtl_kernel/myproject_kernel_ex/myproject_kernel_ex.srcs/sources_1/bd/myproject_kernel_bd/ipshared/51ce/hdl/lib_srl_fifo_v1_0_rfs.vhd:1000]
	Parameter C_DWIDTH bound to: 27 - type: integer 
	Parameter C_DEPTH bound to: 4 - type: integer 
	Parameter C_FAMILY bound to: virtexuplusHBM - type: string 
INFO: [Synth 8-638] synthesizing module 'srl_fifo_rbu_f__parameterized6' [/home/gabri-bot/Vivado_projects/.workspace/myproject_kernel/vivado_rtl_kernel/myproject_kernel_ex/myproject_kernel_ex.srcs/sources_1/bd/myproject_kernel_bd/ipshared/51ce/hdl/lib_srl_fifo_v1_0_rfs.vhd:697]
	Parameter C_DWIDTH bound to: 27 - type: integer 
	Parameter C_DEPTH bound to: 4 - type: integer 
	Parameter C_FAMILY bound to: virtexuplusHBM - type: string 
INFO: [Synth 8-638] synthesizing module 'dynshreg_f__parameterized6' [/home/gabri-bot/Vivado_projects/.workspace/myproject_kernel/vivado_rtl_kernel/myproject_kernel_ex/myproject_kernel_ex.srcs/sources_1/bd/myproject_kernel_bd/ipshared/51ce/hdl/lib_srl_fifo_v1_0_rfs.vhd:397]
	Parameter C_DEPTH bound to: 4 - type: integer 
	Parameter C_DWIDTH bound to: 27 - type: integer 
	Parameter C_FAMILY bound to: virtexuplusHBM - type: string 
INFO: [Synth 8-256] done synthesizing module 'dynshreg_f__parameterized6' (16#1) [/home/gabri-bot/Vivado_projects/.workspace/myproject_kernel/vivado_rtl_kernel/myproject_kernel_ex/myproject_kernel_ex.srcs/sources_1/bd/myproject_kernel_bd/ipshared/51ce/hdl/lib_srl_fifo_v1_0_rfs.vhd:397]
INFO: [Synth 8-256] done synthesizing module 'srl_fifo_rbu_f__parameterized6' (16#1) [/home/gabri-bot/Vivado_projects/.workspace/myproject_kernel/vivado_rtl_kernel/myproject_kernel_ex/myproject_kernel_ex.srcs/sources_1/bd/myproject_kernel_bd/ipshared/51ce/hdl/lib_srl_fifo_v1_0_rfs.vhd:697]
INFO: [Synth 8-256] done synthesizing module 'srl_fifo_f__parameterized6' (16#1) [/home/gabri-bot/Vivado_projects/.workspace/myproject_kernel/vivado_rtl_kernel/myproject_kernel_ex/myproject_kernel_ex.srcs/sources_1/bd/myproject_kernel_bd/ipshared/51ce/hdl/lib_srl_fifo_v1_0_rfs.vhd:1000]
INFO: [Synth 8-256] done synthesizing module 'axi_datamover_fifo__parameterized6' (16#1) [/home/gabri-bot/Vivado_projects/.workspace/myproject_kernel/vivado_rtl_kernel/myproject_kernel_ex/myproject_kernel_ex.srcs/sources_1/bd/myproject_kernel_bd/ipshared/af86/hdl/axi_datamover_v5_1_vh_rfs.vhd:1886]
INFO: [Synth 8-256] done synthesizing module 'axi_datamover_wrdata_cntl' (17#1) [/home/gabri-bot/Vivado_projects/.workspace/myproject_kernel/vivado_rtl_kernel/myproject_kernel_ex/myproject_kernel_ex.srcs/sources_1/bd/myproject_kernel_bd/ipshared/af86/hdl/axi_datamover_v5_1_vh_rfs.vhd:15674]
INFO: [Synth 8-638] synthesizing module 'axi_datamover_skid2mm_buf' [/home/gabri-bot/Vivado_projects/.workspace/myproject_kernel/vivado_rtl_kernel/myproject_kernel_ex/myproject_kernel_ex.srcs/sources_1/bd/myproject_kernel_bd/ipshared/af86/hdl/axi_datamover_v5_1_vh_rfs.vhd:18998]
	Parameter C_MDATA_WIDTH bound to: 32 - type: integer 
	Parameter C_SDATA_WIDTH bound to: 32 - type: integer 
	Parameter C_ADDR_LSB_WIDTH bound to: 2 - type: integer 
INFO: [Synth 8-638] synthesizing module 'axi_datamover_wr_demux' [/home/gabri-bot/Vivado_projects/.workspace/myproject_kernel/vivado_rtl_kernel/myproject_kernel_ex/myproject_kernel_ex.srcs/sources_1/bd/myproject_kernel_bd/ipshared/af86/hdl/axi_datamover_v5_1_vh_rfs.vhd:14117]
	Parameter C_SEL_ADDR_WIDTH bound to: 2 - type: integer 
	Parameter C_MMAP_DWIDTH bound to: 32 - type: integer 
	Parameter C_STREAM_DWIDTH bound to: 32 - type: integer 
INFO: [Synth 8-256] done synthesizing module 'axi_datamover_wr_demux' (18#1) [/home/gabri-bot/Vivado_projects/.workspace/myproject_kernel/vivado_rtl_kernel/myproject_kernel_ex/myproject_kernel_ex.srcs/sources_1/bd/myproject_kernel_bd/ipshared/af86/hdl/axi_datamover_v5_1_vh_rfs.vhd:14117]
INFO: [Synth 8-256] done synthesizing module 'axi_datamover_skid2mm_buf' (19#1) [/home/gabri-bot/Vivado_projects/.workspace/myproject_kernel/vivado_rtl_kernel/myproject_kernel_ex/myproject_kernel_ex.srcs/sources_1/bd/myproject_kernel_bd/ipshared/af86/hdl/axi_datamover_v5_1_vh_rfs.vhd:18998]
INFO: [Synth 8-256] done synthesizing module 'axi_datamover_s2mm_full_wrap' (20#1) [/home/gabri-bot/Vivado_projects/.workspace/myproject_kernel/vivado_rtl_kernel/myproject_kernel_ex/myproject_kernel_ex.srcs/sources_1/bd/myproject_kernel_bd/ipshared/af86/hdl/axi_datamover_v5_1_vh_rfs.vhd:49997]
INFO: [Synth 8-256] done synthesizing module 'axi_datamover' (21#1) [/home/gabri-bot/Vivado_projects/.workspace/myproject_kernel/vivado_rtl_kernel/myproject_kernel_ex/myproject_kernel_ex.srcs/sources_1/bd/myproject_kernel_bd/ipshared/af86/hdl/axi_datamover_v5_1_vh_rfs.vhd:55436]
INFO: [Synth 8-256] done synthesizing module 'myproject_kernel_bd_axi_datamover_0_1' (22#1) [/home/gabri-bot/Vivado_projects/.workspace/myproject_kernel/vivado_rtl_kernel/myproject_kernel_ex/myproject_kernel_ex.srcs/sources_1/bd/myproject_kernel_bd/ip/myproject_kernel_bd_axi_datamover_0_1/synth/myproject_kernel_bd_axi_datamover_0_1.vhd:131]
---------------------------------------------------------------------------------
Finished RTL Elaboration : Time (s): cpu = 00:00:09 ; elapsed = 00:00:18 . Memory (MB): peak = 3167.094 ; gain = 297.621 ; free physical = 8943 ; free virtual = 17961
---------------------------------------------------------------------------------
---------------------------------------------------------------------------------
Start Handling Custom Attributes
---------------------------------------------------------------------------------
---------------------------------------------------------------------------------
Finished Handling Custom Attributes : Time (s): cpu = 00:00:09 ; elapsed = 00:00:19 . Memory (MB): peak = 3184.906 ; gain = 315.434 ; free physical = 9002 ; free virtual = 18019
---------------------------------------------------------------------------------
---------------------------------------------------------------------------------
Finished RTL Optimization Phase 1 : Time (s): cpu = 00:00:09 ; elapsed = 00:00:19 . Memory (MB): peak = 3184.906 ; gain = 315.434 ; free physical = 9002 ; free virtual = 18019
---------------------------------------------------------------------------------
Netlist sorting complete. Time (s): cpu = 00:00:00.06 ; elapsed = 00:00:00.05 . Memory (MB): peak = 3184.906 ; gain = 0.000 ; free physical = 8981 ; free virtual = 17998
INFO: [Project 1-570] Preparing netlist for logic optimization

Processing XDC Constraints
Initializing timing engine
Parsing XDC File [/home/gabri-bot/Vivado_projects/.workspace/myproject_kernel/vivado_rtl_kernel/myproject_kernel_ex/myproject_kernel_ex.srcs/sources_1/bd/myproject_kernel_bd/ip/myproject_kernel_bd_axi_datamover_0_1/myproject_kernel_bd_axi_datamover_0_1_ooc.xdc] for cell 'U0'
Finished Parsing XDC File [/home/gabri-bot/Vivado_projects/.workspace/myproject_kernel/vivado_rtl_kernel/myproject_kernel_ex/myproject_kernel_ex.srcs/sources_1/bd/myproject_kernel_bd/ip/myproject_kernel_bd_axi_datamover_0_1/myproject_kernel_bd_axi_datamover_0_1_ooc.xdc] for cell 'U0'
Parsing XDC File [/home/gabri-bot/Vivado_projects/.workspace/myproject_kernel/vivado_rtl_kernel/myproject_kernel_ex/myproject_kernel_ex.srcs/sources_1/bd/myproject_kernel_bd/ip/myproject_kernel_bd_axi_datamover_0_1/myproject_kernel_bd_axi_datamover_0_1.xdc] for cell 'U0'
Finished Parsing XDC File [/home/gabri-bot/Vivado_projects/.workspace/myproject_kernel/vivado_rtl_kernel/myproject_kernel_ex/myproject_kernel_ex.srcs/sources_1/bd/myproject_kernel_bd/ip/myproject_kernel_bd_axi_datamover_0_1/myproject_kernel_bd_axi_datamover_0_1.xdc] for cell 'U0'
Parsing XDC File [/home/gabri-bot/Vivado_projects/.workspace/myproject_kernel/vivado_rtl_kernel/myproject_kernel_ex/myproject_kernel_ex.runs/myproject_kernel_bd_axi_datamover_0_1_synth_1/dont_touch.xdc]
Finished Parsing XDC File [/home/gabri-bot/Vivado_projects/.workspace/myproject_kernel/vivado_rtl_kernel/myproject_kernel_ex/myproject_kernel_ex.runs/myproject_kernel_bd_axi_datamover_0_1_synth_1/dont_touch.xdc]
Parsing XDC File [/home/gabri-bot/Vivado_projects/.workspace/myproject_kernel/vivado_rtl_kernel/myproject_kernel_ex/myproject_kernel_ex.srcs/sources_1/bd/myproject_kernel_bd/ip/myproject_kernel_bd_axi_datamover_0_1/myproject_kernel_bd_axi_datamover_0_1_clocks.xdc] for cell 'U0'
Finished Parsing XDC File [/home/gabri-bot/Vivado_projects/.workspace/myproject_kernel/vivado_rtl_kernel/myproject_kernel_ex/myproject_kernel_ex.srcs/sources_1/bd/myproject_kernel_bd/ip/myproject_kernel_bd_axi_datamover_0_1/myproject_kernel_bd_axi_datamover_0_1_clocks.xdc] for cell 'U0'
Completed Processing XDC Constraints

Netlist sorting complete. Time (s): cpu = 00:00:00 ; elapsed = 00:00:00 . Memory (MB): peak = 3340.656 ; gain = 0.000 ; free physical = 12903 ; free virtual = 21917
INFO: [Project 1-111] Unisim Transformation Summary:
No Unisim elements were transformed.

Constraint Validation Runtime : Time (s): cpu = 00:00:00.14 ; elapsed = 00:00:00.07 . Memory (MB): peak = 3340.656 ; gain = 0.000 ; free physical = 12860 ; free virtual = 21875
---------------------------------------------------------------------------------
Finished Constraint Validation : Time (s): cpu = 00:00:17 ; elapsed = 00:00:28 . Memory (MB): peak = 3340.656 ; gain = 471.184 ; free physical = 12264 ; free virtual = 21277
---------------------------------------------------------------------------------
---------------------------------------------------------------------------------
Start Loading Part and Timing Information
---------------------------------------------------------------------------------
Loading part: xcu50-fsvh2104-2-e
INFO: [Synth 8-6742] Reading net delay rules and data
---------------------------------------------------------------------------------
Finished Loading Part and Timing Information : Time (s): cpu = 00:00:17 ; elapsed = 00:00:28 . Memory (MB): peak = 3340.656 ; gain = 471.184 ; free physical = 12263 ; free virtual = 21276
---------------------------------------------------------------------------------
---------------------------------------------------------------------------------
Start Applying 'set_property' XDC Constraints
---------------------------------------------------------------------------------
Applied set_property DONT_TOUCH = true for U0. (constraint file  /home/gabri-bot/Vivado_projects/.workspace/myproject_kernel/vivado_rtl_kernel/myproject_kernel_ex/myproject_kernel_ex.runs/myproject_kernel_bd_axi_datamover_0_1_synth_1/dont_touch.xdc, line 9).
---------------------------------------------------------------------------------
Finished applying 'set_property' XDC Constraints : Time (s): cpu = 00:00:17 ; elapsed = 00:00:28 . Memory (MB): peak = 3340.656 ; gain = 471.184 ; free physical = 12261 ; free virtual = 21274
---------------------------------------------------------------------------------
INFO: [Synth 8-802] inferred FSM for state register 'sig_pcc_sm_state_reg' in module 'axi_datamover_pcc'
INFO: [Synth 8-802] inferred FSM for state register 'sig_pcc_sm_state_reg' in module 'axi_datamover_pcc__parameterized0'
---------------------------------------------------------------------------------------------------
                   State |                     New Encoding |                Previous Encoding 
---------------------------------------------------------------------------------------------------
                    init |                         00000001 |                              000
            wait_for_cmd |                         00000010 |                              001
                  calc_1 |                         00000100 |                              010
                  calc_2 |                         00001000 |                              011
                  calc_3 |                         00010000 |                              100
       wait_on_xfer_push |                         00100000 |                              101
             chk_if_done |                         01000000 |                              110
              error_trap |                         10000000 |                              111
---------------------------------------------------------------------------------------------------
INFO: [Synth 8-3354] encoded FSM with state register 'sig_pcc_sm_state_reg' using encoding 'one-hot' in module 'axi_datamover_pcc'
---------------------------------------------------------------------------------------------------
                   State |                     New Encoding |                Previous Encoding 
---------------------------------------------------------------------------------------------------
                    init |                         00000001 |                              000
            wait_for_cmd |                         00000010 |                              001
                  calc_1 |                         00000100 |                              010
                  calc_2 |                         00001000 |                              011
                  calc_3 |                         00010000 |                              100
       wait_on_xfer_push |                         00100000 |                              101
             chk_if_done |                         01000000 |                              110
              error_trap |                         10000000 |                              111
---------------------------------------------------------------------------------------------------
INFO: [Synth 8-3354] encoded FSM with state register 'sig_pcc_sm_state_reg' using encoding 'one-hot' in module 'axi_datamover_pcc__parameterized0'
---------------------------------------------------------------------------------
Finished RTL Optimization Phase 2 : Time (s): cpu = 00:00:17 ; elapsed = 00:00:29 . Memory (MB): peak = 3340.656 ; gain = 471.184 ; free physical = 11640 ; free virtual = 20655
---------------------------------------------------------------------------------
---------------------------------------------------------------------------------
Start RTL Component Statistics 
---------------------------------------------------------------------------------
Detailed RTL Component Info : 
+---Adders : 
	   2 Input   16 Bit       Adders := 10    
	   2 Input   11 Bit       Adders := 2     
	   2 Input   10 Bit       Adders := 2     
	   2 Input    8 Bit       Adders := 2     
	   3 Input    4 Bit       Adders := 2     
	   2 Input    4 Bit       Adders := 2     
	   3 Input    3 Bit       Adders := 10    
	   2 Input    3 Bit       Adders := 4     
	   2 Input    2 Bit       Adders := 4     
+---Registers : 
	               64 Bit    Registers := 4     
	               32 Bit    Registers := 8     
	               23 Bit    Registers := 2     
	               16 Bit    Registers := 16    
	                8 Bit    Registers := 5     
	                6 Bit    Registers := 2     
	                4 Bit    Registers := 39    
	                3 Bit    Registers := 14    
	                2 Bit    Registers := 8     
	                1 Bit    Registers := 243   
+---Muxes : 
	   2 Input   64 Bit        Muxes := 2     
	   2 Input   32 Bit        Muxes := 6     
	   2 Input   16 Bit        Muxes := 12    
	   8 Input    8 Bit        Muxes := 2     
	   2 Input    8 Bit        Muxes := 10    
	   2 Input    4 Bit        Muxes := 23    
	   4 Input    4 Bit        Muxes := 8     
	   2 Input    3 Bit        Muxes := 6     
	   3 Input    3 Bit        Muxes := 2     
	   2 Input    2 Bit        Muxes := 8     
	   2 Input    1 Bit        Muxes := 88    
	   8 Input    1 Bit        Muxes := 6     
---------------------------------------------------------------------------------
Finished RTL Component Statistics 
---------------------------------------------------------------------------------
---------------------------------------------------------------------------------
Start Part Resource Summary
---------------------------------------------------------------------------------
Part Resources:
DSPs: 5952 (col length:93)
BRAMs: 2688 (col length: RAMB18 192 RAMB36 96)
---------------------------------------------------------------------------------
Finished Part Resource Summary
---------------------------------------------------------------------------------
---------------------------------------------------------------------------------
Start Cross Boundary and Area Optimization
---------------------------------------------------------------------------------
---------------------------------------------------------------------------------
Finished Cross Boundary and Area Optimization : Time (s): cpu = 00:00:21 ; elapsed = 00:00:32 . Memory (MB): peak = 3340.656 ; gain = 471.184 ; free physical = 11216 ; free virtual = 20232
---------------------------------------------------------------------------------
---------------------------------------------------------------------------------
Start Applying XDC Timing Constraints
---------------------------------------------------------------------------------
---------------------------------------------------------------------------------
Finished Applying XDC Timing Constraints : Time (s): cpu = 00:00:36 ; elapsed = 00:01:03 . Memory (MB): peak = 3570.797 ; gain = 701.324 ; free physical = 7333 ; free virtual = 16312
---------------------------------------------------------------------------------
---------------------------------------------------------------------------------
Start Timing Optimization
---------------------------------------------------------------------------------
---------------------------------------------------------------------------------
Finished Timing Optimization : Time (s): cpu = 00:00:37 ; elapsed = 00:01:04 . Memory (MB): peak = 3603.828 ; gain = 734.355 ; free physical = 7234 ; free virtual = 16213
---------------------------------------------------------------------------------
---------------------------------------------------------------------------------
Start Technology Mapping
---------------------------------------------------------------------------------
---------------------------------------------------------------------------------
Finished Technology Mapping : Time (s): cpu = 00:00:38 ; elapsed = 00:01:05 . Memory (MB): peak = 3622.859 ; gain = 753.387 ; free physical = 7166 ; free virtual = 16149
---------------------------------------------------------------------------------
---------------------------------------------------------------------------------
Start IO Insertion
---------------------------------------------------------------------------------
---------------------------------------------------------------------------------
Start Flattening Before IO Insertion
---------------------------------------------------------------------------------
---------------------------------------------------------------------------------
Finished Flattening Before IO Insertion
---------------------------------------------------------------------------------
---------------------------------------------------------------------------------
Start Final Netlist Cleanup
---------------------------------------------------------------------------------
---------------------------------------------------------------------------------
Finished Final Netlist Cleanup
---------------------------------------------------------------------------------
---------------------------------------------------------------------------------
Finished IO Insertion : Time (s): cpu = 00:00:40 ; elapsed = 00:01:07 . Memory (MB): peak = 3622.859 ; gain = 753.387 ; free physical = 7062 ; free virtual = 16044
---------------------------------------------------------------------------------
---------------------------------------------------------------------------------
Start Renaming Generated Instances
---------------------------------------------------------------------------------
---------------------------------------------------------------------------------
Finished Renaming Generated Instances : Time (s): cpu = 00:00:40 ; elapsed = 00:01:07 . Memory (MB): peak = 3622.859 ; gain = 753.387 ; free physical = 7061 ; free virtual = 16043
---------------------------------------------------------------------------------
---------------------------------------------------------------------------------
Start Rebuilding User Hierarchy
---------------------------------------------------------------------------------
---------------------------------------------------------------------------------
Finished Rebuilding User Hierarchy : Time (s): cpu = 00:00:40 ; elapsed = 00:01:07 . Memory (MB): peak = 3622.859 ; gain = 753.387 ; free physical = 7054 ; free virtual = 16036
---------------------------------------------------------------------------------
---------------------------------------------------------------------------------
Start Renaming Generated Ports
---------------------------------------------------------------------------------
---------------------------------------------------------------------------------
Finished Renaming Generated Ports : Time (s): cpu = 00:00:40 ; elapsed = 00:01:07 . Memory (MB): peak = 3622.859 ; gain = 753.387 ; free physical = 7054 ; free virtual = 16036
---------------------------------------------------------------------------------
---------------------------------------------------------------------------------
Start Handling Custom Attributes
---------------------------------------------------------------------------------
---------------------------------------------------------------------------------
Finished Handling Custom Attributes : Time (s): cpu = 00:00:40 ; elapsed = 00:01:07 . Memory (MB): peak = 3622.859 ; gain = 753.387 ; free physical = 7051 ; free virtual = 16033
---------------------------------------------------------------------------------
---------------------------------------------------------------------------------
Start Renaming Generated Nets
---------------------------------------------------------------------------------
---------------------------------------------------------------------------------
Finished Renaming Generated Nets : Time (s): cpu = 00:00:40 ; elapsed = 00:01:07 . Memory (MB): peak = 3622.859 ; gain = 753.387 ; free physical = 7051 ; free virtual = 16032
---------------------------------------------------------------------------------
---------------------------------------------------------------------------------
Start ROM, RAM, DSP and Shift Register Reporting
---------------------------------------------------------------------------------

Dynamic Shift Register Report:
+------------+--------------------------+--------+------------+--------+---------+--------+--------+--------+
|Module Name | RTL Name                 | Length | Data Width | SRL16E | SRLC32E | Mux F7 | Mux F8 | Mux F9 | 
+------------+--------------------------+--------+------------+--------+---------+--------+--------+--------+
|dsrl        | INFERRED_GEN.data_reg[3] | 100    | 100        | 100    | 0       | 0      | 0      | 0      | 
|dsrl__1     | INFERRED_GEN.data_reg[3] | 8      | 8          | 8      | 0       | 0      | 0      | 0      | 
|dsrl__2     | INFERRED_GEN.data_reg[2] | 91     | 91         | 91     | 0       | 0      | 0      | 0      | 
|dsrl__3     | INFERRED_GEN.data_reg[2] | 29     | 29         | 29     | 0       | 0      | 0      | 0      | 
|dsrl__4     | INFERRED_GEN.data_reg[5] | 2      | 2          | 2      | 0       | 0      | 0      | 0      | 
|dsrl__5     | INFERRED_GEN.data_reg[5] | 7      | 7          | 7      | 0       | 0      | 0      | 0      | 
|dsrl__6     | INFERRED_GEN.data_reg[3] | 91     | 91         | 91     | 0       | 0      | 0      | 0      | 
|dsrl__7     | INFERRED_GEN.data_reg[3] | 27     | 27         | 27     | 0       | 0      | 0      | 0      | 
+------------+--------------------------+--------+------------+--------+---------+--------+--------+--------+

---------------------------------------------------------------------------------
Finished ROM, RAM, DSP and Shift Register Reporting
---------------------------------------------------------------------------------
---------------------------------------------------------------------------------
Start Writing Synthesis Report
---------------------------------------------------------------------------------

Report BlackBoxes: 
+-+--------------+----------+
| |BlackBox name |Instances |
+-+--------------+----------+
+-+--------------+----------+

Report Cell Usage: 
+------+-------+------+
|      |Cell   |Count |
+------+-------+------+
|1     |CARRY8 |    16|
|2     |LUT1   |    15|
|3     |LUT2   |   160|
|4     |LUT3   |   388|
|5     |LUT4   |   218|
|6     |LUT5   |   169|
|7     |LUT6   |   164|
|8     |SRL16E |   409|
|9     |FDRE   |  1130|
|10    |FDSE   |    49|
+------+-------+------+
---------------------------------------------------------------------------------
Finished Writing Synthesis Report : Time (s): cpu = 00:00:40 ; elapsed = 00:01:07 . Memory (MB): peak = 3622.859 ; gain = 753.387 ; free physical = 7051 ; free virtual = 16032
---------------------------------------------------------------------------------
Synthesis finished with 0 errors, 0 critical warnings and 0 warnings.
Synthesis Optimization Runtime : Time (s): cpu = 00:00:35 ; elapsed = 00:01:02 . Memory (MB): peak = 3622.859 ; gain = 597.637 ; free physical = 7089 ; free virtual = 16071
Synthesis Optimization Complete : Time (s): cpu = 00:00:40 ; elapsed = 00:01:07 . Memory (MB): peak = 3622.867 ; gain = 753.387 ; free physical = 7089 ; free virtual = 16071
INFO: [Project 1-571] Translating synthesized netlist
Netlist sorting complete. Time (s): cpu = 00:00:00.04 ; elapsed = 00:00:00.04 . Memory (MB): peak = 3633.828 ; gain = 0.000 ; free physical = 7131 ; free virtual = 16110
INFO: [Netlist 29-17] Analyzing 16 Unisim elements for replacement
INFO: [Netlist 29-28] Unisim Transformation completed in 0 CPU seconds
INFO: [Project 1-570] Preparing netlist for logic optimization
INFO: [Opt 31-138] Pushed 0 inverter(s) to 0 load pin(s).
Netlist sorting complete. Time (s): cpu = 00:00:00 ; elapsed = 00:00:00 . Memory (MB): peak = 3703.531 ; gain = 0.000 ; free physical = 7020 ; free virtual = 15999
INFO: [Project 1-111] Unisim Transformation Summary:
No Unisim elements were transformed.

INFO: [Common 17-83] Releasing license: Synthesis
133 Infos, 0 Warnings, 0 Critical Warnings and 0 Errors encountered.
synth_design completed successfully
synth_design: Time (s): cpu = 00:00:53 ; elapsed = 00:01:23 . Memory (MB): peak = 3703.531 ; gain = 1554.422 ; free physical = 7144 ; free virtual = 16123
INFO: [Common 17-1381] The checkpoint '/home/gabri-bot/Vivado_projects/.workspace/myproject_kernel/vivado_rtl_kernel/myproject_kernel_ex/myproject_kernel_ex.runs/myproject_kernel_bd_axi_datamover_0_1_synth_1/myproject_kernel_bd_axi_datamover_0_1.dcp' has been generated.
WARNING: [Common 17-576] 'use_project_ipc' is deprecated. This option is deprecated and no longer used.
INFO: [Coretcl 2-1648] Added synthesis output to IP cache for IP myproject_kernel_bd_axi_datamover_0_1, cache-ID = 8b84002bad2b8f14
INFO: [Coretcl 2-1174] Renamed 71 cell refs.
INFO: [Common 17-1381] The checkpoint '/home/gabri-bot/Vivado_projects/.workspace/myproject_kernel/vivado_rtl_kernel/myproject_kernel_ex/myproject_kernel_ex.runs/myproject_kernel_bd_axi_datamover_0_1_synth_1/myproject_kernel_bd_axi_datamover_0_1.dcp' has been generated.
INFO: [runtcl-4] Executing : report_utilization -file myproject_kernel_bd_axi_datamover_0_1_utilization_synth.rpt -pb myproject_kernel_bd_axi_datamover_0_1_utilization_synth.pb
INFO: [Common 17-206] Exiting Vivado at Mon Dec  6 17:12:41 2021...
