
*** Running vivado
    with args -log myproject_kernel_bd_axi_crossbar_0_0.vds -m64 -product Vivado -mode batch -messageDb vivado.pb -notrace -source myproject_kernel_bd_axi_crossbar_0_0.tcl


****** Vivado v2020.1 (64-bit)
  **** SW Build 2902540 on Wed May 27 19:54:35 MDT 2020
  **** IP Build 2902112 on Wed May 27 22:43:36 MDT 2020
    ** Copyright 1986-2020 Xilinx, Inc. All Rights Reserved.

source myproject_kernel_bd_axi_crossbar_0_0.tcl -notrace
INFO: [IP_Flow 19-234] Refreshing IP repositories
INFO: [IP_Flow 19-1700] Loaded user IP repository '/home/gabri-bot/University/Git_hub/ALVEO-PYNQ_ML/NN_train/MNIST_Test/HLS_projects/Qkeras_pruned_CNN/hls4ml_alveo_prj/myproject_prj'.
INFO: [IP_Flow 19-2313] Loaded Vivado IP repository '/tools/Xilinx/Vivado/2020.1/data/ip'.
Command: synth_design -top myproject_kernel_bd_axi_crossbar_0_0 -part xcu50-fsvh2104-2-e -mode out_of_context
Starting synth_design
Attempting to get a license for feature 'Synthesis' and/or device 'xcu50'
INFO: [Common 17-349] Got license for feature 'Synthesis' and/or device 'xcu50'
INFO: [Device 21-403] Loading part xcu50-fsvh2104-2-e
INFO: [Synth 8-7079] Multithreading enabled for synth_design using a maximum of 4 processes.
INFO: [Synth 8-7078] Launching helper process for spawning children vivado processes
INFO: [Synth 8-7075] Helper process launched with PID 3062
---------------------------------------------------------------------------------
Starting RTL Elaboration : Time (s): cpu = 00:00:05 ; elapsed = 00:00:10 . Memory (MB): peak = 3001.316 ; gain = 126.715 ; free physical = 8306 ; free virtual = 17147
---------------------------------------------------------------------------------
INFO: [Synth 8-6157] synthesizing module 'myproject_kernel_bd_axi_crossbar_0_0' [/home/gabri-bot/Vivado_projects/.workspace/myproject_kernel/vivado_rtl_kernel/myproject_kernel_ex/myproject_kernel_ex.srcs/sources_1/bd/myproject_kernel_bd/ip/myproject_kernel_bd_axi_crossbar_0_0/synth/myproject_kernel_bd_axi_crossbar_0_0.v:59]
INFO: [Synth 8-6157] synthesizing module 'axi_crossbar_v2_1_22_axi_crossbar' [/home/gabri-bot/Vivado_projects/.workspace/myproject_kernel/vivado_rtl_kernel/myproject_kernel_ex/myproject_kernel_ex.srcs/sources_1/bd/myproject_kernel_bd/ipshared/b68e/hdl/axi_crossbar_v2_1_vl_rfs.v:4884]
	Parameter C_FAMILY bound to: virtexuplusHBM - type: string 
	Parameter C_NUM_SLAVE_SLOTS bound to: 2 - type: integer 
	Parameter C_NUM_MASTER_SLOTS bound to: 1 - type: integer 
	Parameter C_AXI_ID_WIDTH bound to: 1 - type: integer 
	Parameter C_AXI_ADDR_WIDTH bound to: 32 - type: integer 
	Parameter C_AXI_DATA_WIDTH bound to: 32 - type: integer 
	Parameter C_AXI_PROTOCOL bound to: 2 - type: integer 
	Parameter C_NUM_ADDR_RANGES bound to: 1 - type: integer 
	Parameter C_M_AXI_BASE_ADDR bound to: 64'b0000000000000000000000000000000000000000000000000000000000000000 
	Parameter C_M_AXI_ADDR_WIDTH bound to: 12 - type: integer 
	Parameter C_S_AXI_BASE_ID bound to: 64'b0000000000000000000000000000000100000000000000000000000000000000 
	Parameter C_S_AXI_THREAD_ID_WIDTH bound to: 64'b0000000000000000000000000000000000000000000000000000000000000000 
	Parameter C_AXI_SUPPORTS_USER_SIGNALS bound to: 0 - type: integer 
	Parameter C_AXI_AWUSER_WIDTH bound to: 1 - type: integer 
	Parameter C_AXI_ARUSER_WIDTH bound to: 1 - type: integer 
	Parameter C_AXI_WUSER_WIDTH bound to: 1 - type: integer 
	Parameter C_AXI_RUSER_WIDTH bound to: 1 - type: integer 
	Parameter C_AXI_BUSER_WIDTH bound to: 1 - type: integer 
	Parameter C_M_AXI_WRITE_CONNECTIVITY bound to: 3 - type: integer 
	Parameter C_M_AXI_READ_CONNECTIVITY bound to: 3 - type: integer 
	Parameter C_R_REGISTER bound to: 1 - type: integer 
	Parameter C_S_AXI_SINGLE_THREAD bound to: 64'b0000000000000000000000000000000100000000000000000000000000000001 
	Parameter C_S_AXI_WRITE_ACCEPTANCE bound to: 64'b0000000000000000000000000000000100000000000000000000000000000001 
	Parameter C_S_AXI_READ_ACCEPTANCE bound to: 64'b0000000000000000000000000000000100000000000000000000000000000001 
	Parameter C_M_AXI_WRITE_ISSUING bound to: 1 - type: integer 
	Parameter C_M_AXI_READ_ISSUING bound to: 1 - type: integer 
	Parameter C_S_AXI_ARB_PRIORITY bound to: 64'b0000000000000000000000000000000000000000000000000000000000000000 
	Parameter C_M_AXI_SECURE bound to: 0 - type: integer 
	Parameter C_CONNECTIVITY_MODE bound to: 0 - type: integer 
	Parameter P_ONES bound to: 65'b11111111111111111111111111111111111111111111111111111111111111111 
	Parameter P_S_AXI_BASE_ID bound to: 128'b00000000000000000000000000000000000000000000000000000000000000010000000000000000000000000000000000000000000000000000000000000000 
	Parameter P_S_AXI_HIGH_ID bound to: 128'b00000000000000000000000000000000000000000000000000000000000000010000000000000000000000000000000000000000000000000000000000000000 
	Parameter P_AXI4 bound to: 0 - type: integer 
	Parameter P_AXI3 bound to: 1 - type: integer 
	Parameter P_AXILITE bound to: 2 - type: integer 
	Parameter P_AXILITE_SIZE bound to: 3'b010 
	Parameter P_INCR bound to: 2'b01 
	Parameter P_M_AXI_SUPPORTS_WRITE bound to: 1'b1 
	Parameter P_M_AXI_SUPPORTS_READ bound to: 1'b1 
	Parameter P_S_AXI_SUPPORTS_WRITE bound to: 2'b11 
	Parameter P_S_AXI_SUPPORTS_READ bound to: 2'b11 
	Parameter C_DEBUG bound to: 1 - type: integer 
	Parameter P_RANGE_CHECK bound to: 1 - type: integer 
	Parameter P_ADDR_DECODE bound to: 1 - type: integer 
	Parameter P_M_AXI_ERR_MODE bound to: 32'b00000000000000000000000000000000 
	Parameter P_LEN bound to: 8 - type: integer 
	Parameter P_LOCK bound to: 1 - type: integer 
	Parameter P_FAMILY bound to: rtl - type: string 
INFO: [Synth 8-6157] synthesizing module 'axi_crossbar_v2_1_22_crossbar_sasd' [/home/gabri-bot/Vivado_projects/.workspace/myproject_kernel/vivado_rtl_kernel/myproject_kernel_ex/myproject_kernel_ex.srcs/sources_1/bd/myproject_kernel_bd/ipshared/b68e/hdl/axi_crossbar_v2_1_vl_rfs.v:1240]
	Parameter C_FAMILY bound to: rtl - type: string 
	Parameter C_NUM_SLAVE_SLOTS bound to: 2 - type: integer 
	Parameter C_NUM_MASTER_SLOTS bound to: 1 - type: integer 
	Parameter C_NUM_ADDR_RANGES bound to: 1 - type: integer 
	Parameter C_AXI_ID_WIDTH bound to: 1 - type: integer 
	Parameter C_AXI_ADDR_WIDTH bound to: 32 - type: integer 
	Parameter C_AXI_DATA_WIDTH bound to: 32 - type: integer 
	Parameter C_AXI_PROTOCOL bound to: 2 - type: integer 
	Parameter C_M_AXI_BASE_ADDR bound to: 64'b0000000000000000000000000000000000000000000000000000000000000000 
	Parameter C_M_AXI_HIGH_ADDR bound to: 64'b0000000000000000000000000000000000000000000000000000111111111111 
	Parameter C_S_AXI_BASE_ID bound to: 128'b00000000000000000000000000000000000000000000000000000000000000010000000000000000000000000000000000000000000000000000000000000000 
	Parameter C_S_AXI_HIGH_ID bound to: 128'b00000000000000000000000000000000000000000000000000000000000000010000000000000000000000000000000000000000000000000000000000000000 
	Parameter C_AXI_SUPPORTS_USER_SIGNALS bound to: 0 - type: integer 
	Parameter C_AXI_AWUSER_WIDTH bound to: 1 - type: integer 
	Parameter C_AXI_ARUSER_WIDTH bound to: 1 - type: integer 
	Parameter C_AXI_WUSER_WIDTH bound to: 1 - type: integer 
	Parameter C_AXI_RUSER_WIDTH bound to: 1 - type: integer 
	Parameter C_AXI_BUSER_WIDTH bound to: 1 - type: integer 
	Parameter C_S_AXI_SUPPORTS_WRITE bound to: 2'b11 
	Parameter C_S_AXI_SUPPORTS_READ bound to: 2'b11 
	Parameter C_M_AXI_SUPPORTS_WRITE bound to: 1'b1 
	Parameter C_M_AXI_SUPPORTS_READ bound to: 1'b1 
	Parameter C_S_AXI_ARB_PRIORITY bound to: 64'b0000000000000000000000000000000000000000000000000000000000000000 
	Parameter C_M_AXI_SECURE bound to: 0 - type: integer 
	Parameter C_M_AXI_ERR_MODE bound to: 32'b00000000000000000000000000000000 
	Parameter C_R_REGISTER bound to: 1 - type: integer 
	Parameter C_RANGE_CHECK bound to: 1 - type: integer 
	Parameter C_ADDR_DECODE bound to: 1 - type: integer 
	Parameter C_DEBUG bound to: 1 - type: integer 
	Parameter P_AXI4 bound to: 0 - type: integer 
	Parameter P_AXI3 bound to: 1 - type: integer 
	Parameter P_AXILITE bound to: 2 - type: integer 
	Parameter P_NUM_MASTER_SLOTS_DE bound to: 2 - type: integer 
	Parameter P_NUM_MASTER_SLOTS_LOG bound to: 1 - type: integer 
	Parameter P_NUM_MASTER_SLOTS_DE_LOG bound to: 1 - type: integer 
	Parameter P_NUM_SLAVE_SLOTS_LOG bound to: 1 - type: integer 
	Parameter P_AXI_AUSER_WIDTH bound to: 1 - type: integer 
	Parameter P_AXI_WID_WIDTH bound to: 1 - type: integer 
	Parameter P_AMESG_WIDTH bound to: 64 - type: integer 
	Parameter P_BMESG_WIDTH bound to: 3 - type: integer 
	Parameter P_RMESG_WIDTH bound to: 36 - type: integer 
	Parameter P_WMESG_WIDTH bound to: 39 - type: integer 
	Parameter P_AXILITE_ERRMODE bound to: 1 - type: integer 
	Parameter P_NONSECURE_BIT bound to: 1 - type: integer 
	Parameter P_M_SECURE_MASK bound to: 1'b0 
	Parameter P_M_AXILITE_MASK bound to: 1'b0 
	Parameter P_FIXED bound to: 2'b00 
	Parameter P_BYPASS bound to: 0 - type: integer 
	Parameter P_LIGHTWT bound to: 7 - type: integer 
	Parameter P_FULLY_REG bound to: 1 - type: integer 
	Parameter P_R_REG_CONFIG bound to: 1 - type: integer 
	Parameter P_DECERR bound to: 2'b11 
INFO: [Synth 8-6157] synthesizing module 'axi_crossbar_v2_1_22_addr_decoder' [/home/gabri-bot/Vivado_projects/.workspace/myproject_kernel/vivado_rtl_kernel/myproject_kernel_ex/myproject_kernel_ex.srcs/sources_1/bd/myproject_kernel_bd/ipshared/b68e/hdl/axi_crossbar_v2_1_vl_rfs.v:794]
	Parameter C_FAMILY bound to: rtl - type: string 
	Parameter C_NUM_TARGETS bound to: 1 - type: integer 
	Parameter C_NUM_TARGETS_LOG bound to: 1 - type: integer 
	Parameter C_NUM_RANGES bound to: 1 - type: integer 
	Parameter C_ADDR_WIDTH bound to: 32 - type: integer 
	Parameter C_TARGET_ENC bound to: 1 - type: integer 
	Parameter C_TARGET_HOT bound to: 1 - type: integer 
	Parameter C_REGION_ENC bound to: 1 - type: integer 
	Parameter C_BASE_ADDR bound to: 64'b0000000000000000000000000000000000000000000000000000000000000000 
	Parameter C_HIGH_ADDR bound to: 64'b0000000000000000000000000000000000000000000000000000111111111111 
	Parameter C_TARGET_QUAL bound to: 2'b01 
	Parameter C_RESOLUTION bound to: 2 - type: integer 
	Parameter C_COMPARATOR_THRESHOLD bound to: 6 - type: integer 
INFO: [Synth 8-6157] synthesizing module 'generic_baseblocks_v2_1_0_comparator_static' [/home/gabri-bot/Vivado_projects/.workspace/myproject_kernel/vivado_rtl_kernel/myproject_kernel_ex/myproject_kernel_ex.srcs/sources_1/bd/myproject_kernel_bd/ipshared/b752/hdl/generic_baseblocks_v2_1_vl_rfs.v:2133]
	Parameter C_FAMILY bound to: rtl - type: string 
	Parameter C_VALUE bound to: 30'b000000000000000000000000000000 
	Parameter C_DATA_WIDTH bound to: 30 - type: integer 
	Parameter C_BITS_PER_LUT bound to: 6 - type: integer 
	Parameter C_NUM_LUT bound to: 5 - type: integer 
	Parameter C_FIX_DATA_WIDTH bound to: 30 - type: integer 
INFO: [Synth 8-6157] synthesizing module 'generic_baseblocks_v2_1_0_carry_and' [/home/gabri-bot/Vivado_projects/.workspace/myproject_kernel/vivado_rtl_kernel/myproject_kernel_ex/myproject_kernel_ex.srcs/sources_1/bd/myproject_kernel_bd/ipshared/b752/hdl/generic_baseblocks_v2_1_vl_rfs.v:62]
	Parameter C_FAMILY bound to: rtl - type: string 
INFO: [Synth 8-6155] done synthesizing module 'generic_baseblocks_v2_1_0_carry_and' (1#1) [/home/gabri-bot/Vivado_projects/.workspace/myproject_kernel/vivado_rtl_kernel/myproject_kernel_ex/myproject_kernel_ex.srcs/sources_1/bd/myproject_kernel_bd/ipshared/b752/hdl/generic_baseblocks_v2_1_vl_rfs.v:62]
INFO: [Synth 8-6155] done synthesizing module 'generic_baseblocks_v2_1_0_comparator_static' (2#1) [/home/gabri-bot/Vivado_projects/.workspace/myproject_kernel/vivado_rtl_kernel/myproject_kernel_ex/myproject_kernel_ex.srcs/sources_1/bd/myproject_kernel_bd/ipshared/b752/hdl/generic_baseblocks_v2_1_vl_rfs.v:2133]
INFO: [Synth 8-6155] done synthesizing module 'axi_crossbar_v2_1_22_addr_decoder' (3#1) [/home/gabri-bot/Vivado_projects/.workspace/myproject_kernel/vivado_rtl_kernel/myproject_kernel_ex/myproject_kernel_ex.srcs/sources_1/bd/myproject_kernel_bd/ipshared/b68e/hdl/axi_crossbar_v2_1_vl_rfs.v:794]
INFO: [Synth 8-6157] synthesizing module 'generic_baseblocks_v2_1_0_mux_enc' [/home/gabri-bot/Vivado_projects/.workspace/myproject_kernel/vivado_rtl_kernel/myproject_kernel_ex/myproject_kernel_ex.srcs/sources_1/bd/myproject_kernel_bd/ipshared/b752/hdl/generic_baseblocks_v2_1_vl_rfs.v:2452]
	Parameter C_FAMILY bound to: rtl - type: string 
	Parameter C_RATIO bound to: 2 - type: integer 
	Parameter C_SEL_WIDTH bound to: 1 - type: integer 
	Parameter C_DATA_WIDTH bound to: 1 - type: integer 
INFO: [Synth 8-6155] done synthesizing module 'generic_baseblocks_v2_1_0_mux_enc' (4#1) [/home/gabri-bot/Vivado_projects/.workspace/myproject_kernel/vivado_rtl_kernel/myproject_kernel_ex/myproject_kernel_ex.srcs/sources_1/bd/myproject_kernel_bd/ipshared/b752/hdl/generic_baseblocks_v2_1_vl_rfs.v:2452]
INFO: [Synth 8-6157] synthesizing module 'generic_baseblocks_v2_1_0_mux_enc__parameterized0' [/home/gabri-bot/Vivado_projects/.workspace/myproject_kernel/vivado_rtl_kernel/myproject_kernel_ex/myproject_kernel_ex.srcs/sources_1/bd/myproject_kernel_bd/ipshared/b752/hdl/generic_baseblocks_v2_1_vl_rfs.v:2452]
	Parameter C_FAMILY bound to: rtl - type: string 
	Parameter C_RATIO bound to: 2 - type: integer 
	Parameter C_SEL_WIDTH bound to: 1 - type: integer 
	Parameter C_DATA_WIDTH bound to: 39 - type: integer 
INFO: [Synth 8-6155] done synthesizing module 'generic_baseblocks_v2_1_0_mux_enc__parameterized0' (4#1) [/home/gabri-bot/Vivado_projects/.workspace/myproject_kernel/vivado_rtl_kernel/myproject_kernel_ex/myproject_kernel_ex.srcs/sources_1/bd/myproject_kernel_bd/ipshared/b752/hdl/generic_baseblocks_v2_1_vl_rfs.v:2452]
INFO: [Synth 8-6157] synthesizing module 'axi_crossbar_v2_1_22_decerr_slave' [/home/gabri-bot/Vivado_projects/.workspace/myproject_kernel/vivado_rtl_kernel/myproject_kernel_ex/myproject_kernel_ex.srcs/sources_1/bd/myproject_kernel_bd/ipshared/b68e/hdl/axi_crossbar_v2_1_vl_rfs.v:3501]
	Parameter C_AXI_ID_WIDTH bound to: 1 - type: integer 
	Parameter C_AXI_DATA_WIDTH bound to: 32 - type: integer 
	Parameter C_AXI_BUSER_WIDTH bound to: 1 - type: integer 
	Parameter C_AXI_RUSER_WIDTH bound to: 1 - type: integer 
	Parameter C_AXI_PROTOCOL bound to: 2 - type: integer 
	Parameter C_RESP bound to: 3 - type: integer 
	Parameter P_WRITE_IDLE bound to: 2'b00 
	Parameter P_WRITE_DATA bound to: 2'b01 
	Parameter P_WRITE_RESP bound to: 2'b10 
	Parameter P_READ_IDLE bound to: 1'b0 
	Parameter P_READ_DATA bound to: 1'b1 
	Parameter P_AXI4 bound to: 0 - type: integer 
	Parameter P_AXI3 bound to: 1 - type: integer 
	Parameter P_AXILITE bound to: 2 - type: integer 
INFO: [Synth 8-6155] done synthesizing module 'axi_crossbar_v2_1_22_decerr_slave' (5#1) [/home/gabri-bot/Vivado_projects/.workspace/myproject_kernel/vivado_rtl_kernel/myproject_kernel_ex/myproject_kernel_ex.srcs/sources_1/bd/myproject_kernel_bd/ipshared/b68e/hdl/axi_crossbar_v2_1_vl_rfs.v:3501]
INFO: [Synth 8-6157] synthesizing module 'axi_crossbar_v2_1_22_addr_arbiter_sasd' [/home/gabri-bot/Vivado_projects/.workspace/myproject_kernel/vivado_rtl_kernel/myproject_kernel_ex/myproject_kernel_ex.srcs/sources_1/bd/myproject_kernel_bd/ipshared/b68e/hdl/axi_crossbar_v2_1_vl_rfs.v:65]
	Parameter C_FAMILY bound to: rtl - type: string 
	Parameter C_NUM_S bound to: 2 - type: integer 
	Parameter C_NUM_S_LOG bound to: 1 - type: integer 
	Parameter C_AMESG_WIDTH bound to: 64 - type: integer 
	Parameter C_GRANT_ENC bound to: 1 - type: integer 
	Parameter C_ARB_PRIORITY bound to: 64'b0000000000000000000000000000000000000000000000000000000000000000 
	Parameter P_PRIO_MASK bound to: 2'b00 
INFO: [Synth 8-6157] synthesizing module 'generic_baseblocks_v2_1_0_mux_enc__parameterized1' [/home/gabri-bot/Vivado_projects/.workspace/myproject_kernel/vivado_rtl_kernel/myproject_kernel_ex/myproject_kernel_ex.srcs/sources_1/bd/myproject_kernel_bd/ipshared/b752/hdl/generic_baseblocks_v2_1_vl_rfs.v:2452]
	Parameter C_FAMILY bound to: rtl - type: string 
	Parameter C_RATIO bound to: 2 - type: integer 
	Parameter C_SEL_WIDTH bound to: 1 - type: integer 
	Parameter C_DATA_WIDTH bound to: 64 - type: integer 
INFO: [Synth 8-6155] done synthesizing module 'generic_baseblocks_v2_1_0_mux_enc__parameterized1' (5#1) [/home/gabri-bot/Vivado_projects/.workspace/myproject_kernel/vivado_rtl_kernel/myproject_kernel_ex/myproject_kernel_ex.srcs/sources_1/bd/myproject_kernel_bd/ipshared/b752/hdl/generic_baseblocks_v2_1_vl_rfs.v:2452]
INFO: [Synth 8-6155] done synthesizing module 'axi_crossbar_v2_1_22_addr_arbiter_sasd' (6#1) [/home/gabri-bot/Vivado_projects/.workspace/myproject_kernel/vivado_rtl_kernel/myproject_kernel_ex/myproject_kernel_ex.srcs/sources_1/bd/myproject_kernel_bd/ipshared/b68e/hdl/axi_crossbar_v2_1_vl_rfs.v:65]
INFO: [Synth 8-6157] synthesizing module 'axi_crossbar_v2_1_22_splitter' [/home/gabri-bot/Vivado_projects/.workspace/myproject_kernel/vivado_rtl_kernel/myproject_kernel_ex/myproject_kernel_ex.srcs/sources_1/bd/myproject_kernel_bd/ipshared/b68e/hdl/axi_crossbar_v2_1_vl_rfs.v:4461]
	Parameter C_NUM_M bound to: 3 - type: integer 
INFO: [Synth 8-6155] done synthesizing module 'axi_crossbar_v2_1_22_splitter' (7#1) [/home/gabri-bot/Vivado_projects/.workspace/myproject_kernel/vivado_rtl_kernel/myproject_kernel_ex/myproject_kernel_ex.srcs/sources_1/bd/myproject_kernel_bd/ipshared/b68e/hdl/axi_crossbar_v2_1_vl_rfs.v:4461]
INFO: [Synth 8-6157] synthesizing module 'axi_crossbar_v2_1_22_splitter__parameterized0' [/home/gabri-bot/Vivado_projects/.workspace/myproject_kernel/vivado_rtl_kernel/myproject_kernel_ex/myproject_kernel_ex.srcs/sources_1/bd/myproject_kernel_bd/ipshared/b68e/hdl/axi_crossbar_v2_1_vl_rfs.v:4461]
	Parameter C_NUM_M bound to: 2 - type: integer 
INFO: [Synth 8-6155] done synthesizing module 'axi_crossbar_v2_1_22_splitter__parameterized0' (7#1) [/home/gabri-bot/Vivado_projects/.workspace/myproject_kernel/vivado_rtl_kernel/myproject_kernel_ex/myproject_kernel_ex.srcs/sources_1/bd/myproject_kernel_bd/ipshared/b68e/hdl/axi_crossbar_v2_1_vl_rfs.v:4461]
INFO: [Synth 8-6157] synthesizing module 'generic_baseblocks_v2_1_0_mux_enc__parameterized2' [/home/gabri-bot/Vivado_projects/.workspace/myproject_kernel/vivado_rtl_kernel/myproject_kernel_ex/myproject_kernel_ex.srcs/sources_1/bd/myproject_kernel_bd/ipshared/b752/hdl/generic_baseblocks_v2_1_vl_rfs.v:2452]
	Parameter C_FAMILY bound to: rtl - type: string 
	Parameter C_RATIO bound to: 2 - type: integer 
	Parameter C_SEL_WIDTH bound to: 1 - type: integer 
	Parameter C_DATA_WIDTH bound to: 36 - type: integer 
INFO: [Synth 8-6155] done synthesizing module 'generic_baseblocks_v2_1_0_mux_enc__parameterized2' (7#1) [/home/gabri-bot/Vivado_projects/.workspace/myproject_kernel/vivado_rtl_kernel/myproject_kernel_ex/myproject_kernel_ex.srcs/sources_1/bd/myproject_kernel_bd/ipshared/b752/hdl/generic_baseblocks_v2_1_vl_rfs.v:2452]
INFO: [Synth 8-6157] synthesizing module 'axi_register_slice_v2_1_21_axic_register_slice' [/home/gabri-bot/Vivado_projects/.workspace/myproject_kernel/vivado_rtl_kernel/myproject_kernel_ex/myproject_kernel_ex.srcs/sources_1/bd/myproject_kernel_bd/ipshared/2ef9/hdl/axi_register_slice_v2_1_vl_rfs.v:1498]
	Parameter C_FAMILY bound to: rtl - type: string 
	Parameter C_DATA_WIDTH bound to: 36 - type: integer 
	Parameter C_REG_CONFIG bound to: 1 - type: integer 
INFO: [Synth 8-6155] done synthesizing module 'axi_register_slice_v2_1_21_axic_register_slice' (8#1) [/home/gabri-bot/Vivado_projects/.workspace/myproject_kernel/vivado_rtl_kernel/myproject_kernel_ex/myproject_kernel_ex.srcs/sources_1/bd/myproject_kernel_bd/ipshared/2ef9/hdl/axi_register_slice_v2_1_vl_rfs.v:1498]
INFO: [Synth 8-6157] synthesizing module 'generic_baseblocks_v2_1_0_mux_enc__parameterized3' [/home/gabri-bot/Vivado_projects/.workspace/myproject_kernel/vivado_rtl_kernel/myproject_kernel_ex/myproject_kernel_ex.srcs/sources_1/bd/myproject_kernel_bd/ipshared/b752/hdl/generic_baseblocks_v2_1_vl_rfs.v:2452]
	Parameter C_FAMILY bound to: rtl - type: string 
	Parameter C_RATIO bound to: 2 - type: integer 
	Parameter C_SEL_WIDTH bound to: 1 - type: integer 
	Parameter C_DATA_WIDTH bound to: 3 - type: integer 
INFO: [Synth 8-6155] done synthesizing module 'generic_baseblocks_v2_1_0_mux_enc__parameterized3' (8#1) [/home/gabri-bot/Vivado_projects/.workspace/myproject_kernel/vivado_rtl_kernel/myproject_kernel_ex/myproject_kernel_ex.srcs/sources_1/bd/myproject_kernel_bd/ipshared/b752/hdl/generic_baseblocks_v2_1_vl_rfs.v:2452]
INFO: [Synth 8-6155] done synthesizing module 'axi_crossbar_v2_1_22_crossbar_sasd' (9#1) [/home/gabri-bot/Vivado_projects/.workspace/myproject_kernel/vivado_rtl_kernel/myproject_kernel_ex/myproject_kernel_ex.srcs/sources_1/bd/myproject_kernel_bd/ipshared/b68e/hdl/axi_crossbar_v2_1_vl_rfs.v:1240]
INFO: [Synth 8-6155] done synthesizing module 'axi_crossbar_v2_1_22_axi_crossbar' (10#1) [/home/gabri-bot/Vivado_projects/.workspace/myproject_kernel/vivado_rtl_kernel/myproject_kernel_ex/myproject_kernel_ex.srcs/sources_1/bd/myproject_kernel_bd/ipshared/b68e/hdl/axi_crossbar_v2_1_vl_rfs.v:4884]
INFO: [Synth 8-6155] done synthesizing module 'myproject_kernel_bd_axi_crossbar_0_0' (11#1) [/home/gabri-bot/Vivado_projects/.workspace/myproject_kernel/vivado_rtl_kernel/myproject_kernel_ex/myproject_kernel_ex.srcs/sources_1/bd/myproject_kernel_bd/ip/myproject_kernel_bd_axi_crossbar_0_0/synth/myproject_kernel_bd_axi_crossbar_0_0.v:59]
---------------------------------------------------------------------------------
Finished RTL Elaboration : Time (s): cpu = 00:00:08 ; elapsed = 00:00:18 . Memory (MB): peak = 3148.191 ; gain = 273.590 ; free physical = 8218 ; free virtual = 17069
---------------------------------------------------------------------------------
---------------------------------------------------------------------------------
Start Handling Custom Attributes
---------------------------------------------------------------------------------
---------------------------------------------------------------------------------
Finished Handling Custom Attributes : Time (s): cpu = 00:00:09 ; elapsed = 00:00:18 . Memory (MB): peak = 3163.035 ; gain = 288.434 ; free physical = 8177 ; free virtual = 17028
---------------------------------------------------------------------------------
---------------------------------------------------------------------------------
Finished RTL Optimization Phase 1 : Time (s): cpu = 00:00:09 ; elapsed = 00:00:18 . Memory (MB): peak = 3163.035 ; gain = 288.434 ; free physical = 8177 ; free virtual = 17028
---------------------------------------------------------------------------------
Netlist sorting complete. Time (s): cpu = 00:00:00.01 ; elapsed = 00:00:00.01 . Memory (MB): peak = 3163.035 ; gain = 0.000 ; free physical = 8144 ; free virtual = 16995
INFO: [Project 1-570] Preparing netlist for logic optimization

Processing XDC Constraints
Initializing timing engine
Parsing XDC File [/home/gabri-bot/Vivado_projects/.workspace/myproject_kernel/vivado_rtl_kernel/myproject_kernel_ex/myproject_kernel_ex.srcs/sources_1/bd/myproject_kernel_bd/ip/myproject_kernel_bd_axi_crossbar_0_0/myproject_kernel_bd_axi_crossbar_0_0_ooc.xdc] for cell 'inst'
Finished Parsing XDC File [/home/gabri-bot/Vivado_projects/.workspace/myproject_kernel/vivado_rtl_kernel/myproject_kernel_ex/myproject_kernel_ex.srcs/sources_1/bd/myproject_kernel_bd/ip/myproject_kernel_bd_axi_crossbar_0_0/myproject_kernel_bd_axi_crossbar_0_0_ooc.xdc] for cell 'inst'
Parsing XDC File [/home/gabri-bot/Vivado_projects/.workspace/myproject_kernel/vivado_rtl_kernel/myproject_kernel_ex/myproject_kernel_ex.runs/myproject_kernel_bd_axi_crossbar_0_0_synth_1/dont_touch.xdc]
Finished Parsing XDC File [/home/gabri-bot/Vivado_projects/.workspace/myproject_kernel/vivado_rtl_kernel/myproject_kernel_ex/myproject_kernel_ex.runs/myproject_kernel_bd_axi_crossbar_0_0_synth_1/dont_touch.xdc]
Completed Processing XDC Constraints

Netlist sorting complete. Time (s): cpu = 00:00:00 ; elapsed = 00:00:00 . Memory (MB): peak = 3324.785 ; gain = 0.000 ; free physical = 7749 ; free virtual = 16708
INFO: [Project 1-111] Unisim Transformation Summary:
No Unisim elements were transformed.

Constraint Validation Runtime : Time (s): cpu = 00:00:00.03 ; elapsed = 00:00:00.03 . Memory (MB): peak = 3324.785 ; gain = 0.000 ; free physical = 7746 ; free virtual = 16705
---------------------------------------------------------------------------------
Finished Constraint Validation : Time (s): cpu = 00:00:15 ; elapsed = 00:00:27 . Memory (MB): peak = 3324.785 ; gain = 450.184 ; free physical = 7825 ; free virtual = 16788
---------------------------------------------------------------------------------
---------------------------------------------------------------------------------
Start Loading Part and Timing Information
---------------------------------------------------------------------------------
Loading part: xcu50-fsvh2104-2-e
INFO: [Synth 8-6742] Reading net delay rules and data
---------------------------------------------------------------------------------
Finished Loading Part and Timing Information : Time (s): cpu = 00:00:15 ; elapsed = 00:00:27 . Memory (MB): peak = 3324.785 ; gain = 450.184 ; free physical = 7825 ; free virtual = 16788
---------------------------------------------------------------------------------
---------------------------------------------------------------------------------
Start Applying 'set_property' XDC Constraints
---------------------------------------------------------------------------------
Applied set_property DONT_TOUCH = true for inst. (constraint file  /home/gabri-bot/Vivado_projects/.workspace/myproject_kernel/vivado_rtl_kernel/myproject_kernel_ex/myproject_kernel_ex.runs/myproject_kernel_bd_axi_crossbar_0_0_synth_1/dont_touch.xdc, line 9).
---------------------------------------------------------------------------------
Finished applying 'set_property' XDC Constraints : Time (s): cpu = 00:00:15 ; elapsed = 00:00:27 . Memory (MB): peak = 3324.785 ; gain = 450.184 ; free physical = 7825 ; free virtual = 16788
---------------------------------------------------------------------------------
---------------------------------------------------------------------------------
Finished RTL Optimization Phase 2 : Time (s): cpu = 00:00:16 ; elapsed = 00:00:27 . Memory (MB): peak = 3324.785 ; gain = 450.184 ; free physical = 7818 ; free virtual = 16780
---------------------------------------------------------------------------------
---------------------------------------------------------------------------------
Start RTL Component Statistics 
---------------------------------------------------------------------------------
Detailed RTL Component Info : 
+---Registers : 
	               64 Bit    Registers := 1     
	               36 Bit    Registers := 2     
	                3 Bit    Registers := 1     
	                2 Bit    Registers := 8     
	                1 Bit    Registers := 12    
+---Muxes : 
	   2 Input   64 Bit        Muxes := 2     
	   2 Input   36 Bit        Muxes := 2     
	   2 Input    2 Bit        Muxes := 1     
	   2 Input    1 Bit        Muxes := 11    
---------------------------------------------------------------------------------
Finished RTL Component Statistics 
---------------------------------------------------------------------------------
---------------------------------------------------------------------------------
Start Part Resource Summary
---------------------------------------------------------------------------------
Part Resources:
DSPs: 5952 (col length:93)
BRAMs: 2688 (col length: RAMB18 192 RAMB36 96)
---------------------------------------------------------------------------------
Finished Part Resource Summary
---------------------------------------------------------------------------------
---------------------------------------------------------------------------------
Start Cross Boundary and Area Optimization
---------------------------------------------------------------------------------
---------------------------------------------------------------------------------
Finished Cross Boundary and Area Optimization : Time (s): cpu = 00:00:16 ; elapsed = 00:00:28 . Memory (MB): peak = 3324.785 ; gain = 450.184 ; free physical = 7783 ; free virtual = 16748
---------------------------------------------------------------------------------
---------------------------------------------------------------------------------
Start Applying XDC Timing Constraints
---------------------------------------------------------------------------------
---------------------------------------------------------------------------------
Finished Applying XDC Timing Constraints : Time (s): cpu = 00:00:31 ; elapsed = 00:00:59 . Memory (MB): peak = 3567.973 ; gain = 693.371 ; free physical = 10166 ; free virtual = 19123
---------------------------------------------------------------------------------
---------------------------------------------------------------------------------
Start Timing Optimization
---------------------------------------------------------------------------------
---------------------------------------------------------------------------------
Finished Timing Optimization : Time (s): cpu = 00:00:32 ; elapsed = 00:00:59 . Memory (MB): peak = 3596.004 ; gain = 721.402 ; free physical = 10101 ; free virtual = 19058
---------------------------------------------------------------------------------
---------------------------------------------------------------------------------
Start Technology Mapping
---------------------------------------------------------------------------------
---------------------------------------------------------------------------------
Finished Technology Mapping : Time (s): cpu = 00:00:32 ; elapsed = 00:00:59 . Memory (MB): peak = 3612.020 ; gain = 737.418 ; free physical = 10076 ; free virtual = 19033
---------------------------------------------------------------------------------
---------------------------------------------------------------------------------
Start IO Insertion
---------------------------------------------------------------------------------
---------------------------------------------------------------------------------
Start Flattening Before IO Insertion
---------------------------------------------------------------------------------
---------------------------------------------------------------------------------
Finished Flattening Before IO Insertion
---------------------------------------------------------------------------------
---------------------------------------------------------------------------------
Start Final Netlist Cleanup
---------------------------------------------------------------------------------
---------------------------------------------------------------------------------
Finished Final Netlist Cleanup
---------------------------------------------------------------------------------
---------------------------------------------------------------------------------
Finished IO Insertion : Time (s): cpu = 00:00:34 ; elapsed = 00:01:01 . Memory (MB): peak = 3612.020 ; gain = 737.418 ; free physical = 10035 ; free virtual = 18999
---------------------------------------------------------------------------------
---------------------------------------------------------------------------------
Start Renaming Generated Instances
---------------------------------------------------------------------------------
---------------------------------------------------------------------------------
Finished Renaming Generated Instances : Time (s): cpu = 00:00:34 ; elapsed = 00:01:01 . Memory (MB): peak = 3612.020 ; gain = 737.418 ; free physical = 10035 ; free virtual = 18999
---------------------------------------------------------------------------------
---------------------------------------------------------------------------------
Start Rebuilding User Hierarchy
---------------------------------------------------------------------------------
---------------------------------------------------------------------------------
Finished Rebuilding User Hierarchy : Time (s): cpu = 00:00:34 ; elapsed = 00:01:01 . Memory (MB): peak = 3612.020 ; gain = 737.418 ; free physical = 10033 ; free virtual = 18998
---------------------------------------------------------------------------------
---------------------------------------------------------------------------------
Start Renaming Generated Ports
---------------------------------------------------------------------------------
---------------------------------------------------------------------------------
Finished Renaming Generated Ports : Time (s): cpu = 00:00:34 ; elapsed = 00:01:01 . Memory (MB): peak = 3612.020 ; gain = 737.418 ; free physical = 10033 ; free virtual = 18998
---------------------------------------------------------------------------------
---------------------------------------------------------------------------------
Start Handling Custom Attributes
---------------------------------------------------------------------------------
---------------------------------------------------------------------------------
Finished Handling Custom Attributes : Time (s): cpu = 00:00:34 ; elapsed = 00:01:01 . Memory (MB): peak = 3612.020 ; gain = 737.418 ; free physical = 10031 ; free virtual = 18996
---------------------------------------------------------------------------------
---------------------------------------------------------------------------------
Start Renaming Generated Nets
---------------------------------------------------------------------------------
---------------------------------------------------------------------------------
Finished Renaming Generated Nets : Time (s): cpu = 00:00:34 ; elapsed = 00:01:01 . Memory (MB): peak = 3612.020 ; gain = 737.418 ; free physical = 10031 ; free virtual = 18996
---------------------------------------------------------------------------------
---------------------------------------------------------------------------------
Start Writing Synthesis Report
---------------------------------------------------------------------------------

Report BlackBoxes: 
+-+--------------+----------+
| |BlackBox name |Instances |
+-+--------------+----------+
+-+--------------+----------+

Report Cell Usage: 
+------+-----+------+
|      |Cell |Count |
+------+-----+------+
|1     |LUT1 |     1|
|2     |LUT2 |    14|
|3     |LUT3 |    45|
|4     |LUT4 |    43|
|5     |LUT5 |    77|
|6     |LUT6 |    30|
|7     |FDRE |   135|
|8     |FDSE |     1|
+------+-----+------+
---------------------------------------------------------------------------------
Finished Writing Synthesis Report : Time (s): cpu = 00:00:34 ; elapsed = 00:01:01 . Memory (MB): peak = 3612.020 ; gain = 737.418 ; free physical = 10031 ; free virtual = 18996
---------------------------------------------------------------------------------
Synthesis finished with 0 errors, 0 critical warnings and 0 warnings.
Synthesis Optimization Runtime : Time (s): cpu = 00:00:30 ; elapsed = 00:00:56 . Memory (MB): peak = 3612.020 ; gain = 575.668 ; free physical = 10070 ; free virtual = 19034
Synthesis Optimization Complete : Time (s): cpu = 00:00:34 ; elapsed = 00:01:01 . Memory (MB): peak = 3612.027 ; gain = 737.418 ; free physical = 10070 ; free virtual = 19034
INFO: [Project 1-571] Translating synthesized netlist
Netlist sorting complete. Time (s): cpu = 00:00:00 ; elapsed = 00:00:00 . Memory (MB): peak = 3620.020 ; gain = 0.000 ; free physical = 10092 ; free virtual = 19053
INFO: [Project 1-570] Preparing netlist for logic optimization
INFO: [Opt 31-138] Pushed 0 inverter(s) to 0 load pin(s).
Netlist sorting complete. Time (s): cpu = 00:00:00 ; elapsed = 00:00:00 . Memory (MB): peak = 3685.754 ; gain = 0.000 ; free physical = 10009 ; free virtual = 18966
INFO: [Project 1-111] Unisim Transformation Summary:
No Unisim elements were transformed.

INFO: [Common 17-83] Releasing license: Synthesis
48 Infos, 0 Warnings, 0 Critical Warnings and 0 Errors encountered.
synth_design completed successfully
synth_design: Time (s): cpu = 00:00:46 ; elapsed = 00:01:17 . Memory (MB): peak = 3685.754 ; gain = 1538.516 ; free physical = 10143 ; free virtual = 19099
INFO: [Common 17-1381] The checkpoint '/home/gabri-bot/Vivado_projects/.workspace/myproject_kernel/vivado_rtl_kernel/myproject_kernel_ex/myproject_kernel_ex.runs/myproject_kernel_bd_axi_crossbar_0_0_synth_1/myproject_kernel_bd_axi_crossbar_0_0.dcp' has been generated.
WARNING: [Common 17-576] 'use_project_ipc' is deprecated. This option is deprecated and no longer used.
INFO: [Coretcl 2-1648] Added synthesis output to IP cache for IP myproject_kernel_bd_axi_crossbar_0_0, cache-ID = 3e1bfc6a56e8d4b7
INFO: [Coretcl 2-1174] Renamed 7 cell refs.
INFO: [Common 17-1381] The checkpoint '/home/gabri-bot/Vivado_projects/.workspace/myproject_kernel/vivado_rtl_kernel/myproject_kernel_ex/myproject_kernel_ex.runs/myproject_kernel_bd_axi_crossbar_0_0_synth_1/myproject_kernel_bd_axi_crossbar_0_0.dcp' has been generated.
INFO: [runtcl-4] Executing : report_utilization -file myproject_kernel_bd_axi_crossbar_0_0_utilization_synth.rpt -pb myproject_kernel_bd_axi_crossbar_0_0_utilization_synth.pb
INFO: [Common 17-206] Exiting Vivado at Mon Dec  6 17:09:18 2021...
