Starting vitis. This could take few seconds...XILINX_XRT      : /opt/xilinx/xrt
PATH            : /opt/xilinx/xrt/bin:/tools/Xilinx/Vitis/2020.1/gnu/microblaze/lin/bin:/tools/Xilinx/Vitis/2020.1/gnu/microblaze/linux_toolchain/lin64_le/bin:/tools/Xilinx/Vitis/2020.1/gnu/microblaze/linux_toolchain/lin64_be/bin:/tools/Xilinx/Vitis/2020.1/gnu/arm/lin/bin:/tools/Xilinx/Vivado/2020.1/gnu/microblaze/lin/bin:/tools/Xilinx/Vitis/2020.1/bin:/tools/Xilinx/Vivado/2020.1/ids_lite/ISE/bin/lin64:/tools/Xilinx/Vitis/2020.1/gnu/microblaze/lin/bin:/tools/Xilinx/Vitis/2020.1/gnu/arm/lin/bin:/tools/Xilinx/Vitis/2020.1/gnu/microblaze/linux_toolchain/nt64_be/bin:/tools/Xilinx/Vitis/2020.1/gnu/microblaze/linux_toolchain/nt64_le/bin:/tools/Xilinx/Vitis/2020.1/gnu/aarch32/lin/gcc-arm-linux-gnueabi/bin:/tools/Xilinx/Vitis/2020.1/gnu/aarch32/lin/gcc-arm-none-eabi/bin:/tools/Xilinx/Vitis/2020.1/gnu/aarch64/lin/aarch64-linux/bin:/tools/Xilinx/Vitis/2020.1/gnu/aarch64/lin/aarch64-none/bin:/tools/Xilinx/Vitis/2020.1/gnu/armr5/lin/gcc-arm-none-eabi/bin:/tools/Xilinx/Vivado/2020.1/tps/lnx64/python-2.7.16:/tools/Xilinx/Vivado/2020.1/tps/lnx64/python-2.7.16/bin:/tools/Xilinx/Vivado/2020.1/tps/lnx64/python-2.7.16/lib:/tools/Xilinx/Vivado/2020.1/tps/lnx64/python-2.7.16/lib/python2.7/lib-tk:/tools/Xilinx/Vivado/2020.1/tps/lnx64/python-2.7.16/lib/python2.7/site-packages::/tools/Xilinx/Vivado/2020.1/bin:/tools/Xilinx/Vivado/2020.1/tps/lnx64/jre9.0.4/bin:/home/gabri-bot/anaconda3/condabin:/opt/cactus/bin:/home/gabri-bot/.local/bin:/usr/local/sbin:/usr/local/bin:/usr/sbin:/usr/bin:/sbin:/bin:/usr/games:/usr/local/games:/snap/bin:/opt/rocm/bin:/opt/rocm/rocprofiler/bin:/opt/rocm/opencl/bin
LD_LIBRARY_PATH : /opt/xilinx/xrt/lib:/tools/Xilinx/Vitis/2020.1/lib/lnx64.o/Ubuntu/18:/tools/Xilinx/Vitis/2020.1/lib/lnx64.o/Ubuntu:/tools/Xilinx/Vitis/2020.1/lib/lnx64.o:/tools/Xilinx/Vivado/2020.1/tps/lnx64/python-2.7.16/lib:/tools/Xilinx/Vivado/2020.1/lib/lnx64.o/Ubuntu/18:/tools/Xilinx/Vivado/2020.1/lib/lnx64.o/Ubuntu:/tools/Xilinx/Vivado/2020.1/lib/lnx64.o:/tools/Xilinx/Vivado/2020.1/tps/lnx64/jre9.0.4/lib/:/tools/Xilinx/Vivado/2020.1/tps/lnx64/jre9.0.4/lib//server:/opt/cactus/lib::/tools/Xilinx/Vivado/2020.1/bin/../lnx64/tools/dot/lib:/tools/Xilinx/Vivado/2020.1/bin/../lnx64/tools/dot/lib:/tools/Xilinx/Vitis/2020.1/bin/../lnx64/tools/dot/lib
PYTHONPATH     : /opt/xilinx/xrt/python:/tools/Xilinx/Vivado/2020.1/tps/lnx64/python-2.7.16:/tools/Xilinx/Vivado/2020.1/tps/lnx64/python-2.7.16/bin:/tools/Xilinx/Vivado/2020.1/tps/lnx64/python-2.7.16/lib:/tools/Xilinx/Vivado/2020.1/tps/lnx64/python-2.7.16/lib/python2.7/lib-tk:/tools/Xilinx/Vivado/2020.1/tps/lnx64/python-2.7.16/lib/python2.7/site-packages:/tools/Xilinx/Vivado/2020.1/tps/lnx64/python-2.7.16:/tools/Xilinx/Vivado/2020.1/tps/lnx64/python-2.7.16/bin:/tools/Xilinx/Vivado/2020.1/tps/lnx64/python-2.7.16/lib:/tools/Xilinx/Vivado/2020.1/tps/lnx64/python-2.7.16/lib/python2.7/lib-tk:/tools/Xilinx/Vivado/2020.1/tps/lnx64/python-2.7.16/lib/python2.7/site-packages:
WARNING: Using incubator modules: jdk.incubator.httpclient
done
INFO: [Hsi 55-2053] elapsed time for repository (/tools/Xilinx/Vitis/2020.1/data/embeddedsw) loading 1 seconds
Opening the hardware design, this may take few seconds.
Gtk-Message: 20:49:35.962: Failed to load module "canberra-gtk-module"
/tools/Xilinx/Vitis/2020.1/gnu/microblaze/lin
Building the BSP Library for domain  - mydomain on processor control_microblaze_0
Running Make include in control_microblaze_0/libsrc/gpio_v4_6/src

make -C control_microblaze_0/libsrc/gpio_v4_6/src -s include  "SHELL=/bin/sh" "COMPILER=mb-gcc" "ASSEMBLER=mb-as" "ARCHIVER=mb-
ar" "COMPILER_FLAGS=  -O2 -c -mcpu=v11.0 -mlittle-endian -mxl-pattern-compare -mxl-soft-mul" "EXTRA_COMPILER_FLAGS=-g -ffunctio
n-sections -fdata-sections -Wall -Wextra"

Running Make include in control_microblaze_0/libsrc/standalone_v7_2/src

make -C control_microblaze_0/libsrc/standalone_v7_2/src -s include  "SHELL=/bin/sh" "COMPILER=mb-gcc" "ASSEMBLER=mb-as" "ARCHIV
ER=mb-ar" "COMPILER_FLAGS=  -O2 -c -mcpu=v11.0 -mlittle-endian -mxl-pattern-compare -mxl-soft-mul" "EXTRA_COMPILER_FLAGS=-g -ff
unction-sections -fdata-sections -Wall -Wextra"

Running Make include in control_microblaze_0/libsrc/cpu_v2_11/src

make -C control_microblaze_0/libsrc/cpu_v2_11/src -s include  "SHELL=/bin/sh" "COMPILER=mb-gcc" "ASSEMBLER=mb-as" "ARCHIVER=mb-
ar" "COMPILER_FLAGS=  -O2 -c -mcpu=v11.0 -mlittle-endian -mxl-pattern-compare -mxl-soft-mul" "EXTRA_COMPILER_FLAGS=-g -ffunctio
n-sections -fdata-sections -Wall -Wextra"

Running Make include in control_microblaze_0/libsrc/bram_v4_4/src

make -C control_microblaze_0/libsrc/bram_v4_4/src -s include  "SHELL=/bin/sh" "COMPILER=mb-gcc" "ASSEMBLER=mb-as" "ARCHIVER=mb-
ar" "COMPILER_FLAGS=  -O2 -c -mcpu=v11.0 -mlittle-endian -mxl-pattern-compare -mxl-soft-mul" "EXTRA_COMPILER_FLAGS=-g -ffunctio
n-sections -fdata-sections -Wall -Wextra"

Running Make libs in control_microblaze_0/libsrc/gpio_v4_6/src

make -C control_microblaze_0/libsrc/gpio_v4_6/src -s libs  "SHELL=/bin/sh" "COMPILER=mb-gcc" "ASSEMBLER=mb-as" "ARCHIVER=mb-ar"
 "COMPILER_FLAGS=  -O2 -c -mcpu=v11.0 -mlittle-endian -mxl-pattern-compare -mxl-soft-mul" "EXTRA_COMPILER_FLAGS=-g -ffunction-s
ections -fdata-sections -Wall -Wextra"

Compiling gpio

/tools/Xilinx/Vitis/2020.1/gnu/microblaze/lin/bin/../x86_64-oesdk-linux/usr/bin/microblaze-xilinx-elf/microblaze-xilinx-elf-ar.real: creating ../../../lib/libxil.a
Running Make libs in control_microblaze_0/libsrc/standalone_v7_2/src

make -C control_microblaze_0/libsrc/standalone_v7_2/src -s libs  "SHELL=/bin/sh" "COMPILER=mb-gcc" "ASSEMBLER=mb-as" "ARCHIVER=
mb-ar" "COMPILER_FLAGS=  -O2 -c -mcpu=v11.0 -mlittle-endian -mxl-pattern-compare -mxl-soft-mul" "EXTRA_COMPILER_FLAGS=-g -ffunc
tion-sections -fdata-sections -Wall -Wextra"

Compiling standalone

microblaze_sleep.c:55:9: note: #pragma message: For the sleep routines, assembly instructions are used
   55 | #pragma message ("For the sleep routines, assembly instructions are used")
      |         ^~~~~~~
Running Make libs in control_microblaze_0/libsrc/cpu_v2_11/src

make -C control_microblaze_0/libsrc/cpu_v2_11/src -s libs  "SHELL=/bin/sh" "COMPILER=mb-gcc" "ASSEMBLER=mb-as" "ARCHIVER=mb-ar"
 "COMPILER_FLAGS=  -O2 -c -mcpu=v11.0 -mlittle-endian -mxl-pattern-compare -mxl-soft-mul" "EXTRA_COMPILER_FLAGS=-g -ffunction-s
ections -fdata-sections -Wall -Wextra"

Compiling cpu

Running Make libs in control_microblaze_0/libsrc/bram_v4_4/src

make -C control_microblaze_0/libsrc/bram_v4_4/src -s libs  "SHELL=/bin/sh" "COMPILER=mb-gcc" "ASSEMBLER=mb-as" "ARCHIVER=mb-ar"
 "COMPILER_FLAGS=  -O2 -c -mcpu=v11.0 -mlittle-endian -mxl-pattern-compare -mxl-soft-mul" "EXTRA_COMPILER_FLAGS=-g -ffunction-s
ections -fdata-sections -Wall -Wextra"

Compiling bram

Finished building libraries

20:49:39 **** Build of project myproject_kernel ****
buildplatform.sh 45015 myproject_kernel  
Building the BSP Library for domain  - mydomain on processor control_microblaze_0
Running Make include in control_microblaze_0/libsrc/gpio_v4_6/src

make -C control_microblaze_0/libsrc/gpio_v4_6/src -s include  "SHELL=/bin/sh" "COMPILER=mb-gcc" "ASSEMBLER=mb-as" "ARCHIVER=mb-
ar" "COMPILER_FLAGS=  -O2 -c -mcpu=v11.0 -mlittle-endian -mxl-pattern-compare -mxl-soft-mul" "EXTRA_COMPILER_FLAGS=-g -ffunctio
n-sections -fdata-sections -Wall -Wextra"

Running Make include in control_microblaze_0/libsrc/standalone_v7_2/src

make -C control_microblaze_0/libsrc/standalone_v7_2/src -s include  "SHELL=/bin/sh" "COMPILER=mb-gcc" "ASSEMBLER=mb-as" "ARCHIV
ER=mb-ar" "COMPILER_FLAGS=  -O2 -c -mcpu=v11.0 -mlittle-endian -mxl-pattern-compare -mxl-soft-mul" "EXTRA_COMPILER_FLAGS=-g -ff
unction-sections -fdata-sections -Wall -Wextra"

Running Make include in control_microblaze_0/libsrc/cpu_v2_11/src

make -C control_microblaze_0/libsrc/cpu_v2_11/src -s include  "SHELL=/bin/sh" "COMPILER=mb-gcc" "ASSEMBLER=mb-as" "ARCHIVER=mb-
ar" "COMPILER_FLAGS=  -O2 -c -mcpu=v11.0 -mlittle-endian -mxl-pattern-compare -mxl-soft-mul" "EXTRA_COMPILER_FLAGS=-g -ffunctio
n-sections -fdata-sections -Wall -Wextra"

Running Make include in control_microblaze_0/libsrc/bram_v4_4/src

make -C control_microblaze_0/libsrc/bram_v4_4/src -s include  "SHELL=/bin/sh" "COMPILER=mb-gcc" "ASSEMBLER=mb-as" "ARCHIVER=mb-
ar" "COMPILER_FLAGS=  -O2 -c -mcpu=v11.0 -mlittle-endian -mxl-pattern-compare -mxl-soft-mul" "EXTRA_COMPILER_FLAGS=-g -ffunctio
n-sections -fdata-sections -Wall -Wextra"

Running Make libs in control_microblaze_0/libsrc/gpio_v4_6/src

make -C control_microblaze_0/libsrc/gpio_v4_6/src -s libs  "SHELL=/bin/sh" "COMPILER=mb-gcc" "ASSEMBLER=mb-as" "ARCHIVER=mb-ar"
 "COMPILER_FLAGS=  -O2 -c -mcpu=v11.0 -mlittle-endian -mxl-pattern-compare -mxl-soft-mul" "EXTRA_COMPILER_FLAGS=-g -ffunction-s
ections -fdata-sections -Wall -Wextra"

Compiling gpio

Running Make libs in control_microblaze_0/libsrc/standalone_v7_2/src

make -C control_microblaze_0/libsrc/standalone_v7_2/src -s libs  "SHELL=/bin/sh" "COMPILER=mb-gcc" "ASSEMBLER=mb-as" "ARCHIVER=
mb-ar" "COMPILER_FLAGS=  -O2 -c -mcpu=v11.0 -mlittle-endian -mxl-pattern-compare -mxl-soft-mul" "EXTRA_COMPILER_FLAGS=-g -ffunc
tion-sections -fdata-sections -Wall -Wextra"

Compiling standalone

microblaze_sleep.c:55:9: note: #pragma message: For the sleep routines, assembly instructions are used
   55 | #pragma message ("For the sleep routines, assembly instructions are used")
      |         ^~~~~~~
Running Make libs in control_microblaze_0/libsrc/cpu_v2_11/src

make -C control_microblaze_0/libsrc/cpu_v2_11/src -s libs  "SHELL=/bin/sh" "COMPILER=mb-gcc" "ASSEMBLER=mb-as" "ARCHIVER=mb-ar"
 "COMPILER_FLAGS=  -O2 -c -mcpu=v11.0 -mlittle-endian -mxl-pattern-compare -mxl-soft-mul" "EXTRA_COMPILER_FLAGS=-g -ffunction-s
ections -fdata-sections -Wall -Wextra"

Compiling cpu

Running Make libs in control_microblaze_0/libsrc/bram_v4_4/src

make -C control_microblaze_0/libsrc/bram_v4_4/src -s libs  "SHELL=/bin/sh" "COMPILER=mb-gcc" "ASSEMBLER=mb-as" "ARCHIVER=mb-ar"
 "COMPILER_FLAGS=  -O2 -c -mcpu=v11.0 -mlittle-endian -mxl-pattern-compare -mxl-soft-mul" "EXTRA_COMPILER_FLAGS=-g -ffunction-s
ections -fdata-sections -Wall -Wextra"

Compiling bram

Finished building libraries


20:49:46 Build Finished (took 6s.926ms)

20:49:46 **** Build of configuration Debug for project myproject_kernel_control ****
make all 
Building file: ../src/kernel_control.c
Invoking: MicroBlaze gcc compiler
mb-gcc -Wall -O0 -g3 -c -fmessage-length=0 -MT"src/kernel_control.o" -I/home/gabri-bot/Vivado_projects/myproject_kernel_ex/myproject_kernel_ex.sdk/myproject_kernel/export/myproject_kernel/sw/myproject_kernel/mydomain/bspinclude/include -mlittle-endian -mxl-pattern-compare -mcpu=v11.0 -mxl-soft-mul -Wl,--no-relax -ffunction-sections -fdata-sections -MMD -MP -MF"src/kernel_control.d" -MT"src/kernel_control.o" -o "src/kernel_control.o" "../src/kernel_control.c"
../src/kernel_control.c: In function 'main':
../src/kernel_control.c:17:7: warning: variable 'status' set but not used [-Wunused-but-set-variable]
   17 |   int status;
      |       ^~~~~~
Finished building: ../src/kernel_control.c
 
Building target: myproject_kernel_control.elf
Invoking: MicroBlaze gcc linker
mb-gcc -Wl,-T -Wl,../src/lscript.ld -L/home/gabri-bot/Vivado_projects/myproject_kernel_ex/myproject_kernel_ex.sdk/myproject_kernel/export/myproject_kernel/sw/myproject_kernel/mydomain/bsplib/lib -mlittle-endian -mxl-pattern-compare -mcpu=v11.0 -mxl-soft-mul -Wl,--no-relax -Wl,--gc-sections -o "myproject_kernel_control.elf"  ./src/kernel_control.o   -Wl,--start-group,-lxil,-lgcc,-lc,--end-group
Finished building target: myproject_kernel_control.elf
 
Invoking: MicroBlaze Print Size
mb-size myproject_kernel_control.elf  |tee "myproject_kernel_control.elf.size"
   text	   data	    bss	    dec	    hex	filename
   1616	    252	   3076	   4944	   1350	myproject_kernel_control.elf
Finished building: myproject_kernel_control.elf.size
 

20:49:47 Build Finished (took 162ms)



Finished building projects
