
*** Running vivado
    with args -log myproject_kernel_bd_dlmb_v10_0.vds -m64 -product Vivado -mode batch -messageDb vivado.pb -notrace -source myproject_kernel_bd_dlmb_v10_0.tcl


****** Vivado v2020.1 (64-bit)
  **** SW Build 2902540 on Wed May 27 19:54:35 MDT 2020
  **** IP Build 2902112 on Wed May 27 22:43:36 MDT 2020
    ** Copyright 1986-2020 Xilinx, Inc. All Rights Reserved.

source myproject_kernel_bd_dlmb_v10_0.tcl -notrace
INFO: [IP_Flow 19-234] Refreshing IP repositories
INFO: [IP_Flow 19-1700] Loaded user IP repository '/home/gabri-bot/University/Git_hub/ALVEO_ML/NN_train/MNIST_Test/HLS_projects/Qkeras_pruned_CNN/hls4ml_alveo_prj'.
INFO: [IP_Flow 19-2313] Loaded Vivado IP repository '/tools/Xilinx/Vivado/2020.1/data/ip'.
Command: synth_design -top myproject_kernel_bd_dlmb_v10_0 -part xcu50-fsvh2104-2-e -mode out_of_context
Starting synth_design
Attempting to get a license for feature 'Synthesis' and/or device 'xcu50'
INFO: [Common 17-349] Got license for feature 'Synthesis' and/or device 'xcu50'
INFO: [Device 21-403] Loading part xcu50-fsvh2104-2-e
INFO: [Synth 8-7079] Multithreading enabled for synth_design using a maximum of 4 processes.
INFO: [Synth 8-7078] Launching helper process for spawning children vivado processes
INFO: [Synth 8-7075] Helper process launched with PID 14035
---------------------------------------------------------------------------------
Starting RTL Elaboration : Time (s): cpu = 00:00:02 ; elapsed = 00:00:03 . Memory (MB): peak = 2993.277 ; gain = 126.715 ; free physical = 2262 ; free virtual = 6499
---------------------------------------------------------------------------------
INFO: [Synth 8-638] synthesizing module 'myproject_kernel_bd_dlmb_v10_0' [/home/gabri-bot/Vivado_projects/myproject_kernel_ex/myproject_kernel_ex.srcs/sources_1/bd/myproject_kernel_bd/ip/myproject_kernel_bd_dlmb_v10_0/synth/myproject_kernel_bd_dlmb_v10_0.vhd:89]
	Parameter C_LMB_NUM_SLAVES bound to: 2 - type: integer 
	Parameter C_LMB_DWIDTH bound to: 32 - type: integer 
	Parameter C_LMB_AWIDTH bound to: 32 - type: integer 
	Parameter C_LMB_PROTOCOL bound to: 0 - type: integer 
	Parameter C_EXT_RESET_HIGH bound to: 1 - type: integer 
INFO: [Synth 8-3491] module 'lmb_v10' declared at '/home/gabri-bot/Vivado_projects/myproject_kernel_ex/myproject_kernel_ex.srcs/sources_1/bd/myproject_kernel_bd/ipshared/c2ed/hdl/lmb_v10_v3_0_vh_rfs.vhd:92' bound to instance 'U0' of component 'lmb_v10' [/home/gabri-bot/Vivado_projects/myproject_kernel_ex/myproject_kernel_ex.srcs/sources_1/bd/myproject_kernel_bd/ip/myproject_kernel_bd_dlmb_v10_0/synth/myproject_kernel_bd_dlmb_v10_0.vhd:165]
INFO: [Synth 8-638] synthesizing module 'lmb_v10' [/home/gabri-bot/Vivado_projects/myproject_kernel_ex/myproject_kernel_ex.srcs/sources_1/bd/myproject_kernel_bd/ipshared/c2ed/hdl/lmb_v10_v3_0_vh_rfs.vhd:141]
	Parameter C_LMB_NUM_SLAVES bound to: 2 - type: integer 
	Parameter C_LMB_DWIDTH bound to: 32 - type: integer 
	Parameter C_LMB_AWIDTH bound to: 32 - type: integer 
	Parameter C_LMB_PROTOCOL bound to: 0 - type: integer 
	Parameter C_EXT_RESET_HIGH bound to: 1 - type: integer 
INFO: [Synth 8-3491] module 'FDS' declared at '/tools/Xilinx/Vivado/2020.1/scripts/rt/data/unisim_comp.v:13847' bound to instance 'POR_FF_I' of component 'FDS' [/home/gabri-bot/Vivado_projects/myproject_kernel_ex/myproject_kernel_ex.srcs/sources_1/bd/myproject_kernel_bd/ipshared/c2ed/hdl/lmb_v10_v3_0_vh_rfs.vhd:171]
INFO: [Synth 8-6157] synthesizing module 'FDS' [/tools/Xilinx/Vivado/2020.1/scripts/rt/data/unisim_comp.v:13847]
	Parameter INIT bound to: 1'b1 
INFO: [Synth 8-6155] done synthesizing module 'FDS' (1#1) [/tools/Xilinx/Vivado/2020.1/scripts/rt/data/unisim_comp.v:13847]
INFO: [Synth 8-256] done synthesizing module 'lmb_v10' (2#1) [/home/gabri-bot/Vivado_projects/myproject_kernel_ex/myproject_kernel_ex.srcs/sources_1/bd/myproject_kernel_bd/ipshared/c2ed/hdl/lmb_v10_v3_0_vh_rfs.vhd:141]
INFO: [Synth 8-256] done synthesizing module 'myproject_kernel_bd_dlmb_v10_0' (3#1) [/home/gabri-bot/Vivado_projects/myproject_kernel_ex/myproject_kernel_ex.srcs/sources_1/bd/myproject_kernel_bd/ip/myproject_kernel_bd_dlmb_v10_0/synth/myproject_kernel_bd_dlmb_v10_0.vhd:89]
---------------------------------------------------------------------------------
Finished RTL Elaboration : Time (s): cpu = 00:00:03 ; elapsed = 00:00:04 . Memory (MB): peak = 3045.184 ; gain = 178.621 ; free physical = 2287 ; free virtual = 6524
---------------------------------------------------------------------------------
---------------------------------------------------------------------------------
Start Handling Custom Attributes
---------------------------------------------------------------------------------
---------------------------------------------------------------------------------
Finished Handling Custom Attributes : Time (s): cpu = 00:00:04 ; elapsed = 00:00:04 . Memory (MB): peak = 3065.996 ; gain = 199.434 ; free physical = 2268 ; free virtual = 6505
---------------------------------------------------------------------------------
---------------------------------------------------------------------------------
Finished RTL Optimization Phase 1 : Time (s): cpu = 00:00:04 ; elapsed = 00:00:04 . Memory (MB): peak = 3065.996 ; gain = 199.434 ; free physical = 2268 ; free virtual = 6505
---------------------------------------------------------------------------------
Netlist sorting complete. Time (s): cpu = 00:00:00 ; elapsed = 00:00:00.01 . Memory (MB): peak = 3077.902 ; gain = 0.000 ; free physical = 2239 ; free virtual = 6477
INFO: [Netlist 29-17] Analyzing 1 Unisim elements for replacement
INFO: [Netlist 29-28] Unisim Transformation completed in 0 CPU seconds
INFO: [Project 1-570] Preparing netlist for logic optimization

Processing XDC Constraints
Initializing timing engine
Parsing XDC File [/home/gabri-bot/Vivado_projects/myproject_kernel_ex/myproject_kernel_ex.srcs/sources_1/bd/myproject_kernel_bd/ip/myproject_kernel_bd_dlmb_v10_0/myproject_kernel_bd_dlmb_v10_0_ooc.xdc] for cell 'U0'
Finished Parsing XDC File [/home/gabri-bot/Vivado_projects/myproject_kernel_ex/myproject_kernel_ex.srcs/sources_1/bd/myproject_kernel_bd/ip/myproject_kernel_bd_dlmb_v10_0/myproject_kernel_bd_dlmb_v10_0_ooc.xdc] for cell 'U0'
Parsing XDC File [/home/gabri-bot/Vivado_projects/myproject_kernel_ex/myproject_kernel_ex.srcs/sources_1/bd/myproject_kernel_bd/ip/myproject_kernel_bd_dlmb_v10_0/myproject_kernel_bd_dlmb_v10_0.xdc] for cell 'U0'
Finished Parsing XDC File [/home/gabri-bot/Vivado_projects/myproject_kernel_ex/myproject_kernel_ex.srcs/sources_1/bd/myproject_kernel_bd/ip/myproject_kernel_bd_dlmb_v10_0/myproject_kernel_bd_dlmb_v10_0.xdc] for cell 'U0'
Parsing XDC File [/home/gabri-bot/Vivado_projects/myproject_kernel_ex/myproject_kernel_ex.runs/myproject_kernel_bd_dlmb_v10_0_synth_1/dont_touch.xdc]
Finished Parsing XDC File [/home/gabri-bot/Vivado_projects/myproject_kernel_ex/myproject_kernel_ex.runs/myproject_kernel_bd_dlmb_v10_0_synth_1/dont_touch.xdc]
Completed Processing XDC Constraints

Netlist sorting complete. Time (s): cpu = 00:00:00 ; elapsed = 00:00:00 . Memory (MB): peak = 3245.652 ; gain = 0.000 ; free physical = 1825 ; free virtual = 6063
INFO: [Project 1-111] Unisim Transformation Summary:
  A total of 1 instances were transformed.
  FDS => FDSE: 1 instance 

Constraint Validation Runtime : Time (s): cpu = 00:00:00.01 ; elapsed = 00:00:00.02 . Memory (MB): peak = 3245.652 ; gain = 0.000 ; free physical = 1824 ; free virtual = 6061
---------------------------------------------------------------------------------
Finished Constraint Validation : Time (s): cpu = 00:00:10 ; elapsed = 00:00:13 . Memory (MB): peak = 3245.652 ; gain = 379.090 ; free physical = 1850 ; free virtual = 6085
---------------------------------------------------------------------------------
---------------------------------------------------------------------------------
Start Loading Part and Timing Information
---------------------------------------------------------------------------------
Loading part: xcu50-fsvh2104-2-e
INFO: [Synth 8-6742] Reading net delay rules and data
---------------------------------------------------------------------------------
Finished Loading Part and Timing Information : Time (s): cpu = 00:00:10 ; elapsed = 00:00:13 . Memory (MB): peak = 3245.652 ; gain = 379.090 ; free physical = 1850 ; free virtual = 6084
---------------------------------------------------------------------------------
---------------------------------------------------------------------------------
Start Applying 'set_property' XDC Constraints
---------------------------------------------------------------------------------
Applied set_property DONT_TOUCH = true for U0. (constraint file  /home/gabri-bot/Vivado_projects/myproject_kernel_ex/myproject_kernel_ex.runs/myproject_kernel_bd_dlmb_v10_0_synth_1/dont_touch.xdc, line 9).
---------------------------------------------------------------------------------
Finished applying 'set_property' XDC Constraints : Time (s): cpu = 00:00:10 ; elapsed = 00:00:13 . Memory (MB): peak = 3245.652 ; gain = 379.090 ; free physical = 1850 ; free virtual = 6084
---------------------------------------------------------------------------------
---------------------------------------------------------------------------------
Finished RTL Optimization Phase 2 : Time (s): cpu = 00:00:10 ; elapsed = 00:00:13 . Memory (MB): peak = 3245.652 ; gain = 379.090 ; free physical = 1837 ; free virtual = 6073
---------------------------------------------------------------------------------
---------------------------------------------------------------------------------
Start RTL Component Statistics 
---------------------------------------------------------------------------------
Detailed RTL Component Info : 
---------------------------------------------------------------------------------
Finished RTL Component Statistics 
---------------------------------------------------------------------------------
---------------------------------------------------------------------------------
Start Part Resource Summary
---------------------------------------------------------------------------------
Part Resources:
DSPs: 5952 (col length:93)
BRAMs: 2688 (col length: RAMB18 192 RAMB36 96)
---------------------------------------------------------------------------------
Finished Part Resource Summary
---------------------------------------------------------------------------------
---------------------------------------------------------------------------------
Start Cross Boundary and Area Optimization
---------------------------------------------------------------------------------
---------------------------------------------------------------------------------
Finished Cross Boundary and Area Optimization : Time (s): cpu = 00:00:11 ; elapsed = 00:00:14 . Memory (MB): peak = 3245.652 ; gain = 379.090 ; free physical = 1813 ; free virtual = 6053
---------------------------------------------------------------------------------
---------------------------------------------------------------------------------
Start Applying XDC Timing Constraints
---------------------------------------------------------------------------------
---------------------------------------------------------------------------------
Finished Applying XDC Timing Constraints : Time (s): cpu = 00:00:26 ; elapsed = 00:00:44 . Memory (MB): peak = 3553.980 ; gain = 687.418 ; free physical = 4532 ; free virtual = 8774
---------------------------------------------------------------------------------
---------------------------------------------------------------------------------
Start Timing Optimization
---------------------------------------------------------------------------------
---------------------------------------------------------------------------------
Finished Timing Optimization : Time (s): cpu = 00:00:26 ; elapsed = 00:00:44 . Memory (MB): peak = 3553.980 ; gain = 687.418 ; free physical = 4531 ; free virtual = 8773
---------------------------------------------------------------------------------
---------------------------------------------------------------------------------
Start Technology Mapping
---------------------------------------------------------------------------------
---------------------------------------------------------------------------------
Finished Technology Mapping : Time (s): cpu = 00:00:26 ; elapsed = 00:00:44 . Memory (MB): peak = 3573.012 ; gain = 706.449 ; free physical = 4525 ; free virtual = 8767
---------------------------------------------------------------------------------
---------------------------------------------------------------------------------
Start IO Insertion
---------------------------------------------------------------------------------
---------------------------------------------------------------------------------
Start Flattening Before IO Insertion
---------------------------------------------------------------------------------
---------------------------------------------------------------------------------
Finished Flattening Before IO Insertion
---------------------------------------------------------------------------------
---------------------------------------------------------------------------------
Start Final Netlist Cleanup
---------------------------------------------------------------------------------
---------------------------------------------------------------------------------
Finished Final Netlist Cleanup
---------------------------------------------------------------------------------
---------------------------------------------------------------------------------
Finished IO Insertion : Time (s): cpu = 00:00:28 ; elapsed = 00:00:46 . Memory (MB): peak = 3578.949 ; gain = 712.387 ; free physical = 4431 ; free virtual = 8673
---------------------------------------------------------------------------------
---------------------------------------------------------------------------------
Start Renaming Generated Instances
---------------------------------------------------------------------------------
---------------------------------------------------------------------------------
Finished Renaming Generated Instances : Time (s): cpu = 00:00:28 ; elapsed = 00:00:46 . Memory (MB): peak = 3578.949 ; gain = 712.387 ; free physical = 4431 ; free virtual = 8673
---------------------------------------------------------------------------------
---------------------------------------------------------------------------------
Start Rebuilding User Hierarchy
---------------------------------------------------------------------------------
---------------------------------------------------------------------------------
Finished Rebuilding User Hierarchy : Time (s): cpu = 00:00:28 ; elapsed = 00:00:46 . Memory (MB): peak = 3578.949 ; gain = 712.387 ; free physical = 4431 ; free virtual = 8673
---------------------------------------------------------------------------------
---------------------------------------------------------------------------------
Start Renaming Generated Ports
---------------------------------------------------------------------------------
---------------------------------------------------------------------------------
Finished Renaming Generated Ports : Time (s): cpu = 00:00:28 ; elapsed = 00:00:46 . Memory (MB): peak = 3578.949 ; gain = 712.387 ; free physical = 4431 ; free virtual = 8673
---------------------------------------------------------------------------------
---------------------------------------------------------------------------------
Start Handling Custom Attributes
---------------------------------------------------------------------------------
---------------------------------------------------------------------------------
Finished Handling Custom Attributes : Time (s): cpu = 00:00:28 ; elapsed = 00:00:46 . Memory (MB): peak = 3578.949 ; gain = 712.387 ; free physical = 4431 ; free virtual = 8673
---------------------------------------------------------------------------------
---------------------------------------------------------------------------------
Start Renaming Generated Nets
---------------------------------------------------------------------------------
---------------------------------------------------------------------------------
Finished Renaming Generated Nets : Time (s): cpu = 00:00:28 ; elapsed = 00:00:46 . Memory (MB): peak = 3578.949 ; gain = 712.387 ; free physical = 4431 ; free virtual = 8673
---------------------------------------------------------------------------------
---------------------------------------------------------------------------------
Start Writing Synthesis Report
---------------------------------------------------------------------------------

Report BlackBoxes: 
+-+--------------+----------+
| |BlackBox name |Instances |
+-+--------------+----------+
+-+--------------+----------+

Report Cell Usage: 
+------+-----+------+
|      |Cell |Count |
+------+-----+------+
|1     |LUT2 |     4|
|2     |LUT4 |    32|
|3     |FDS  |     1|
+------+-----+------+
---------------------------------------------------------------------------------
Finished Writing Synthesis Report : Time (s): cpu = 00:00:28 ; elapsed = 00:00:46 . Memory (MB): peak = 3578.949 ; gain = 712.387 ; free physical = 4431 ; free virtual = 8673
---------------------------------------------------------------------------------
Synthesis finished with 0 errors, 0 critical warnings and 0 warnings.
Synthesis Optimization Runtime : Time (s): cpu = 00:00:23 ; elapsed = 00:00:40 . Memory (MB): peak = 3578.949 ; gain = 532.730 ; free physical = 4465 ; free virtual = 8707
Synthesis Optimization Complete : Time (s): cpu = 00:00:28 ; elapsed = 00:00:46 . Memory (MB): peak = 3578.957 ; gain = 712.387 ; free physical = 4464 ; free virtual = 8706
INFO: [Project 1-571] Translating synthesized netlist
Netlist sorting complete. Time (s): cpu = 00:00:00 ; elapsed = 00:00:00 . Memory (MB): peak = 3578.957 ; gain = 0.000 ; free physical = 4471 ; free virtual = 8713
INFO: [Netlist 29-17] Analyzing 1 Unisim elements for replacement
INFO: [Netlist 29-28] Unisim Transformation completed in 0 CPU seconds
INFO: [Project 1-570] Preparing netlist for logic optimization
INFO: [Opt 31-138] Pushed 0 inverter(s) to 0 load pin(s).
Netlist sorting complete. Time (s): cpu = 00:00:00 ; elapsed = 00:00:00 . Memory (MB): peak = 3659.559 ; gain = 0.000 ; free physical = 4398 ; free virtual = 8638
INFO: [Project 1-111] Unisim Transformation Summary:
  A total of 1 instances were transformed.
  FDS => FDSE: 1 instance 

INFO: [Common 17-83] Releasing license: Synthesis
28 Infos, 0 Warnings, 0 Critical Warnings and 0 Errors encountered.
synth_design completed successfully
synth_design: Time (s): cpu = 00:00:40 ; elapsed = 00:01:01 . Memory (MB): peak = 3659.559 ; gain = 1510.359 ; free physical = 4536 ; free virtual = 8775
INFO: [Common 17-1381] The checkpoint '/home/gabri-bot/Vivado_projects/myproject_kernel_ex/myproject_kernel_ex.runs/myproject_kernel_bd_dlmb_v10_0_synth_1/myproject_kernel_bd_dlmb_v10_0.dcp' has been generated.
WARNING: [Common 17-576] 'use_project_ipc' is deprecated. This option is deprecated and no longer used.
INFO: [Coretcl 2-1648] Added synthesis output to IP cache for IP myproject_kernel_bd_dlmb_v10_0, cache-ID = b966276c4612d533
INFO: [Common 17-1381] The checkpoint '/home/gabri-bot/Vivado_projects/myproject_kernel_ex/myproject_kernel_ex.runs/myproject_kernel_bd_dlmb_v10_0_synth_1/myproject_kernel_bd_dlmb_v10_0.dcp' has been generated.
INFO: [runtcl-4] Executing : report_utilization -file myproject_kernel_bd_dlmb_v10_0_utilization_synth.rpt -pb myproject_kernel_bd_dlmb_v10_0_utilization_synth.pb
INFO: [Common 17-206] Exiting Vivado at Tue Nov 23 21:12:11 2021...
